<?xml version="1.0" encoding="UTF-8" ?>
<testsuite errors="0" failures="0" hostname="labpc123" name="org.DatabaseTest" skipped="0" tests="7" time="14.62" timestamp="2020-02-04T12:07:03">
  <properties>
    <property name="libs.jsp-compiler.javadoc" value="" />
    <property name="netbeans.autoupdate.country" value="GB" />
    <property name="nb.wait.for.caches" value="true" />
    <property name="javac.test.classpath" value="C:\Program Files\NetBeans 8.2\ide\modules\ext\mysql-connector-java-5.1.23-bin.jar:build/web/WEB-INF/classes:C:\Program Files\NetBeans 8.2\platform\modules\ext\junit-4.12.jar:C:\Program Files\NetBeans 8.2\platform\modules\ext\hamcrest-core-1.3.jar" />
    <property name="libs.jsf20.maven-pom" value="" />
    <property name="j2ee.copy.static.files.on.save" value="true" />
    <property name="libs.DataBindingME.src" value="C:\Program Files\NetBeans 8.2\mobility\sources\netbeans_databindingme-src.zip" />
    <property name="source.root" value="src" />
    <property name="do.display.browser" value="true" />
    <property name="libs.spring-webmvc4.0.src" value="" />
    <property name="ant.core.lib" value="C:\Program Files\NetBeans 8.2\extide\ant\lib\ant.jar" />
    <property name="javadoc.windowtitle" value="" />
    <property name="libs.jsp-compilation.javadoc" value="" />
    <property name="user.dir" value="C:\Users\jodielaurenson\Documents\NetBeansProjects\Craneware\Craneware Search" />
    <property name="libs.javaee-api-7.0.src" value="" />
    <property name="java.vm.version" value="25.181-b13" />
    <property name="libs.DataBindingME.classpath" value="C:\Program Files\NetBeans 8.2\mobility\modules\ext\netbeans_databindingme.jar" />
    <property name="libs.j2me_common_ant.src" value="" />
    <property name="libs.MySQLDriver.classpath" value="C:\Program Files\NetBeans 8.2\ide\modules\ext\mysql-connector-java-5.1.23-bin.jar" />
    <property name="no.dependencies" value="false" />
    <property name="libs.eclipselinkmodelgen.src" value="" />
    <property name="javadoc.notree" value="false" />
    <property name="lib.dir" value="web/WEB-INF/lib" />
    <property name="netbeans.autoupdate.version" value="1.23" />
    <property name="libs.EclipseLink-GlassFish-v3.classpath" value="C:\Program Files\glassfish-4.1.1\glassfish\modules\org.eclipse.persistence.antlr.jar;C:\Program Files\glassfish-4.1.1\glassfish\modules\org.eclipse.persistence.asm.jar;C:\Program Files\glassfish-4.1.1\glassfish\modules\org.eclipse.persistence.core.jar;C:\Program Files\glassfish-4.1.1\glassfish\modules\org.eclipse.persistence.dbws.jar;C:\Program Files\glassfish-4.1.1\glassfish\modules\org.eclipse.persistence.jpa.jar;C:\Program Files\glassfish-4.1.1\glassfish\modules\org.eclipse.persistence.jpa.jpql.jar;C:\Program Files\glassfish-4.1.1\glassfish\modules\org.eclipse.persistence.jpa.modelgen.processor.jar;C:\Program Files\glassfish-4.1.1\glassfish\modules\org.eclipse.persistence.moxy.jar;C:\Program Files\glassfish-4.1.1\glassfish\modules\org.eclipse.persistence.oracle.jar;C:\Program Files\glassfish-4.1.1\glassfish\modules\javax.persistence.jar" />
    <property name="libs.javaee-web-api-6.0.classpath" value="C:\Program Files\NetBeans 8.2\enterprise\modules\ext\javaee-web-api-6.0.jar" />
    <property name="libs.DataBindingME-PIM.maven-pom" value="" />
    <property name="libs.Java-EE-GlassFish-v3-Prelude.javadoc" value="C:\Program Files\NetBeans 8.2\enterprise\docs\javaee-doc-api.jar" />
    <property name="jdk.home" value="c:\jdk1.8.0_181" />
    <property name="libs.javac-api.src" value="" />
    <property name="javadoc.noindex" value="false" />
    <property name="libs.jpa2-persistence.classpath" value="C:\Program Files\NetBeans 8.2\java\modules\ext\hibernate4\hibernate-jpa-2.1-api-1.0.0.Final.jar" />
    <property name="sun.os.patch.level" value="" />
    <property name="libs.Java-EE-GlassFish-v3-Prelude.src" value="" />
    <property name="do.tmp.war.package" value="true" />
    <property name="java.vm.specification.name" value="Java Virtual Machine Specification" />
    <property name="nb.show.statistics.ui" value="usageStatisticsEnabled" />
    <property name="netbeans.autoupdate.variant" value="" />
    <property name="have.tests" value="true" />
    <property name="org.xml.sax.driver" value="com.sun.org.apache.xerces.internal.jaxp.SAXParserImpl$JAXPSAXParser" />
    <property name="libs.hamcrest.classpath" value="C:\Program Files\NetBeans 8.2\platform\modules\ext\hamcrest-core-1.3.jar" />
    <property name="j2ee.server.instance" value="[C:\Program Files\glassfish-4.1.1\glassfish;C:\Program Files\glassfish-4.1.1\glassfish\domains\domain1]deployer:gfv3ee6wc:localhost:4848" />
    <property name="libs.javac-api.javadoc" value="" />
    <property name="os.name" value="Windows 10" />
    <property name="libs.beans-binding.classpath" value="C:\Program Files\NetBeans 8.2\java\modules\ext\beansbinding-1.2.1.jar" />
    <property name="libs.javaee-endorsed-api-7.0.maven-pom" value="" />
    <property name="ap.proc.none.internal" value="" />
    <property name="libs.DataBindingME-SVG.javadoc" value="C:\Program Files\NetBeans 8.2\mobility\modules\docs\netbeans_databindingme_svg-api.zip" />
    <property name="libs.restapi.javadoc" value="" />
    <property name="libs.JWSAntTasks.maven-pom" value="" />
    <property name="libs.jstl.classpath" value="C:\Program Files\NetBeans 8.2\enterprise\modules\ext\jstl-impl.jar;C:\Program Files\NetBeans 8.2\enterprise\modules\ext\jstl-api.jar" />
    <property name="libs.testng.src" value="" />
    <property name="libs.spring-webmvc3.0.src" value="" />
    <property name="libs.restapi.classpath" value="C:\Program Files\NetBeans 8.2\enterprise\modules\ext\jaxrs-2.0\javax.ws.rs-api-2.0.jar" />
    <property name="runmain.jvmargs" value="" />
    <property name="java.vendor.url.bug" value="http://bugreport.sun.com/bugreport/" />
    <property name="libs.jaxb.maven-pom" value="" />
    <property name="os.arch" value="amd64" />
    <property name="libs.eclipselink.src" value="" />
    <property name="user.name" value="jodielaurenson" />
    <property name="j2ee.compile.on.save" value="true" />
    <property name="libs.jsf12.javadoc" value="C:\Program Files\NetBeans 8.2\enterprise\docs\javaee-doc-api.jar" />
    <property name="libs.Comet-GlassFish-v3.javadoc" value="" />
    <property name="libs.j2me_common_ant.maven-pom" value="" />
    <property name="libs.spring-webmvc3.0.maven-pom" value="" />
    <property name="libs.swing-layout.maven-pom" value="" />
    <property name="sun.java.command" value="org.apache.tools.ant.taskdefs.optional.junit.JUnitTestRunner org.DatabaseTest skipNonTests=false filtertrace=true haltOnError=false haltOnFailure=false showoutput=true outputtoformatters=true logfailedtests=true threadid=0 logtestlistenerevents=true formatter=org.apache.tools.ant.taskdefs.optional.junit.BriefJUnitResultFormatter formatter=org.apache.tools.ant.taskdefs.optional.junit.XMLJUnitResultFormatter,C:\Users\jodielaurenson\Documents\NetBeansProjects\Craneware\Craneware Search\build\test\results\TEST-org.DatabaseTest.xml crashfile=C:\Users\jodielaurenson\Documents\NetBeansProjects\Craneware\Craneware Search\build\junitvmwatcher5338597568544089620.properties propsfile=C:\Users\jodielaurenson\Documents\NetBeansProjects\Craneware\Craneware Search\build\junit4124599311688888585.properties" />
    <property name="build.classes.dir" value="build/web/WEB-INF/classes" />
    <property name="netbeans.accept_license_class" value="org.netbeans.license.AcceptLicense" />
    <property name="ap.supported.internal" value="true" />
    <property name="libs.javaee-endorsed-api-7.0.javadoc" value="C:\Program Files\NetBeans 8.2\enterprise\docs\javaee-doc-api.jar" />
    <property name="libs.jaxws21.javadoc" value="C:\Program Files\NetBeans 8.2\java\docs\jaxws-api-doc.zip" />
    <property name="libs.spring-webmvc4.0.javadoc" value="" />
    <property name="build.web.excludes" value="**/*.java,**/*.form" />
    <property name="includes" value="**" />
    <property name="j2ee.platform.wsimport.classpath" value="C:/Program Files/glassfish-4.1.1/glassfish/modules/webservices-osgi.jar:C:/Program Files/glassfish-4.1.1/glassfish/modules/endorsed/webservices-api-osgi.jar:C:/Program Files/glassfish-4.1.1/glassfish/modules/jaxb-osgi.jar:C:/Program Files/glassfish-4.1.1/glassfish/modules/endorsed/jaxb-api.jar" />
    <property name="browser.context" value="C:\Users\jodielaurenson\Documents\NetBeansProjects\Craneware\Craneware Search" />
    <property name="user.country" value="GB" />
    <property name="javadoc.encoding" value="UTF-8" />
    <property name="javac.classpath" value="C:\Program Files\NetBeans 8.2\ide\modules\ext\mysql-connector-java-5.1.23-bin.jar" />
    <property name="libs.jsp-compilation-syscp.src" value="" />
    <property name="libs.JAVADB_DRIVER_LABEL.src" value="" />
    <property name="libs.spring-framework400.classpath" value="C:\Program Files\NetBeans 8.2\ide\modules\org-apache-commons-logging.jar;C:\Program Files\NetBeans 8.2\java\modules\ext\cglib-2.2.jar;C:\Program Files\NetBeans 8.2\java\modules\ext\spring-4\spring-aop-4.0.1.RELEASE.jar;C:\Program Files\NetBeans 8.2\java\modules\ext\spring-4\spring-aspects-4.0.1.RELEASE.jar;C:\Program Files\NetBeans 8.2\java\modules\ext\spring-4\spring-beans-4.0.1.RELEASE.jar;C:\Program Files\NetBeans 8.2\java\modules\ext\spring-4\spring-build-src-4.0.1.RELEASE.jar;C:\Program Files\NetBeans 8.2\java\modules\ext\spring-4\spring-context-4.0.1.RELEASE.jar;C:\Program Files\NetBeans 8.2\java\modules\ext\spring-4\spring-context-support-4.0.1.RELEASE.jar;C:\Program Files\NetBeans 8.2\java\modules\ext\spring-4\spring-core-4.0.1.RELEASE.jar;C:\Program Files\NetBeans 8.2\java\modules\ext\spring-4\spring-expression-4.0.1.RELEASE.jar;C:\Program Files\NetBeans 8.2\java\modules\ext\spring-4\spring-framework-bom-4.0.1.RELEASE.jar;C:\Program Files\NetBeans 8.2\java\modules\ext\spring-4\spring-instrument-4.0.1.RELEASE.jar;C:\Program Files\NetBeans 8.2\java\modules\ext\spring-4\spring-instrument-tomcat-4.0.1.RELEASE.jar;C:\Program Files\NetBeans 8.2\java\modules\ext\spring-4\spring-jdbc-4.0.1.RELEASE.jar;C:\Program Files\NetBeans 8.2\java\modules\ext\spring-4\spring-jms-4.0.1.RELEASE.jar;C:\Program Files\NetBeans 8.2\java\modules\ext\spring-4\spring-messaging-4.0.1.RELEASE.jar;C:\Program Files\NetBeans 8.2\java\modules\ext\spring-4\spring-orm-4.0.1.RELEASE.jar;C:\Program Files\NetBeans 8.2\java\modules\ext\spring-4\spring-oxm-4.0.1.RELEASE.jar;C:\Program Files\NetBeans 8.2\java\modules\ext\spring-4\spring-test-4.0.1.RELEASE.jar;C:\Program Files\NetBeans 8.2\java\modules\ext\spring-4\spring-tx-4.0.1.RELEASE.jar;C:\Program Files\NetBeans 8.2\java\modules\ext\spring-4\spring-web-4.0.1.RELEASE.jar;C:\Program Files\NetBeans 8.2\java\modules\ext\spring-4\spring-webmvc-4.0.1.RELEASE.jar;C:\Program Files\NetBeans 8.2\java\modules\ext\spring-4\spring-webmvc-portlet-4.0.1.RELEASE.jar;C:\Program Files\NetBeans 8.2\java\modules\ext\spring-4\spring-websocket-4.0.1.RELEASE.jar" />
    <property name="do.debug.server" value="true" />
    <property name="debug-transport" value="dt_shmem" />
    <property name="netbeans.home" value="C:\Program Files\NetBeans 8.2\platform" />
    <property name="build.compiler.emacs" value="true" />
    <property name="libs.javaee-web-api-6.0.src" value="" />
    <property name="libs.jsp-compilation-syscp.classpath" value="C:\Program Files\NetBeans 8.2\extide\ant\lib\ant.jar;C:\Program Files\NetBeans 8.2\enterprise\modules\ext\servlet3.1-jsp2.3-api.jar;C:\Program Files\NetBeans 8.2\enterprise\modules\ext\glassfish-jspparser-4.0.jar;C:\Program Files\NetBeans 8.2\enterprise\modules\ext\jstl-impl.jar;C:\Program Files\NetBeans 8.2\enterprise\modules\ext\jsf-2_2\javax.faces.jar" />
    <property name="nu.validator.checker.imageCandidateString.hasWidth" value="0" />
    <property name="java.endorsed.dirs" value="c:\jdk1.8.0_181\jre\lib\endorsed" />
    <property name="libs.Comet-GlassFish-v3.maven-pom" value="" />
    <property name="libs.groovy-all.src" value="" />
    <property name="netbeans.dynamic.classpath" value="C:\Program Files\NetBeans 8.2\platform\core\asm-all-5.0.1.jar;C:\Program Files\NetBeans 8.2\platform\core\core-base.jar;C:\Program Files\NetBeans 8.2\platform\core\core.jar;C:\Program Files\NetBeans 8.2\platform\core\org-netbeans-libs-asm.jar;C:\Program Files\NetBeans 8.2\platform\core\org-openide-filesystems-compat8.jar;C:\Program Files\NetBeans 8.2\platform\core\org-openide-filesystems.jar;C:\Program Files\NetBeans 8.2\platform\core\locale\core-base_ja.jar;C:\Program Files\NetBeans 8.2\platform\core\locale\core-base_pt_BR.jar;C:\Program Files\NetBeans 8.2\platform\core\locale\core-base_ru.jar;C:\Program Files\NetBeans 8.2\platform\core\locale\core-base_zh_CN.jar;C:\Program Files\NetBeans 8.2\platform\core\locale\core_ja.jar;C:\Program Files\NetBeans 8.2\platform\core\locale\core_pt_BR.jar;C:\Program Files\NetBeans 8.2\platform\core\locale\core_ru.jar;C:\Program Files\NetBeans 8.2\platform\core\locale\core_zh_CN.jar;C:\Program Files\NetBeans 8.2\platform\core\locale\org-netbeans-libs-asm_ja.jar;C:\Program Files\NetBeans 8.2\platform\core\locale\org-netbeans-libs-asm_pt_BR.jar;C:\Program Files\NetBeans 8.2\platform\core\locale\org-netbeans-libs-asm_ru.jar;C:\Program Files\NetBeans 8.2\platform\core\locale\org-netbeans-libs-asm_zh_CN.jar;C:\Program Files\NetBeans 8.2\platform\core\locale\org-openide-filesystems-compat8_ja.jar;C:\Program Files\NetBeans 8.2\platform\core\locale\org-openide-filesystems-compat8_pt_BR.jar;C:\Program Files\NetBeans 8.2\platform\core\locale\org-openide-filesystems-compat8_ru.jar;C:\Program Files\NetBeans 8.2\platform\core\locale\org-openide-filesystems-compat8_zh_CN.jar;C:\Program Files\NetBeans 8.2\platform\core\locale\org-openide-filesystems_ja.jar;C:\Program Files\NetBeans 8.2\platform\core\locale\org-openide-filesystems_pt_BR.jar;C:\Program Files\NetBeans 8.2\platform\core\locale\org-openide-filesystems_ru.jar;C:\Program Files\NetBeans 8.2\platform\core\locale\org-openide-filesystems_zh_CN.jar;C:\Program Files\NetBeans 8.2\nb\core\org-netbeans-upgrader.jar;C:\Program Files\NetBeans 8.2\nb\core\locale\core_nb.jar;C:\Program Files\NetBeans 8.2\nb\core\locale\core_nb_ja.jar;C:\Program Files\NetBeans 8.2\nb\core\locale\core_nb_pt_BR.jar;C:\Program Files\NetBeans 8.2\nb\core\locale\core_nb_ru.jar;C:\Program Files\NetBeans 8.2\nb\core\locale\core_nb_zh_CN.jar;C:\Program Files\NetBeans 8.2\nb\core\locale\org-netbeans-upgrader_ja.jar;C:\Program Files\NetBeans 8.2\nb\core\locale\org-netbeans-upgrader_pt_BR.jar;C:\Program Files\NetBeans 8.2\nb\core\locale\org-netbeans-upgrader_ru.jar;C:\Program Files\NetBeans 8.2\nb\core\locale\org-netbeans-upgrader_zh_CN.jar" />
    <property name="java.vm.specification.version" value="1.8" />
    <property name="libs.hibernate4-support.src" value="" />
    <property name="libs.primefaces.classpath" value="C:\Program Files\NetBeans 8.2\enterprise\modules\ext\primefaces\primefaces-5.0.jar" />
    <property name="libs.javaee-api-6.0.classpath" value="C:\Program Files\NetBeans 8.2\enterprise\modules\ext\javaee-api-6.0.jar" />
    <property name="libs.groovy-all.maven-pom" value="" />
    <property name="netbeans.productversion" value="NetBeans IDE 8.2 (Build 201609300101)" />
    <property name="libs.jaxws21.src" value="" />
    <property name="do.war.package.with.custom.manifest" value="true" />
    <property name="netbeans.autoupdate.language" value="en" />
    <property name="java.vendor" value="Oracle Corporation" />
    <property name="libs.javaee-api-6.0.javadoc" value="C:\Program Files\NetBeans 8.2\enterprise\docs\javaee-doc-api.jar" />
    <property name="javac.debug" value="true" />
    <property name="javadoc.splitindex" value="true" />
    <property name="file.separator" value="\" />
    <property name="libs.Java-EE-GlassFish-v3-Prelude.maven-pom" value="" />
    <property name="libs.junit_4.maven-pom" value="" />
    <property name="resource.dir" value="setup" />
    <property name="javac.test.processorpath" value="C:\Program Files\NetBeans 8.2\ide\modules\ext\mysql-connector-java-5.1.23-bin.jar:build/web/WEB-INF/classes:C:\Program Files\NetBeans 8.2\platform\modules\ext\junit-4.12.jar:C:\Program Files\NetBeans 8.2\platform\modules\ext\hamcrest-core-1.3.jar" />
    <property name="netbeans.buildnumber" value="201609300101" />
    <property name="libs.JWSAntTasks.javadoc" value="" />
    <property name="build.generated.sources.dir" value="build/generated-sources" />
    <property name="user.variant" value="" />
    <property name="libs.eclipselinkmodelgen.classpath" value="C:\Program Files\NetBeans 8.2\java\modules\ext\eclipselink\org.eclipse.persistence.jpa.modelgen_2.5.2.v20140319-9ad6abd.jar" />
    <property name="libs.javaee-endorsed-api-7.0.src" value="" />
    <property name="sun.java.launcher" value="SUN_STANDARD" />
    <property name="libs.hibernate4-persistencemodelgen.javadoc" value="" />
    <property name="libs.jaxb.javadoc" value="C:\Program Files\NetBeans 8.2\ide\docs\jaxb-api-doc.zip" />
    <property name="libs.struts.classpath" value="C:\Program Files\NetBeans 8.2\enterprise\modules\ext\struts\antlr-2.7.2.jar;C:\Program Files\NetBeans 8.2\enterprise\modules\ext\struts\bsf-2.3.0.jar;C:\Program Files\NetBeans 8.2\enterprise\modules\ext\struts\commons-beanutils-1.8.0.jar;C:\Program Files\NetBeans 8.2\enterprise\modules\ext\struts\commons-chain-1.2.jar;C:\Program Files\NetBeans 8.2\enterprise\modules\ext\struts\commons-digester-1.8.jar;C:\Program Files\NetBeans 8.2\enterprise\modules\ext\struts\commons-fileupload-1.1.1.jar;C:\Program Files\NetBeans 8.2\enterprise\modules\ext\struts\commons-io-1.1.jar;C:\Program Files\NetBeans 8.2\enterprise\modules\ext\struts\commons-logging-1.0.4.jar;C:\Program Files\NetBeans 8.2\enterprise\modules\ext\struts\commons-validator-1.3.1.jar;C:\Program Files\NetBeans 8.2\enterprise\modules\ext\struts\jstl-1.0.2.jar;C:\Program Files\NetBeans 8.2\enterprise\modules\ext\struts\oro-2.0.8.jar;C:\Program Files\NetBeans 8.2\enterprise\modules\ext\struts\standard-1.0.6.jar;C:\Program Files\NetBeans 8.2\enterprise\modules\ext\struts\struts-core-1.3.10.jar;C:\Program Files\NetBeans 8.2\enterprise\modules\ext\struts\struts-el-1.3.10.jar;C:\Program Files\NetBeans 8.2\enterprise\modules\ext\struts\struts-extras-1.3.10.jar;C:\Program Files\NetBeans 8.2\enterprise\modules\ext\struts\struts-faces-1.3.10.jar;C:\Program Files\NetBeans 8.2\enterprise\modules\ext\struts\struts-mailreader-dao-1.3.10.jar;C:\Program Files\NetBeans 8.2\enterprise\modules\ext\struts\struts-scripting-1.3.10.jar;C:\Program Files\NetBeans 8.2\enterprise\modules\ext\struts\struts-taglib-1.3.10.jar;C:\Program Files\NetBeans 8.2\enterprise\modules\ext\struts\struts-tiles-1.3.10.jar" />
    <property name="application.args.param" value="" />
    <property name="org.openide.awt.SwingBrowserImpl.do-not-block-awt" value="false" />
    <property name="ant.home" value="C:\Program Files\NetBeans 8.2\extide\ant" />
    <property name="libs.junit_4.src" value="C:\Program Files\NetBeans 8.2\platform\docs\junit-4.12-sources.jar" />
    <property name="libs.testng.classpath" value="C:\Program Files\NetBeans 8.2\platform\modules\ext\testng-6.8.1-dist.jar" />
    <property name="conf.dir" value="src/conf" />
    <property name="webinf.dir" value="web/WEB-INF" />
    <property name="libs.absolutelayout.maven-pom" value="" />
    <property name="ant.java.version" value="1.8" />
    <property name="java.library.path" value="c:\jdk1.8.0_181\jre\bin;C:\Windows\Sun\Java\bin;C:\Windows\system32;C:\Windows;C:\Python37\Scripts\;C:\Python37\;C:\Windows\system32;C:\Windows;C:\Windows\System32\Wbem;C:\Windows\System32\WindowsPowerShell\v1.0\;C:\Windows\System32\OpenSSH\;C:\Program Files (x86)\Intel\Intel(R) Management Engine Components\DAL;C:\Program Files\Intel\Intel(R) Management Engine Components\DAL;C:\Program Files\dotnet\;C:\Program Files\Microsoft SQL Server\130\Tools\Binn\;C:\Program Files\Microsoft SQL Server\Client SDK\ODBC\170\Tools\Binn\;C:\Program Files (x86)\IncrediBuild;C:\Program Files (x86)\Microsoft SQL Server\110\DTS\Binn\;C:\Program Files (x86)\Microsoft SQL Server\120\DTS\Binn\;C:\Program Files (x86)\Microsoft SQL Server\130\DTS\Binn\;C:\Program Files (x86)\Microsoft SQL Server\140\DTS\Binn\;C:\Program Files (x86)\Microsoft SQL Server\150\DTS\Binn\;C:\jdk-11.0.2\bin;C:\Program Files\nodejs\;C:\Program Files\PuTTY\;C:\Program Files\MATLAB\R2019a\runtime\win64;C:\Program Files\MATLAB\R2019a\bin;C:\Program Files\MiKTeX 2.9\miktex\bin\x64\;C:\Program Files\Microsoft VS Code\bin;C:\Atom x64;C:\Program Files\Git\cmd;C:\Ruby25-x64\bin;C:\Program Files\IBM\SPSS\Statistics\25\JRE\bin;C:\Users\jodielaurenson\AppData\Local\Microsoft\WindowsApps;;." />
    <property name="javadoc.author" value="false" />
    <property name="libs.metro.maven-pom" value="" />
    <property name="libs.EclipseLink-GlassFish-v3.src" value="" />
    <property name="java.util.logging.config.class" value="org.netbeans.core.startup.TopLogging" />
    <property name="libs.spring-framework400.src" value="" />
    <property name="libs.PostgreSQLDriver.src" value="" />
    <property name="ant.file.type.Craneware_Search-impl" value="file" />
    <property name="sun.arch.data.model" value="64" />
    <property name="basedir" value="C:\Users\jodielaurenson\Documents\NetBeansProjects\Craneware\Craneware Search" />
    <property name="libs.jpa20-persistence.maven-pom" value="" />
    <property name="jar.compress" value="false" />
    <property name="libs.javaee-web-api-7.0.classpath" value="C:\Program Files\NetBeans 8.2\enterprise\modules\ext\javaee-web-api-7.0.jar" />
    <property name="path.separator" value=";" />
    <property name="dist.war" value="dist/Craneware_Search.war" />
    <property name="libs.javaee-web-api-6.0.javadoc" value="C:\Program Files\NetBeans 8.2\enterprise\docs\javaee-doc-api.jar" />
    <property name="ant.junit.enabletestlistenerevents" value="true" />
    <property name="sun.io.unicode.encoding" value="UnicodeLittle" />
    <property name="libs.jaxws21.classpath" value="C:\Program Files\NetBeans 8.2\ide\modules\ext\jaxb\jaxb-impl.jar;C:\Program Files\NetBeans 8.2\ide\modules\ext\jaxb\jaxb-xjc.jar;C:\Program Files\NetBeans 8.2\java\modules\ext\jaxws22\FastInfoset.jar;C:\Program Files\NetBeans 8.2\java\modules\ext\jaxws22\gmbal-api-only.jar;C:\Program Files\NetBeans 8.2\java\modules\ext\jaxws22\ha-api.jar;C:\Program Files\NetBeans 8.2\java\modules\ext\jaxws22\javax.mail_1.4.jar;C:\Program Files\NetBeans 8.2\java\modules\ext\jaxws22\jaxws-rt.jar;C:\Program Files\NetBeans 8.2\java\modules\ext\jaxws22\jaxws-tools.jar;C:\Program Files\NetBeans 8.2\java\modules\ext\jaxws22\management-api.jar;C:\Program Files\NetBeans 8.2\java\modules\ext\jaxws22\mimepull.jar;C:\Program Files\NetBeans 8.2\java\modules\ext\jaxws22\policy.jar;C:\Program Files\NetBeans 8.2\java\modules\ext\jaxws22\saaj-impl.jar;C:\Program Files\NetBeans 8.2\java\modules\ext\jaxws22\stax-ex.jar;C:\Program Files\NetBeans 8.2\java\modules\ext\jaxws22\stax2-api.jar;C:\Program Files\NetBeans 8.2\java\modules\ext\jaxws22\streambuffer.jar;C:\Program Files\NetBeans 8.2\java\modules\ext\jaxws22\woodstox-core-asl.jar;C:\Program Files\NetBeans 8.2\java\modules\ext\jaxws22\api\jaxws-api.jar;C:\Program Files\NetBeans 8.2\java\modules\ext\jaxws22\api\jsr181-api.jar;C:\Program Files\NetBeans 8.2\java\modules\ext\jaxws22\api\javax.annotation.jar;C:\Program Files\NetBeans 8.2\java\modules\ext\jaxws22\api\saaj-api.jar;C:\Program Files\NetBeans 8.2\ide\modules\ext\jaxb\activation.jar;C:\Program Files\NetBeans 8.2\ide\modules\ext\jaxb\api\jaxb-api.jar;C:\Program Files\NetBeans 8.2\ide\modules\ext\jaxb\api\jsr173_1.0_api.jar" />
    <property name="libs.struts.src" value="" />
    <property name="apple.awt.graphics.UseQuartz" value="true" />
    <property name="user.language" value="en" />
    <property name="j2ee.platform.classpath" value="C:/Program Files/glassfish-4.1.1/glassfish/modules/endorsed/javax.annotation-api.jar:C:/Program Files/glassfish-4.1.1/glassfish/modules/endorsed/jaxb-api.jar:C:/Program Files/glassfish-4.1.1/glassfish/modules/endorsed/webservices-api-osgi.jar:C:/Program Files/glassfish-4.1.1/glassfish/modules/bean-validator.jar:C:/Program Files/glassfish-4.1.1/glassfish/modules/cdi-api.jar:C:/Program Files/glassfish-4.1.1/glassfish/modules/javax.batch-api.jar:C:/Program Files/glassfish-4.1.1/glassfish/modules/javax.ejb-api.jar:C:/Program Files/glassfish-4.1.1/glassfish/modules/javax.el.jar:C:/Program Files/glassfish-4.1.1/glassfish/modules/javax.enterprise.concurrent-api.jar:C:/Program Files/glassfish-4.1.1/glassfish/modules/javax.enterprise.concurrent.jar:C:/Program Files/glassfish-4.1.1/glassfish/modules/javax.enterprise.deploy-api.jar:C:/Program Files/glassfish-4.1.1/glassfish/modules/javax.faces.jar:C:/Program Files/glassfish-4.1.1/glassfish/modules/javax.inject.jar:C:/Program Files/glassfish-4.1.1/glassfish/modules/javax.interceptor-api.jar:C:/Program Files/glassfish-4.1.1/glassfish/modules/javax.jms-api.jar:C:/Program Files/glassfish-4.1.1/glassfish/modules/javax.json.jar:C:/Program Files/glassfish-4.1.1/glassfish/modules/javax.mail.jar:C:/Program Files/glassfish-4.1.1/glassfish/modules/javax.management.j2ee-api.jar:C:/Program Files/glassfish-4.1.1/glassfish/modules/javax.persistence.jar:C:/Program Files/glassfish-4.1.1/glassfish/modules/javax.resource-api.jar:C:/Program Files/glassfish-4.1.1/glassfish/modules/javax.security.auth.message-api.jar:C:/Program Files/glassfish-4.1.1/glassfish/modules/javax.security.jacc-api.jar:C:/Program Files/glassfish-4.1.1/glassfish/modules/javax.servlet-api.jar:C:/Program Files/glassfish-4.1.1/glassfish/modules/javax.servlet.jsp-api.jar:C:/Program Files/glassfish-4.1.1/glassfish/modules/javax.servlet.jsp.jar:C:/Program Files/glassfish-4.1.1/glassfish/modules/javax.servlet.jsp.jstl-api.jar:C:/Program Files/glassfish-4.1.1/glassfish/modules/javax.servlet.jsp.jstl.jar:C:/Program Files/glassfish-4.1.1/glassfish/modules/javax.transaction-api.jar:C:/Program Files/glassfish-4.1.1/glassfish/modules/javax.websocket-api.jar:C:/Program Files/glassfish-4.1.1/glassfish/modules/javax.ws.rs-api.jar:C:/Program Files/glassfish-4.1.1/glassfish/modules/javax.xml.registry-api.jar:C:/Program Files/glassfish-4.1.1/glassfish/modules/javax.xml.rpc-api.jar:C:/Program Files/glassfish-4.1.1/glassfish/modules/jaxb-osgi.jar:C:/Program Files/glassfish-4.1.1/glassfish/modules/webservices-osgi.jar:C:/Program Files/glassfish-4.1.1/glassfish/modules/weld-osgi-bundle.jar:C:/Program Files/glassfish-4.1.1/mq/lib/jaxm-api.jar" />
    <property name="testng.mode" value="testng" />
    <property name="libs.JAXB-ENDORSED.maven-pom" value="" />
    <property name="libs.eclipselink.maven-pom" value="" />
    <property name="build.meta.inf.dir" value="build/web/META-INF" />
    <property name="persistence.xml.dir" value="src/conf" />
    <property name="test.binaryincludes" value="&lt;nothing&gt;" />
    <property name="libs.primefaces.javadoc" value="" />
    <property name="libs.spring-framework300.maven-pom" value="" />
    <property name="run.test.classpath" value="C:\Program Files\NetBeans 8.2\ide\modules\ext\mysql-connector-java-5.1.23-bin.jar:build/web/WEB-INF/classes:C:\Program Files\NetBeans 8.2\platform\modules\ext\junit-4.12.jar:C:\Program Files\NetBeans 8.2\platform\modules\ext\hamcrest-core-1.3.jar:build/test/classes" />
    <property name="ant.project.invoked-targets" value="test" />
    <property name="test.binaryexcludes" value="" />
    <property name="libs.swing-layout.javadoc" value="C:\Program Files\NetBeans 8.2\platform\docs\swing-layout-1.0.4-doc.zip" />
    <property name="sun.java2d.dpiaware" value="true" />
    <property name="libs.hibernate4-persistence.maven-pom" value="" />
    <property name="jspc.schemas" value="/resources/schemas/" />
    <property name="libs.DataBindingME-SVG.classpath" value="C:\Program Files\NetBeans 8.2\mobility\modules\ext\netbeans_databindingme_svg.jar" />
    <property name="https.nonProxyHosts" value="localhost|127.0.0.1|labpc123" />
    <property name="libs.PostgreSQLDriver.maven-pom" value="" />
    <property name="java.class.version" value="52.0" />
    <property name="libs.JAVADB_DRIVER_LABEL.classpath" value="C:\Program Files\glassfish-4.1.1\javadb\lib\derby.jar;C:\Program Files\glassfish-4.1.1\javadb\lib\derbyclient.jar;C:\Program Files\glassfish-4.1.1\javadb\lib\derbynet.jar" />
    <property name="libs.hibernate4-persistencemodelgen.maven-pom" value="" />
    <property name="libs.javaee-endorsed-api-6.0.src" value="" />
    <property name="ant.file.type.Craneware_Search" value="file" />
    <property name="libs.eclipselink.javadoc" value="C:\Program Files\NetBeans 8.2\java\modules\ext\docs\javax.persistence-2.1.0-doc.zip" />
    <property name="libs.jsp-compilation.maven-pom" value="" />
    <property name="user.properties.file" value="C:\Users\jodielaurenson\AppData\Roaming\NetBeans\8.2\build.properties" />
    <property name="build.web.dir" value="build/web" />
    <property name="libs.javac-api.maven-pom" value="" />
    <property name="file.encoding.pkg" value="sun.io" />
    <property name="sun.cpu.endian" value="little" />
    <property name="libs.JAXB-ENDORSED.javadoc" value="" />
    <property name="j2ee.server.middleware" value="C:/Program Files/glassfish-4.1.1" />
    <property name="libs.JWSAntTasks.classpath" value="C:\Program Files\NetBeans 8.2\java\ant\extra\org-netbeans-modules-javawebstart-anttasks.jar" />
    <property name="libs.spring-webmvc4.0.maven-pom" value="" />
    <property name="libs.spring-framework300.src" value="" />
    <property name="libs.jstl.src" value="" />
    <property name="empty.dir" value="C:\Users\jodielaurenson\Documents\NetBeansProjects\Craneware\Craneware Search\build\empty" />
    <property name="display.browser" value="true" />
    <property name="version-output" value="java version &quot;1.8" />
    <property name="test.binarytestincludes" value="" />
    <property name="libs.hibernate4-persistencemodelgen.src" value="" />
    <property name="javadoc.preview" value="true" />
    <property name="libs.jpa20-persistence.javadoc" value="C:\Program Files\NetBeans 8.2\java\modules\ext\docs\javax.persistence-2.1.0-doc.zip" />
    <property name="java.home" value="c:\jdk1.8.0_181\jre" />
    <property name="libs.jsp-compilation.src" value="" />
    <property name="debug.test.classpath" value="C:\Program Files\NetBeans 8.2\ide\modules\ext\mysql-connector-java-5.1.23-bin.jar:build/web/WEB-INF/classes:C:\Program Files\NetBeans 8.2\platform\modules\ext\junit-4.12.jar:C:\Program Files\NetBeans 8.2\platform\modules\ext\hamcrest-core-1.3.jar:build/test/classes" />
    <property name="libs.javaee-endorsed-api-6.0.classpath" value="C:\Program Files\NetBeans 8.2\enterprise\modules\ext\javaee6-endorsed\javax.annotation.jar;C:\Program Files\NetBeans 8.2\enterprise\modules\ext\javaee6-endorsed\jaxb-api-osgi.jar;C:\Program Files\NetBeans 8.2\enterprise\modules\ext\javaee6-endorsed\webservices-api-osgi.jar" />
    <property name="libs.javaee-api-6.0.src" value="" />
    <property name="netbeans.importclass" value="org.netbeans.upgrade.AutoUpgrade" />
    <property name="ant.project.default-target" value="default" />
    <property name="annotation.processing.run.all.processors" value="true" />
    <property name="libs.DataBindingME.maven-pom" value="" />
    <property name="libs.PostgreSQLDriver.javadoc" value="" />
    <property name="libs.restlib.classpath" value="C:\Program Files\NetBeans 8.2\enterprise\modules\ext\jersey2\ext\asm-all-repackaged-2.2.0-b21.jar;C:\Program Files\NetBeans 8.2\enterprise\modules\ext\jersey2\ext\cglib-2.2.0-b21.jar;C:\Program Files\NetBeans 8.2\enterprise\modules\ext\jersey2\ext\guava-14.0.1.jar;C:\Program Files\NetBeans 8.2\enterprise\modules\ext\jersey2\ext\hk2-api-2.2.0-b21.jar;C:\Program Files\NetBeans 8.2\enterprise\modules\ext\jersey2\ext\hk2-locator-2.2.0-b21.jar;C:\Program Files\NetBeans 8.2\enterprise\modules\ext\jersey2\ext\hk2-utils-2.2.0-b21.jar;C:\Program Files\NetBeans 8.2\enterprise\modules\ext\jersey2\ext\javax.annotation-api-1.2.jar;C:\Program Files\NetBeans 8.2\enterprise\modules\ext\jersey2\ext\javax.inject-2.2.0-b21.jar;C:\Program Files\NetBeans 8.2\enterprise\modules\ext\jersey2\ext\javax.servlet-api-3.0.1.jar;C:\Program Files\NetBeans 8.2\enterprise\modules\ext\jersey2\ext\jaxb-api-2.2.7.jar;C:\Program Files\NetBeans 8.2\enterprise\modules\ext\jersey2\ext\jersey-entity-filtering-2.5.1.jar;C:\Program Files\NetBeans 8.2\enterprise\modules\ext\jersey2\ext\jersey-media-moxy-2.5.1.jar;C:\Program Files\NetBeans 8.2\enterprise\modules\ext\jersey2\ext\org.osgi.core-4.2.0.jar;C:\Program Files\NetBeans 8.2\enterprise\modules\ext\jersey2\ext\osgi-resource-locator-1.0.1.jar;C:\Program Files\NetBeans 8.2\enterprise\modules\ext\jersey2\ext\persistence-api-1.0.jar;C:\Program Files\NetBeans 8.2\enterprise\modules\ext\jersey2\ext\validation-api-1.1.0.Final.jar;C:\Program Files\NetBeans 8.2\enterprise\modules\ext\jersey2\jersey-client.jar;C:\Program Files\NetBeans 8.2\enterprise\modules\ext\jersey2\jersey-common.jar;C:\Program Files\NetBeans 8.2\enterprise\modules\ext\jersey2\jersey-container-servlet.jar;C:\Program Files\NetBeans 8.2\enterprise\modules\ext\jersey2\jersey-container-servlet-core.jar;C:\Program Files\NetBeans 8.2\enterprise\modules\ext\jersey2\jersey-server.jar;C:\Program Files\NetBeans 8.2\java\modules\ext\eclipselink\eclipselink.jar" />
    <property name="libs.MySQLDriver.maven-pom" value="" />
    <property name="j2ee.platform.wsgen.classpath" value="C:/Program Files/glassfish-4.1.1/glassfish/modules/webservices-osgi.jar:C:/Program Files/glassfish-4.1.1/glassfish/modules/endorsed/webservices-api-osgi.jar:C:/Program Files/glassfish-4.1.1/glassfish/modules/jaxb-osgi.jar:C:/Program Files/glassfish-4.1.1/glassfish/modules/endorsed/jaxb-api.jar" />
    <property name="libs.hibernate4-persistence.javadoc" value="C:\Program Files\NetBeans 8.2\java\modules\ext\docs\javax.persistence-2.1.0-doc.zip" />
    <property name="http.nonProxyHosts" value="localhost|127.0.0.1|labpc123" />
    <property name="libs.junit_4.javadoc" value="C:\Program Files\NetBeans 8.2\platform\docs\junit-4.12-javadoc.jar" />
    <property name="libs.EclipseLink-GlassFish-v3.maven-pom" value="" />
    <property name="libs.javaee-web-api-6.0.maven-pom" value="" />
    <property name="j2ee.deploy.on.save" value="true" />
    <property name="jna.boot.library.name" value="jnidispatch-422" />
    <property name="libs.javaee-endorsed-api-6.0.javadoc" value="C:\Program Files\NetBeans 8.2\enterprise\docs\javaee-doc-api.jar" />
    <property name="libs.javaee-api-7.0.classpath" value="C:\Program Files\NetBeans 8.2\enterprise\modules\ext\javaee-api-7.0.jar" />
    <property name="sun.awt.datatransfer.timeout" value="1000" />
    <property name="libs.spring-webmvc3.0.javadoc" value="" />
    <property name="libs.jpa2-persistence.maven-pom" value="" />
    <property name="annotation.processing.enabled.in.editor" value="true" />
    <property name="libs.hibernate4-support.classpath" value="C:\Program Files\NetBeans 8.2\java\modules\ext\hibernate4\antlr-2.7.7.jar;C:\Program Files\NetBeans 8.2\java\modules\ext\hibernate4\c3p0-0.9.2.1.jar;C:\Program Files\NetBeans 8.2\java\modules\ext\hibernate4\hibernate-c3p0-4.3.1.Final.jar;C:\Program Files\NetBeans 8.2\java\modules\ext\hibernate4\mchange-commons-java-0.2.3.4.jar;C:\Program Files\NetBeans 8.2\java\modules\ext\hibernate4\dom4j-1.6.1.jar;C:\Program Files\NetBeans 8.2\java\modules\ext\hibernate4\ehcache-core-2.4.3.jar;C:\Program Files\NetBeans 8.2\java\modules\ext\hibernate4\hibernate-ehcache-4.3.1.Final.jar;C:\Program Files\NetBeans 8.2\java\modules\ext\hibernate4\hibernate-core-4.3.1.Final.jar;C:\Program Files\NetBeans 8.2\java\modules\ext\hibernate4\jboss-logging-3.1.3.GA.jar;C:\Program Files\NetBeans 8.2\java\modules\ext\hibernate4\hibernate-commons-annotations-4.0.4.Final.jar;C:\Program Files\NetBeans 8.2\java\modules\ext\hibernate4\hibernate-entitymanager-4.3.1.Final.jar;C:\Program Files\NetBeans 8.2\java\modules\ext\hibernate4\javassist-3.18.1-GA.jar;C:\Program Files\NetBeans 8.2\java\modules\ext\hibernate4\jboss-transaction-api_1.2_spec-1.0.0.Final.jar;C:\Program Files\NetBeans 8.2\java\modules\ext\hibernate4\slf4j-api-1.6.1.jar;C:\Program Files\NetBeans 8.2\java\modules\ext\hibernate4\slf4j-simple-1.6.1.jar" />
    <property name="nb.native.filechooser" value="false" />
    <property name="libs.restapi.src" value="" />
    <property name="sun.management.compiler" value="HotSpot 64-Bit Tiered Compilers" />
    <property name="libs.j2me_common_ant.javadoc" value="" />
    <property name="javac.deprecation" value="false" />
    <property name="javadoc.use" value="true" />
    <property name="client.urlPart" value="" />
    <property name="sun.java2d.noddraw" value="true" />
    <property name="libs.jsp-compiler.classpath" value="C:\Program Files\NetBeans 8.2\enterprise\ant\extra\jspcompile.jar" />
    <property name="dist.ear.war" value="dist/Craneware_Search.war" />
    <property name="javac.processorpath" value="C:\Program Files\NetBeans 8.2\ide\modules\ext\mysql-connector-java-5.1.23-bin.jar" />
    <property name="libs.hamcrest.maven-pom" value="" />
    <property name="javac.compilerargs" value="" />
    <property name="ant.file" value="C:\Users\jodielaurenson\Documents\NetBeansProjects\Craneware\Craneware Search\build.xml" />
    <property name="libs.beans-binding.maven-pom" value="" />
    <property name="libs.hibernate4-support.javadoc" value="C:\Program Files\NetBeans 8.2\java\modules\ext\docs\javax.persistence-2.1.0-doc.zip" />
    <property name="libs.jsf12.classpath" value="C:\Program Files\NetBeans 8.2\enterprise\modules\ext\jsf-1_2\commons-beanutils.jar;C:\Program Files\NetBeans 8.2\enterprise\modules\ext\jsf-1_2\commons-collections.jar;C:\Program Files\NetBeans 8.2\enterprise\modules\ext\jsf-1_2\commons-digester.jar;C:\Program Files\NetBeans 8.2\enterprise\modules\ext\jsf-1_2\commons-logging.jar;C:\Program Files\NetBeans 8.2\enterprise\modules\ext\jsf-1_2\jsf-api.jar;C:\Program Files\NetBeans 8.2\enterprise\modules\ext\jsf-1_2\jsf-impl.jar" />
    <property name="libs.Java-EE-GlassFish-v3-Prelude.classpath" value="C:\Program Files\glassfish-4.1.1\glassfish\modules\endorsed\javax.annotation-api.jar;C:\Program Files\glassfish-4.1.1\glassfish\modules\endorsed\jaxb-api.jar;C:\Program Files\glassfish-4.1.1\glassfish\modules\endorsed\webservices-api-osgi.jar;C:\Program Files\glassfish-4.1.1\glassfish\modules\bean-validator.jar;C:\Program Files\glassfish-4.1.1\glassfish\modules\cdi-api.jar;C:\Program Files\glassfish-4.1.1\glassfish\modules\javax.batch-api.jar;C:\Program Files\glassfish-4.1.1\glassfish\modules\javax.ejb-api.jar;C:\Program Files\glassfish-4.1.1\glassfish\modules\javax.el.jar;C:\Program Files\glassfish-4.1.1\glassfish\modules\javax.enterprise.concurrent-api.jar;C:\Program Files\glassfish-4.1.1\glassfish\modules\javax.enterprise.concurrent.jar;C:\Program Files\glassfish-4.1.1\glassfish\modules\javax.enterprise.deploy-api.jar;C:\Program Files\glassfish-4.1.1\glassfish\modules\javax.faces.jar;C:\Program Files\glassfish-4.1.1\glassfish\modules\javax.inject.jar;C:\Program Files\glassfish-4.1.1\glassfish\modules\javax.interceptor-api.jar;C:\Program Files\glassfish-4.1.1\glassfish\modules\javax.jms-api.jar;C:\Program Files\glassfish-4.1.1\glassfish\modules\javax.json.jar;C:\Program Files\glassfish-4.1.1\glassfish\modules\javax.mail.jar;C:\Program Files\glassfish-4.1.1\glassfish\modules\javax.management.j2ee-api.jar;C:\Program Files\glassfish-4.1.1\glassfish\modules\javax.persistence.jar;C:\Program Files\glassfish-4.1.1\glassfish\modules\javax.resource-api.jar;C:\Program Files\glassfish-4.1.1\glassfish\modules\javax.security.auth.message-api.jar;C:\Program Files\glassfish-4.1.1\glassfish\modules\javax.security.jacc-api.jar;C:\Program Files\glassfish-4.1.1\glassfish\modules\javax.servlet-api.jar;C:\Program Files\glassfish-4.1.1\glassfish\modules\javax.servlet.jsp-api.jar;C:\Program Files\glassfish-4.1.1\glassfish\modules\javax.servlet.jsp.jar;C:\Program Files\glassfish-4.1.1\glassfish\modules\javax.servlet.jsp.jstl-api.jar;C:\Program Files\glassfish-4.1.1\glassfish\modules\javax.servlet.jsp.jstl.jar;C:\Program Files\glassfish-4.1.1\glassfish\modules\javax.transaction-api.jar;C:\Program Files\glassfish-4.1.1\glassfish\modules\javax.websocket-api.jar;C:\Program Files\glassfish-4.1.1\glassfish\modules\javax.ws.rs-api.jar;C:\Program Files\glassfish-4.1.1\glassfish\modules\javax.xml.registry-api.jar;C:\Program Files\glassfish-4.1.1\glassfish\modules\javax.xml.rpc-api.jar;C:\Program Files\glassfish-4.1.1\glassfish\modules\jaxb-osgi.jar;C:\Program Files\glassfish-4.1.1\glassfish\modules\webservices-osgi.jar;C:\Program Files\glassfish-4.1.1\glassfish\modules\weld-osgi-bundle.jar;C:\Program Files\glassfish-4.1.1\mq\lib\jaxm-api.jar" />
    <property name="has.custom.manifest" value="true" />
    <property name="libs.jstl.maven-pom" value="" />
    <property name="libs.restapi.maven-pom" value="" />
    <property name="libs.beans-binding.src" value="" />
    <property name="java.vm.specification.vendor" value="Oracle Corporation" />
    <property name="libs.DataBindingME-PIM.javadoc" value="C:\Program Files\NetBeans 8.2\mobility\modules\docs\netbeans_databindingme_pim-api.zip" />
    <property name="libs.swing-layout.src" value="C:\Program Files\NetBeans 8.2\platform\docs\swing-layout-1.0.4-src.zip" />
    <property name="org.openide.major.version" value="IDE/1" />
    <property name="java.vm.name" value="Java HotSpot(TM) 64-Bit Server VM" />
    <property name="do.display.browser.debug" value="true" />
    <property name="netbeans.user" value="C:\Users\jodielaurenson\AppData\Roaming\NetBeans\8.2" />
    <property name="javadoc.additionalparam" value="" />
    <property name="java.io.tmpdir" value="C:\Users\JODIEL~1\AppData\Local\Temp\" />
    <property name="java.vendor.url" value="http://java.oracle.com/" />
    <property name="endorsed.classpath.cmd.line.arg" value="-Xbootclasspath/p:&apos;C:\Program Files\NetBeans 8.2\enterprise\modules\ext\javaee7-endorsed\javax.annotation-api.jar;C:\Program Files\NetBeans 8.2\enterprise\modules\ext\javaee7-endorsed\javax.xml.soap-api.jar;C:\Program Files\NetBeans 8.2\enterprise\modules\ext\javaee7-endorsed\jaxb-api-osgi.jar;C:\Program Files\NetBeans 8.2\enterprise\modules\ext\javaee7-endorsed\jaxws-api.jar;C:\Program Files\NetBeans 8.2\enterprise\modules\ext\javaee7-endorsed\jsr181-api.jar&apos;" />
    <property name="jna.loaded" value="true" />
    <property name="junit.available" value="true" />
    <property name="j2ee.platform.wsit.classpath" value="" />
    <property name="compile.jsps" value="false" />
    <property name="libs.jsp-compiler.src" value="" />
    <property name="deploy.ant.properties.file" value="C:\Users\jodielaurenson\AppData\Roaming\NetBeans\8.2\config\GlassFishEE6\Properties\gfv3-1900941173.properties" />
    <property name="j2ee.platform.wscompile.classpath" value="C:/Program Files/glassfish-4.1.1/glassfish/modules/webservices-osgi.jar" />
    <property name="sun.boot.library.path" value="c:\jdk1.8.0_181\jre\bin" />
    <property name="have.sources" value="true" />
    <property name="libs.hamcrest.javadoc" value="" />
    <property name="debug.classpath" value="build/web/WEB-INF/classes:C:\Program Files\NetBeans 8.2\ide\modules\ext\mysql-connector-java-5.1.23-bin.jar" />
    <property name="war.name" value="Craneware_Search.war" />
    <property name="javadoc.private" value="false" />
    <property name="test.src.dir" value="test" />
    <property name="libs.jsf20.classpath" value="C:\Program Files\NetBeans 8.2\enterprise\modules\ext\jsf-2_2\javax.faces.jar" />
    <property name="ap.processors.internal" value="" />
    <property name="javadoc.encoding.used" value="UTF-8" />
    <property name="libs.DataBindingME-SVG.src" value="C:\Program Files\NetBeans 8.2\mobility\sources\netbeans_databindingme_svg-src.zip" />
    <property name="libs.spring-framework400.maven-pom" value="" />
    <property name="java.runtime.name" value="Java(TM) SE Runtime Environment" />
    <property name="ant.project.name" value="Craneware_Search" />
    <property name="netbeans.hash.code" value="unique=NB_CND_EXTIDE_GFMOD_GROOVY_JAVA_JC_MOB_PHP_TOMCAT_WEBCOMMON_WEBEE08c14530f-f34d-40ea-b9c7-733cc8bd9666_de45b266-3d68-4184-8af2-b228ef43598f" />
    <property name="netbeans.default_userdir_root" value="C:\Users\jodielaurenson\AppData\Roaming\NetBeans" />
    <property name="libs.jsp-compilation-syscp.maven-pom" value="" />
    <property name="sun.cpu.isalist" value="amd64" />
    <property name="libs.spring-framework400.javadoc" value="" />
    <property name="libs.CopyLibs.javadoc" value="" />
    <property name="j2ee.server.domain" value="C:/Users/jodielaurenson/AppData/Roaming/NetBeans/8.2/config/GF_4.1.1/domain1" />
    <property name="org.openide.specification.version" value="6.2" />
    <property name="j2ee.server.home" value="C:/Program Files/glassfish-4.1.1/glassfish" />
    <property name="libs.DataBindingME-PIM.classpath" value="C:\Program Files\NetBeans 8.2\mobility\modules\ext\netbeans_databindingme_pim.jar" />
    <property name="user.home" value="C:\Users\jodielaurenson" />
    <property name="annotation.processing.processors.list" value="" />
    <property name="debug-args-line" value="-Xdebug" />
    <property name="libs.primefaces.maven-pom" value="" />
    <property name="libs.javaee-api-6.0.maven-pom" value="" />
    <property name="libs.JWSAntTasks.src" value="" />
    <property name="libs.CopyLibs.maven-pom" value="" />
    <property name="libs.absolutelayout.javadoc" value="" />
    <property name="libs.spring-framework300.javadoc" value="" />
    <property name="java.specification.name" value="Java Platform API Specification" />
    <property name="no.dist.ear.dir" value="true" />
    <property name="java.specification.vendor" value="Oracle Corporation" />
    <property name="libs.javac-api.classpath" value="C:\Program Files\NetBeans 8.2\java\modules\ext\nb-javac-api.jar" />
    <property name="java.version" value="1.8.0_181" />
    <property name="javadoc.version" value="false" />
    <property name="run.jvmargs.ide" value="" />
    <property name="libs.MySQLDriver.javadoc" value="" />
    <property name="org.openide.version" value="deprecated" />
    <property name="source.encoding" value="UTF-8" />
    <property name="ap.cmd.line.internal" value="" />
    <property name="libs.eclipselinkmodelgen.maven-pom" value="" />
    <property name="libs.jsp-compilation-syscp.javadoc" value="" />
    <property name="libs.javaee-endorsed-api-7.0.classpath" value="C:\Program Files\NetBeans 8.2\enterprise\modules\ext\javaee7-endorsed\javax.annotation-api.jar;C:\Program Files\NetBeans 8.2\enterprise\modules\ext\javaee7-endorsed\javax.xml.soap-api.jar;C:\Program Files\NetBeans 8.2\enterprise\modules\ext\javaee7-endorsed\jaxb-api-osgi.jar;C:\Program Files\NetBeans 8.2\enterprise\modules\ext\javaee7-endorsed\jaxws-api.jar;C:\Program Files\NetBeans 8.2\enterprise\modules\ext\javaee7-endorsed\jsr181-api.jar" />
    <property name="libs.eclipselinkmodelgen.javadoc" value="" />
    <property name="libs.metro.javadoc" value="C:\Program Files\NetBeans 8.2\enterprise\docs\metro-1.4-doc.zip" />
    <property name="libs.struts.maven-pom" value="" />
    <property name="netbeans.home+have.tests" value="true" />
    <property name="libs.testng.maven-pom" value="" />
    <property name="libs.jaxb.src" value="" />
    <property name="jdk.launcher.addexports.5" value="java.management/sun.management=ALL-UNNAMED" />
    <property name="jdk.launcher.addexports.4" value="java.desktop/com.sun.java.swing.plaf.windows=ALL-UNNAMED" />
    <property name="jdk.launcher.addexports.3" value="java.desktop/sun.awt.im=ALL-UNNAMED" />
    <property name="libs.jaxb.classpath" value="C:\Program Files\NetBeans 8.2\ide\modules\ext\jaxb\jaxb-impl.jar;C:\Program Files\NetBeans 8.2\ide\modules\ext\jaxb\jaxb-xjc.jar;C:\Program Files\NetBeans 8.2\ide\modules\ext\jaxb\jaxb1-impl.jar;C:\Program Files\NetBeans 8.2\ide\modules\ext\jaxb\activation.jar;C:\Program Files\NetBeans 8.2\ide\modules\ext\jaxb\api\jaxb-api.jar;C:\Program Files\NetBeans 8.2\ide\modules\ext\jaxb\api\jsr173_1.0_api.jar" />
    <property name="jdk.launcher.addexports.2" value="java.desktop/java.awt.peer=ALL-UNNAMED" />
    <property name="jdk.launcher.addexports.1" value="java.base/jdk.internal.jrtfs=ALL-UNNAMED" />
    <property name="jdk.launcher.addexports.0" value="java.desktop/sun.awt=ALL-UNNAMED" />
    <property name="dist.javadoc.dir" value="dist/javadoc" />
    <property name="libs.j2me_common_ant.classpath" value="C:\Program Files\NetBeans 8.2\mobility\modules\org-netbeans-modules-j2me-common-ant.jar;C:\Program Files\NetBeans 8.2\java\modules\org-netbeans-modules-classfile.jar" />
    <property name="libs.spring-webmvc3.0.classpath" value="C:\Program Files\NetBeans 8.2\java\modules\ext\spring-3.0\spring-webmvc-3.2.7.RELEASE.jar" />
    <property name="libs.swing-layout.classpath" value="C:\Program Files\NetBeans 8.2\platform\modules\ext\swing-layout-1.0.4.jar" />
    <property name="jspc.dtds" value="/resources/dtds/" />
    <property name="libs.javaee-web-api-7.0.maven-pom" value="" />
    <property name="libs.restlib.src" value="" />
    <property name="javac.source" value="1.8" />
    <property name="build.generated.dir" value="build/generated" />
    <property name="line.separator" value="&#xd;&#xa;" />
    <property name="java.specification.version" value="1.8" />
    <property name="java.vm.info" value="mixed mode" />
    <property name="libs.jaxws21.maven-pom" value="" />
    <property name="nb.junit.batch" value="true" />
    <property name="sun.boot.class.path" value="C:\Program Files\NetBeans 8.2\enterprise\modules\ext\javaee7-endorsed\javax.annotation-api.jar;C:\Program Files\NetBeans 8.2\enterprise\modules\ext\javaee7-endorsed\javax.xml.soap-api.jar;C:\Program Files\NetBeans 8.2\enterprise\modules\ext\javaee7-endorsed\jaxb-api-osgi.jar;C:\Program Files\NetBeans 8.2\enterprise\modules\ext\javaee7-endorsed\jaxws-api.jar;C:\Program Files\NetBeans 8.2\enterprise\modules\ext\javaee7-endorsed\jsr181-api.jar;c:\jdk1.8.0_181\jre\lib\resources.jar;c:\jdk1.8.0_181\jre\lib\rt.jar;c:\jdk1.8.0_181\jre\lib\sunrsasign.jar;c:\jdk1.8.0_181\jre\lib\jsse.jar;c:\jdk1.8.0_181\jre\lib\jce.jar;c:\jdk1.8.0_181\jre\lib\charsets.jar;c:\jdk1.8.0_181\jre\lib\jfr.jar;c:\jdk1.8.0_181\jre\classes" />
    <property name="javac.target" value="1.8" />
    <property name="build.test.classes.dir" value="build/test/classes" />
    <property name="src.dir" value="src/java" />
    <property name="sun.awt.keepWorkingSetOnMinimize" value="true" />
    <property name="libs.jpa2-persistence.src" value="" />
    <property name="annotation.processing.enabled" value="true" />
    <property name="libs.jsf20.src" value="" />
    <property name="libs.jpa20-persistence.src" value="" />
    <property name="libs.DataBindingME-SVG.maven-pom" value="" />
    <property name="libs.jsf12.src" value="" />
    <property name="j2ee.platform" value="1.7-web" />
    <property name="libs.JAVADB_DRIVER_LABEL.maven-pom" value="" />
    <property name="libs.struts.javadoc" value="C:\Program Files\NetBeans 8.2\enterprise\docs\struts-1.3.10-javadoc.zip" />
    <property name="ignore.failing.tests" value="true" />
    <property name="libs.Comet-GlassFish-v3.classpath" value="" />
    <property name="libs.javaee-web-api-7.0.src" value="" />
    <property name="web.docbase.dir" value="web" />
    <property name="libs.primefaces.src" value="" />
    <property name="dist.dir" value="dist" />
    <property name="libs.groovy-all.javadoc" value="" />
    <property name="testng.debug.mode" value="" />
    <property name="javac.fork" value="false" />
    <property name="libs.groovy-all.classpath" value="C:\Program Files\NetBeans 8.2\groovy\modules\ext\groovy-all.jar" />
    <property name="java.awt.printerjob" value="sun.awt.windows.WPrinterJob" />
    <property name="default.javac.source" value="1.8" />
    <property name="debug-transport-by-os" value="dt_shmem" />
    <property name="libs.MySQLDriver.src" value="" />
    <property name="sun.jnu.encoding" value="Cp1252" />
    <property name="build.test.results.dir" value="build/test/results" />
    <property name="java.runtime.version" value="1.8.0_181-b13" />
    <property name="do.tmp.war.package.with.custom.manifest" value="true" />
    <property name="default.javac.target" value="1.8" />
    <property name="libs.junit_4.classpath" value="C:\Program Files\NetBeans 8.2\platform\modules\ext\junit-4.12.jar" />
    <property name="user.timezone" value="" />
    <property name="nb.junit.single" value="false" />
    <property name="libs.javaee-endorsed-api-6.0.maven-pom" value="" />
    <property name="libs.JAVADB_DRIVER_LABEL.javadoc" value="" />
    <property name="netbeans.dirs" value="C:\Program Files\NetBeans 8.2\nb;C:\Program Files\NetBeans 8.2\ergonomics;C:\Program Files\NetBeans 8.2\ide;C:\Program Files\NetBeans 8.2\extide;C:\Program Files\NetBeans 8.2\java;C:\Program Files\NetBeans 8.2\apisupport;C:\Program Files\NetBeans 8.2\webcommon;C:\Program Files\NetBeans 8.2\websvccommon;C:\Program Files\NetBeans 8.2\enterprise;C:\Program Files\NetBeans 8.2\mobility;C:\Program Files\NetBeans 8.2\profiler;C:\Program Files\NetBeans 8.2\python;C:\Program Files\NetBeans 8.2\php;C:\Program Files\NetBeans 8.2\identity;C:\Program Files\NetBeans 8.2\harness;C:\Program Files\NetBeans 8.2\cnd;C:\Program Files\NetBeans 8.2\cndext;C:\Program Files\NetBeans 8.2\dlight;C:\Program Files\NetBeans 8.2\groovy;C:\Program Files\NetBeans 8.2\extra;C:\Program Files\NetBeans 8.2\javacard;C:\Program Files\NetBeans 8.2\javafx" />
    <property name="libs.jstl.javadoc" value="C:\Program Files\NetBeans 8.2\enterprise\docs\javaee-doc-api.jar" />
    <property name="libs.jsf20.javadoc" value="C:\Program Files\NetBeans 8.2\enterprise\docs\javaee-doc-api.jar" />
    <property name="java.ext.dirs" value="c:\jdk1.8.0_181\jre\lib\ext;C:\Windows\Sun\Java\lib\ext" />
    <property name="ant.file.Craneware_Search-impl" value="C:\Users\jodielaurenson\Documents\NetBeansProjects\Craneware\Craneware Search\nbproject\build-impl.xml" />
    <property name="libs.metro.src" value="" />
    <property name="endorsed.classpath" value="C:\Program Files\NetBeans 8.2\enterprise\modules\ext\javaee7-endorsed\javax.annotation-api.jar;C:\Program Files\NetBeans 8.2\enterprise\modules\ext\javaee7-endorsed\javax.xml.soap-api.jar;C:\Program Files\NetBeans 8.2\enterprise\modules\ext\javaee7-endorsed\jaxb-api-osgi.jar;C:\Program Files\NetBeans 8.2\enterprise\modules\ext\javaee7-endorsed\jaxws-api.jar;C:\Program Files\NetBeans 8.2\enterprise\modules\ext\javaee7-endorsed\jsr181-api.jar" />
    <property name="libs.absolutelayout.classpath" value="C:\Program Files\NetBeans 8.2\java\modules\ext\AbsoluteLayout.jar" />
    <property name="excludes" value="" />
    <property name="libs.metro.classpath" value="C:\Program Files\NetBeans 8.2\ide\modules\ext\jaxb\activation.jar;C:\Program Files\NetBeans 8.2\enterprise\modules\ext\metro\webservices-api.jar;C:\Program Files\NetBeans 8.2\enterprise\modules\ext\metro\webservices-extra-api.jar;C:\Program Files\NetBeans 8.2\enterprise\modules\ext\metro\webservices-extra.jar;C:\Program Files\NetBeans 8.2\enterprise\modules\ext\metro\webservices-rt.jar;C:\Program Files\NetBeans 8.2\enterprise\modules\ext\metro\webservices-tools.jar" />
    <property name="libs.restlib.maven-pom" value="" />
    <property name="libs.jpa2-persistence.javadoc" value="C:\Program Files\NetBeans 8.2\java\modules\ext\docs\javax.persistence-2.1.0-doc.zip" />
    <property name="libs.DataBindingME.javadoc" value="C:\Program Files\NetBeans 8.2\mobility\modules\docs\netbeans_databindingme-api.zip" />
    <property name="apple.laf.useScreenMenuBar" value="true" />
    <property name="java.class.path" value="C:\Program Files\NetBeans 8.2\ide\modules\ext\mysql-connector-java-5.1.23-bin.jar;C:\Users\jodielaurenson\Documents\NetBeansProjects\Craneware\Craneware Search\build\web\WEB-INF\classes;C:\Program Files\NetBeans 8.2\platform\modules\ext\junit-4.12.jar;C:\Program Files\NetBeans 8.2\platform\modules\ext\hamcrest-core-1.3.jar;C:\Users\jodielaurenson\Documents\NetBeansProjects\Craneware\Craneware Search\build\test\classes;C:\Program Files\glassfish-4.1.1\glassfish\modules\endorsed\javax.annotation-api.jar;C:\Program Files\glassfish-4.1.1\glassfish\modules\endorsed\jaxb-api.jar;C:\Program Files\glassfish-4.1.1\glassfish\modules\endorsed\webservices-api-osgi.jar;C:\Program Files\glassfish-4.1.1\glassfish\modules\bean-validator.jar;C:\Program Files\glassfish-4.1.1\glassfish\modules\cdi-api.jar;C:\Program Files\glassfish-4.1.1\glassfish\modules\javax.batch-api.jar;C:\Program Files\glassfish-4.1.1\glassfish\modules\javax.ejb-api.jar;C:\Program Files\glassfish-4.1.1\glassfish\modules\javax.el.jar;C:\Program Files\glassfish-4.1.1\glassfish\modules\javax.enterprise.concurrent-api.jar;C:\Program Files\glassfish-4.1.1\glassfish\modules\javax.enterprise.concurrent.jar;C:\Program Files\glassfish-4.1.1\glassfish\modules\javax.enterprise.deploy-api.jar;C:\Program Files\glassfish-4.1.1\glassfish\modules\javax.faces.jar;C:\Program Files\glassfish-4.1.1\glassfish\modules\javax.inject.jar;C:\Program Files\glassfish-4.1.1\glassfish\modules\javax.interceptor-api.jar;C:\Program Files\glassfish-4.1.1\glassfish\modules\javax.jms-api.jar;C:\Program Files\glassfish-4.1.1\glassfish\modules\javax.json.jar;C:\Program Files\glassfish-4.1.1\glassfish\modules\javax.mail.jar;C:\Program Files\glassfish-4.1.1\glassfish\modules\javax.management.j2ee-api.jar;C:\Program Files\glassfish-4.1.1\glassfish\modules\javax.persistence.jar;C:\Program Files\glassfish-4.1.1\glassfish\modules\javax.resource-api.jar;C:\Program Files\glassfish-4.1.1\glassfish\modules\javax.security.auth.message-api.jar;C:\Program Files\glassfish-4.1.1\glassfish\modules\javax.security.jacc-api.jar;C:\Program Files\glassfish-4.1.1\glassfish\modules\javax.servlet-api.jar;C:\Program Files\glassfish-4.1.1\glassfish\modules\javax.servlet.jsp-api.jar;C:\Program Files\glassfish-4.1.1\glassfish\modules\javax.servlet.jsp.jar;C:\Program Files\glassfish-4.1.1\glassfish\modules\javax.servlet.jsp.jstl-api.jar;C:\Program Files\glassfish-4.1.1\glassfish\modules\javax.servlet.jsp.jstl.jar;C:\Program Files\glassfish-4.1.1\glassfish\modules\javax.transaction-api.jar;C:\Program Files\glassfish-4.1.1\glassfish\modules\javax.websocket-api.jar;C:\Program Files\glassfish-4.1.1\glassfish\modules\javax.ws.rs-api.jar;C:\Program Files\glassfish-4.1.1\glassfish\modules\javax.xml.registry-api.jar;C:\Program Files\glassfish-4.1.1\glassfish\modules\javax.xml.rpc-api.jar;C:\Program Files\glassfish-4.1.1\glassfish\modules\jaxb-osgi.jar;C:\Program Files\glassfish-4.1.1\glassfish\modules\webservices-osgi.jar;C:\Program Files\glassfish-4.1.1\glassfish\modules\weld-osgi-bundle.jar;C:\Program Files\glassfish-4.1.1\mq\lib\jaxm-api.jar;C:\Program Files\glassfish-4.1.1\glassfish\lib\embedded\glassfish-embedded-static-shell.jar;C:\Program Files\NetBeans 8.2\extide\ant\lib\ant-launcher.jar;C:\Program Files\NetBeans 8.2\extide\ant\lib\ant.jar;C:\Program Files\NetBeans 8.2\extide\ant\lib\ant-junit.jar;C:\Program Files\NetBeans 8.2\extide\ant\lib\ant-junit4.jar" />
    <property name="ant.file.Craneware_Search" value="C:\Users\jodielaurenson\Documents\NetBeansProjects\Craneware\Craneware Search\build.xml" />
    <property name="libs.absolutelayout.src" value="" />
    <property name="libs.jpa20-persistence.classpath" value="C:\Program Files\NetBeans 8.2\java\modules\ext\eclipselink\javax.persistence_2.1.0.v201304241213.jar" />
    <property name="j2ee.server.type" value="gfv3ee6" />
    <property name="os.version" value="10.0" />
    <property name="libs.EclipseLink-GlassFish-v3.javadoc" value="C:\Program Files\NetBeans 8.2\enterprise\docs\javaee-doc-api.jar" />
    <property name="libs.javaee-api-7.0.maven-pom" value="" />
    <property name="sun.awt.enableExtraMouseButtons" value="true" />
    <property name="sun.desktop" value="windows" />
    <property name="libs.hibernate4-persistence.src" value="" />
    <property name="libs.hibernate4-support.maven-pom" value="" />
    <property name="libs.Comet-GlassFish-v3.src" value="" />
    <property name="libs.restlib.javadoc" value="" />
    <property name="war.content.additional" value="" />
    <property name="libs.JAXB-ENDORSED.classpath" value="C:\Program Files\NetBeans 8.2\ide\modules\ext\jaxb\api\jaxb-api.jar" />
    <property name="nb.internal.action.name" value="test" />
    <property name="j2ee.platform.embeddableejb.classpath" value="C:/Program Files/glassfish-4.1.1/glassfish/lib/embedded/glassfish-embedded-static-shell.jar" />
    <property name="forceRedeploy" value="false" />
    <property name="libs.javaee-api-7.0.javadoc" value="C:\Program Files\NetBeans 8.2\enterprise\docs\javaee-doc-api.jar" />
    <property name="libs.eclipselink.classpath" value="C:\Program Files\NetBeans 8.2\java\modules\ext\eclipselink\eclipselink.jar;C:\Program Files\NetBeans 8.2\java\modules\ext\eclipselink\javax.persistence_2.1.0.v201304241213.jar;C:\Program Files\NetBeans 8.2\java\modules\ext\eclipselink\org.eclipse.persistence.jpa.jpql_2.5.2.v20140319-9ad6abd.jar" />
    <property name="java.awt.graphicsenv" value="sun.awt.Win32GraphicsEnvironment" />
    <property name="libs.beans-binding.javadoc" value="C:\Program Files\NetBeans 8.2\java\docs\beansbinding-1.2.1-doc.zip" />
    <property name="java.vm.vendor" value="Oracle Corporation" />
    <property name="libs.CopyLibs.classpath" value="C:\Program Files\NetBeans 8.2\java\ant\extra\org-netbeans-modules-java-j2seproject-copylibstask.jar" />
    <property name="libs.spring-framework300.classpath" value="C:\Program Files\NetBeans 8.2\ide\modules\org-apache-commons-logging.jar;C:\Program Files\NetBeans 8.2\java\modules\ext\cglib-2.2.jar;C:\Program Files\NetBeans 8.2\java\modules\ext\spring-3.0\spring-aop-3.2.7.RELEASE.jar;C:\Program Files\NetBeans 8.2\java\modules\ext\spring-3.0\spring-aspects-3.2.7.RELEASE.jar;C:\Program Files\NetBeans 8.2\java\modules\ext\spring-3.0\spring-beans-3.2.7.RELEASE.jar;C:\Program Files\NetBeans 8.2\java\modules\ext\spring-3.0\spring-build-src-3.2.7.RELEASE.jar;C:\Program Files\NetBeans 8.2\java\modules\ext\spring-3.0\spring-context-3.2.7.RELEASE.jar;C:\Program Files\NetBeans 8.2\java\modules\ext\spring-3.0\spring-context-support-3.2.7.RELEASE.jar;C:\Program Files\NetBeans 8.2\java\modules\ext\spring-3.0\spring-core-3.2.7.RELEASE.jar;C:\Program Files\NetBeans 8.2\java\modules\ext\spring-3.0\spring-expression-3.2.7.RELEASE.jar;C:\Program Files\NetBeans 8.2\java\modules\ext\spring-3.0\spring-framework-bom-3.2.7.RELEASE.jar;C:\Program Files\NetBeans 8.2\java\modules\ext\spring-3.0\spring-instrument-3.2.7.RELEASE.jar;C:\Program Files\NetBeans 8.2\java\modules\ext\spring-3.0\spring-instrument-tomcat-3.2.7.RELEASE.jar;C:\Program Files\NetBeans 8.2\java\modules\ext\spring-3.0\spring-jdbc-3.2.7.RELEASE.jar;C:\Program Files\NetBeans 8.2\java\modules\ext\spring-3.0\spring-jms-3.2.7.RELEASE.jar;C:\Program Files\NetBeans 8.2\java\modules\ext\spring-3.0\spring-orm-3.2.7.RELEASE.jar;C:\Program Files\NetBeans 8.2\java\modules\ext\spring-3.0\spring-oxm-3.2.7.RELEASE.jar;C:\Program Files\NetBeans 8.2\java\modules\ext\spring-3.0\spring-struts-3.2.7.RELEASE.jar;C:\Program Files\NetBeans 8.2\java\modules\ext\spring-3.0\spring-test-3.2.7.RELEASE.jar;C:\Program Files\NetBeans 8.2\java\modules\ext\spring-3.0\spring-tx-3.2.7.RELEASE.jar;C:\Program Files\NetBeans 8.2\java\modules\ext\spring-3.0\spring-web-3.2.7.RELEASE.jar;C:\Program Files\NetBeans 8.2\java\modules\ext\spring-3.0\spring-webmvc-3.2.7.RELEASE.jar;C:\Program Files\NetBeans 8.2\java\modules\ext\spring-3.0\spring-webmvc-portlet-3.2.7.RELEASE.jar" />
    <property name="libs.jsp-compiler.maven-pom" value="" />
    <property name="libs.hamcrest.src" value="" />
    <property name="libs.hibernate4-persistence.classpath" value="C:\Program Files\NetBeans 8.2\java\modules\ext\hibernate4\antlr-2.7.7.jar;C:\Program Files\NetBeans 8.2\java\modules\ext\hibernate4\c3p0-0.9.2.1.jar;C:\Program Files\NetBeans 8.2\java\modules\ext\hibernate4\hibernate-c3p0-4.3.1.Final.jar;C:\Program Files\NetBeans 8.2\java\modules\ext\hibernate4\mchange-commons-java-0.2.3.4.jar;C:\Program Files\NetBeans 8.2\java\modules\ext\hibernate4\dom4j-1.6.1.jar;C:\Program Files\NetBeans 8.2\java\modules\ext\hibernate4\ehcache-core-2.4.3.jar;C:\Program Files\NetBeans 8.2\java\modules\ext\hibernate4\hibernate-ehcache-4.3.1.Final.jar;C:\Program Files\NetBeans 8.2\java\modules\ext\hibernate4\hibernate-core-4.3.1.Final.jar;C:\Program Files\NetBeans 8.2\java\modules\ext\hibernate4\jboss-logging-3.1.3.GA.jar;C:\Program Files\NetBeans 8.2\java\modules\ext\hibernate4\hibernate-commons-annotations-4.0.4.Final.jar;C:\Program Files\NetBeans 8.2\java\modules\ext\hibernate4\hibernate-entitymanager-4.3.1.Final.jar;C:\Program Files\NetBeans 8.2\java\modules\ext\hibernate4\javassist-3.18.1-GA.jar;C:\Program Files\NetBeans 8.2\java\modules\ext\hibernate4\jboss-transaction-api_1.2_spec-1.0.0.Final.jar;C:\Program Files\NetBeans 8.2\java\modules\ext\hibernate4\slf4j-api-1.6.1.jar;C:\Program Files\NetBeans 8.2\java\modules\ext\hibernate4\slf4j-simple-1.6.1.jar;C:\Program Files\NetBeans 8.2\java\modules\ext\hibernate4\hibernate-jpa-2.1-api-1.0.0.Final.jar" />
    <property name="libs.JAXB-ENDORSED.src" value="" />
    <property name="dist.archive.excludes" value="" />
    <property name="libs.DataBindingME-PIM.src" value="C:\Program Files\NetBeans 8.2\mobility\sources\netbeans_databindingme_pim-src.zip" />
    <property name="libs.testng.javadoc" value="C:\Program Files\NetBeans 8.2\platform\docs\testng-6.8.1-javadoc.zip" />
    <property name="user.script" value="" />
    <property name="libs.PostgreSQLDriver.classpath" value="C:\Program Files\NetBeans 8.2\ide\modules\ext\postgresql-9.4.1209.jar" />
    <property name="libs.jsf12.maven-pom" value="" />
    <property name="libs.hibernate4-persistencemodelgen.classpath" value="C:\Program Files\NetBeans 8.2\java\modules\ext\hibernate4\hibernate-jpamodelgen-4.3.1.Final.jar" />
    <property name="annotation.processing.source.output" value="build/generated-sources/ap-source-output" />
    <property name="build.dir" value="build" />
    <property name="libs.CopyLibs.src" value="" />
    <property name="libs.jsp-compilation.classpath" value="C:\Program Files\NetBeans 8.2\extide\ant\lib\ant.jar;C:\Program Files\NetBeans 8.2\enterprise\modules\ext\servlet3.1-jsp2.3-api.jar;C:\Program Files\NetBeans 8.2\enterprise\modules\ext\glassfish-jspparser-4.0.jar;C:\Program Files\NetBeans 8.2\enterprise\modules\ext\jsf-2_2\javax.faces.jar;C:\Program Files\NetBeans 8.2\enterprise\modules\ext\jstl-api.jar;C:\Program Files\NetBeans 8.2\extide\ant\lib\ant-launcher.jar" />
    <property name="j2ee.platform.is.jsr109" value="true" />
    <property name="ant.version" value="Apache Ant(TM) version 1.9.7 compiled on April 9 2016" />
    <property name="file.encoding" value="Cp1252" />
    <property name="build.classes.excludes" value="**/*.java,**/*.form" />
    <property name="javadoc.nonavbar" value="false" />
    <property name="jdkBug6558476" value="false" />
    <property name="libs.spring-webmvc4.0.classpath" value="C:\Program Files\NetBeans 8.2\java\modules\ext\spring-4\spring-webmvc-4.0.1.RELEASE.jar" />
    <property name="platform.active" value="default_platform" />
    <property name="awt.toolkit" value="sun.awt.windows.WToolkit" />
    <property name="war.ear.name" value="Craneware_Search.war" />
    <property name="libs.javaee-web-api-7.0.javadoc" value="C:\Program Files\NetBeans 8.2\enterprise\docs\javaee-doc-api.jar" />
  </properties>
  <testcase classname="org.DatabaseTest" name="testSearchCity" time="0.445" />
  <testcase classname="org.DatabaseTest" name="testOrderDistance" time="0.363" />
  <testcase classname="org.DatabaseTest" name="testRunSelectQuery" time="0.017" />
  <testcase classname="org.DatabaseTest" name="testRestrictPrice" time="6.495" />
  <testcase classname="org.DatabaseTest" name="testSearchProcedure" time="7.042" />
  <testcase classname="org.DatabaseTest" name="testSearchAddress" time="0.205" />
  <testcase classname="org.DatabaseTest" name="testSetUpConnection" time="0.008" />
  <system-out><![CDATA[3210
ID: 1104.0 Distance: 6.213008128966553
ID: 1199.0 Distance: 6.871515544927675
ID: 1085.0 Distance: 13.961917821355446
ID: 1040.0 Distance: 15.67650490893765
ID: 6076.0 Distance: 20.17202588159617
ID: 1069.0 Distance: 25.254928284395795
ID: 6066.0 Distance: 25.2718047402034
ID: 1060.0 Distance: 30.287358129242755
ID: 6040.0 Distance: 31.72885947579801
ID: 6105.0 Distance: 32.661108019268234
ID: 6102.0 Distance: 34.44324038670588
ID: 6032.0 Distance: 39.28253698911115
ID: 6050.0 Distance: 46.67784585656846
ID: 1550.0 Distance: 46.927742258414774
ID: 6226.0 Distance: 49.623722413686735
ID: 6010.0 Distance: 50.33095737167155
ID: 6790.0 Distance: 52.62283863186459
ID: 6457.0 Distance: 56.29624887659453
ID: 6450.0 Distance: 58.95485645206021
ID: 1301.0 Distance: 59.640300170095806
ID: 6260.0 Distance: 60.026490746208744
ID: 6706.0 Distance: 66.57959511217123
ID: 6721.0 Distance: 67.02361995235054
ID: 1201.0 Distance: 68.8624888094125
ID: 6492.0 Distance: 68.96474418986193
ID: 1608.0 Distance: 70.77890055710944
ID: 1605.0 Distance: 71.35320686809806
ID: 6360.0 Distance: 71.88054742689057
ID: 1655.0 Distance: 73.82744893443444
ID: 6069.0 Distance: 74.72578396252847
ID: 1440.0 Distance: 77.77630064540543
ID: 1510.0 Distance: 85.83269754754276
ID: 5301.0 Distance: 87.1784968589196
ID: 1453.0 Distance: 87.93694696828064
ID: 6504.0 Distance: 88.25955800719508
ID: 1757.0 Distance: 89.57845314723798
ID: 6418.0 Distance: 89.87570499670537
ID: 6320.0 Distance: 90.71466721434345
ID: 2895.0 Distance: 92.25800952448553
ID: 1752.0 Distance: 92.92484139302402
ID: 2904.0 Distance: 97.78539012567184
ID: 12534.0 Distance: 98.44040838981466
ID: 2908.0 Distance: 100.29048210973698
ID: 6810.0 Distance: 100.49149880805545
ID: 6460.0 Distance: 101.1345417030205
ID: 1701.0 Distance: 101.29367386416239
ID: 2891.0 Distance: 101.35948454327965
ID: 2886.0 Distance: 101.67310281317197
ID: 3431.0 Distance: 102.21293015658595
ID: 1432.0 Distance: 102.7816205916113
ID: 2906.0 Distance: 102.84118620767676
ID: 2905.0 Distance: 102.87386760763854
ID: 5201.0 Distance: 102.92175808081981
ID: 2903.0 Distance: 103.19165224538907
ID: 2860.0 Distance: 104.15662838858881
ID: 6606.0 Distance: 105.37954456578423
ID: 6610.0 Distance: 107.32793095672136
ID: 11944.0 Distance: 107.57807314798232
ID: 12572.0 Distance: 108.53632561856148
ID: 1742.0 Distance: 110.58422919804389
ID: 2703.0 Distance: 111.03811373518951
ID: 12180.0 Distance: 115.02778690436163
ID: 10512.0 Distance: 115.21752055224691
ID: 12401.0 Distance: 115.44269727422115
ID: 2494.0 Distance: 115.72680203991602
ID: 12401.0 Distance: 115.80124227261219
ID: 12204.0 Distance: 115.80621201468968
ID: 2879.0 Distance: 115.81882400229425
ID: 12180.0 Distance: 115.89174595278817
ID: 2462.0 Distance: 116.2895509251518
ID: 12208.0 Distance: 116.42312993556067
ID: 2062.0 Distance: 117.01011807118716
ID: 12601.0 Distance: 117.07056199419607
ID: 12208.0 Distance: 118.36792296230831
ID: 3060.0 Distance: 120.32881784533674
ID: 3060.0 Distance: 121.97702256667927
ID: 1854.0 Distance: 122.97342211307681
ID: 2135.0 Distance: 124.6814374103796
ID: 1803.0 Distance: 124.80879757740979
ID: 2130.0 Distance: 124.97127585618007
ID: 2840.0 Distance: 125.03205127614379
ID: 6856.0 Distance: 125.17687500343841
ID: 11901.0 Distance: 125.34494562288941
ID: 2780.0 Distance: 126.3483565459218
ID: 2138.0 Distance: 126.50849803373995
ID: 2721.0 Distance: 126.53703223063079
ID: 2120.0 Distance: 127.36295569797099
ID: 2720.0 Distance: 127.37527723415414
ID: 2115.0 Distance: 127.58245627755137
ID: 2215.0 Distance: 127.85242782475893
ID: 2301.0 Distance: 127.86302085025474
ID: 2186.0 Distance: 128.13217686728112
ID: 2138.0 Distance: 128.8415734152278
ID: 11777.0 Distance: 129.37665719415847
ID: 2124.0 Distance: 129.51723604966404
ID: 11777.0 Distance: 129.93194360006342
ID: 2118.0 Distance: 130.22260364034048
ID: 1890.0 Distance: 130.4671323476434
ID: 2114.0 Distance: 131.2087647128076
ID: 2114.0 Distance: 131.3260077183685
ID: 2111.0 Distance: 131.38597403830724
ID: 12550.0 Distance: 131.86146948412724
ID: 11968.0 Distance: 132.03480713670754
ID: 2302.0 Distance: 133.62731519617836
ID: 10549.0 Distance: 133.9607995996126
ID: 11794.0 Distance: 134.6676899665046
ID: 2176.0 Distance: 135.02350191970314
ID: 10567.0 Distance: 136.488233011436
ID: 12308.0 Distance: 136.48978896098376
ID: 12308.0 Distance: 136.5197015296999
ID: 6904.0 Distance: 136.5609336438078
ID: 2190.0 Distance: 137.18146428498665
ID: 3102.0 Distance: 139.19884492706004
ID: 3038.0 Distance: 139.68950217279252
ID: 1844.0 Distance: 139.75209906083586
ID: 1842.0 Distance: 139.98370527234326
ID: 3103.0 Distance: 140.7282506768521
ID: 11787.0 Distance: 142.05562007496758
ID: 6830.0 Distance: 142.16273921809616
ID: 11772.0 Distance: 145.58698515471394
ID: 10595.0 Distance: 147.00934567243948
ID: 11743.0 Distance: 147.45931061057757
ID: 10591.0 Distance: 148.50057062557053
ID: 1970.0 Distance: 148.7774299610753
ID: 12866.0 Distance: 149.92698243355542
ID: 10601.0 Distance: 150.12065071981465
ID: 3301.0 Distance: 152.80737532734653
ID: 1915.0 Distance: 153.22007700120622
ID: 10960.0 Distance: 153.24423451262487
ID: 11542.0 Distance: 156.81952124701866
ID: 11706.0 Distance: 157.4341661466926
ID: 11803.0 Distance: 160.18759720162527
ID: 10802.0 Distance: 160.8934719314322
ID: 10708.0 Distance: 160.89445857232846
ID: 10940.0 Distance: 161.22315937067745
ID: 10701.0 Distance: 161.24032258507305
ID: 11795.0 Distance: 162.2597716417666
ID: 12801.0 Distance: 162.48091906359969
ID: 2360.0 Distance: 162.86431163439272
ID: 10550.0 Distance: 163.64514657692513
ID: 1950.0 Distance: 164.09073651647728
ID: 11714.0 Distance: 164.96010273179897
ID: 10901.0 Distance: 164.99210888621383
ID: 12010.0 Distance: 165.0367044152912
ID: 11576.0 Distance: 165.26168692650882
ID: 10701.0 Distance: 165.26196266352036
ID: 7675.0 Distance: 167.21743256625814
ID: 11554.0 Distance: 167.77893838827475
ID: 10467.0 Distance: 168.46091692852843
ID: 10467.0 Distance: 168.5747220529377
ID: 12043.0 Distance: 168.84918104615807
ID: 10461.0 Distance: 168.95218872883078
ID: 11030.0 Distance: 169.44350525700474
ID: 11501.0 Distance: 170.1346669671807
ID: 10990.0 Distance: 170.16153136440485
ID: 7631.0 Distance: 171.24728546769757
ID: 10457.0 Distance: 171.37524764196968
ID: 3833.0 Distance: 171.40092456376954
ID: 11040.0 Distance: 171.70319129561688
ID: 7652.0 Distance: 172.29518548996023
ID: 7450.0 Distance: 172.37673399832613
ID: 5701.0 Distance: 173.35466708084658
ID: 2540.0 Distance: 173.8974553261405
ID: 10456.0 Distance: 173.99295908910918
ID: 11570.0 Distance: 175.02935052205467
ID: 7666.0 Distance: 175.34119906224205
ID: 10451.0 Distance: 176.46999851521446
ID: 11355.0 Distance: 176.4796665143172
ID: 10037.0 Distance: 177.40292303439222
ID: 11355.0 Distance: 177.72241605186383
ID: 7601.0 Distance: 177.82501597060067
ID: 11572.0 Distance: 178.1491846550137
ID: 11432.0 Distance: 179.46770306851414
ID: 12078.0 Distance: 180.14097059853856
ID: 10029.0 Distance: 180.22584438011668
ID: 12742.0 Distance: 180.36158491697503
ID: 10029.0 Distance: 180.36400241133316
ID: 11373.0 Distance: 180.82758546419402
ID: 11418.0 Distance: 181.63053520406805
ID: 3756.0 Distance: 181.70711248492324
ID: 10021.0 Distance: 182.0370334171395
ID: 7047.0 Distance: 182.15986715556
ID: 10021.0 Distance: 182.39412510950615
ID: 10065.0 Distance: 182.5415465678545
ID: 7503.0 Distance: 182.6882830284876
ID: 10019.0 Distance: 183.7600475480435
ID: 7055.0 Distance: 184.46815474042984
ID: 10016.0 Distance: 185.51173833028338
ID: 10016.0 Distance: 185.83511835154755
ID: 11237.0 Distance: 186.10324219197116
ID: 3801.0 Distance: 186.25939302367593
ID: 7094.0 Distance: 186.47473384571214
ID: 10003.0 Distance: 186.73722602871604
ID: 7444.0 Distance: 187.13239428668788
ID: 11206.0 Distance: 187.71701370958814
ID: 3246.0 Distance: 188.1989299495508
ID: 12771.0 Distance: 188.41052718205057
ID: 11691.0 Distance: 188.47410995371308
ID: 7030.0 Distance: 188.6781937570107
ID: 11213.0 Distance: 189.39361485155615
ID: 7306.0 Distance: 190.13720336656098
ID: 11201.0 Distance: 190.22663308851992
ID: 11212.0 Distance: 190.34177960644118
ID: 11203.0 Distance: 190.91971580893133
ID: 3820.0 Distance: 191.3152359293952
ID: 11203.0 Distance: 191.7008322878807
ID: 7302.0 Distance: 191.73083088758753
ID: 11203.0 Distance: 191.8498571412274
ID: 11215.0 Distance: 192.3874451725879
ID: 3867.0 Distance: 192.66808329825204
ID: 7109.0 Distance: 192.74380308796123
ID: 7042.0 Distance: 192.8223498987045
ID: 11229.0 Distance: 195.81427117487792
ID: 11219.0 Distance: 195.91197454558386
ID: 7102.0 Distance: 196.07557939266903
ID: 7101.0 Distance: 197.2606628263098
ID: 7018.0 Distance: 197.38423139394615
ID: 2601.0 Distance: 198.634043031291
ID: 11235.0 Distance: 199.18738872359717
ID: 7002.0 Distance: 199.21034288875595
ID: 3909.0 Distance: 200.40500019101427
ID: 7112.0 Distance: 201.02670325165855
ID: 10304.0 Distance: 201.67263475449084
ID: 7834.0 Distance: 201.6762308431085
ID: 7039.0 Distance: 201.90579291856724
ID: 13326.0 Distance: 202.7524759795036
ID: 10305.0 Distance: 205.18921762942867
ID: 7207.0 Distance: 205.3333959119335
ID: 13820.0 Distance: 205.79666856626972
ID: 7902.0 Distance: 208.8706344863973
ID: 7962.0 Distance: 209.48835413940793
ID: 7860.0 Distance: 211.33041586102445
ID: 7065.0 Distance: 213.5067200299882
ID: 8861.0 Distance: 221.07646336250693
ID: 8818.0 Distance: 221.59300198606485
ID: 7701.0 Distance: 225.36148483829157
ID: 2554.0 Distance: 225.95464308146595
ID: 18431.0 Distance: 226.0815471265499
ID: 7733.0 Distance: 226.57448649104091
ID: 7840.0 Distance: 226.99623674798858
ID: 7740.0 Distance: 227.43828217602976
ID: 8901.0 Distance: 232.16963593589546
ID: 8901.0 Distance: 232.18285784407766
ID: 4005.0 Distance: 234.045240069727
ID: 8876.0 Distance: 234.5090735830763
ID: 5641.0 Distance: 237.78525092071078
ID: 7754.0 Distance: 238.15758614958835
ID: 18301.0 Distance: 244.2737544152455
ID: 13501.0 Distance: 245.5345923891056
ID: 13815.0 Distance: 245.67657904674348
ID: 13503.0 Distance: 246.84590188844933
ID: 7728.0 Distance: 247.74814100781913
ID: 18360.0 Distance: 250.17107000045064
ID: 8822.0 Distance: 253.46902235284162
ID: 8724.0 Distance: 254.7206199509243
ID: 8536.0 Distance: 254.81147953028346
ID: 8701.0 Distance: 258.82534122757187
ID: 4102.0 Distance: 259.98990568393674
ID: 4101.0 Distance: 260.4706419124767
ID: 8865.0 Distance: 262.13432421141533
ID: 18510.0 Distance: 262.3628956458448
ID: 18510.0 Distance: 262.4217387016931
ID: 18501.0 Distance: 262.5895488254964
ID: 13440.0 Distance: 265.62259719683874
ID: 18042.0 Distance: 267.40134748369786
ID: 8690.0 Distance: 268.005056090592
ID: 8534.0 Distance: 269.01653566098133
ID: 8755.0 Distance: 269.1634933423295
ID: 8638.0 Distance: 270.7228169558749
ID: 8629.0 Distance: 271.76580772608895
ID: 13903.0 Distance: 272.7547010329649
ID: 18045.0 Distance: 273.0904213726808
ID: 5401.0 Distance: 273.18502066786107
ID: 13421.0 Distance: 273.7457086940307
ID: 13905.0 Distance: 274.53691344874
ID: 18017.0 Distance: 276.8685553076149
ID: 18711.0 Distance: 280.33949019450836
ID: 18017.0 Distance: 281.6325782452936
ID: 12983.0 Distance: 282.8908312501035
ID: 18015.0 Distance: 282.9113090277837
ID: 19047.0 Distance: 284.48842538295906
ID: 8015.0 Distance: 284.72779319967344
ID: 18764.0 Distance: 284.8572732819064
ID: 18102.0 Distance: 288.054733607632
ID: 19007.0 Distance: 288.1433646358893
ID: 18901.0 Distance: 288.25600308500395
ID: 18657.0 Distance: 289.53500588564305
ID: 18951.0 Distance: 291.4198784003061
ID: 18104.0 Distance: 292.034263295267
ID: 19020.0 Distance: 292.81862254666953
ID: 18235.0 Distance: 293.3634199360508
ID: 8046.0 Distance: 293.88711057670355
ID: 8060.0 Distance: 294.5653748750104
ID: 18105.0 Distance: 294.6038205795176
ID: 18960.0 Distance: 295.25578166420024
ID: 18960.0 Distance: 295.30050504806644
ID: 8050.0 Distance: 295.794118409865
ID: 19114.0 Distance: 297.40864673432463
ID: 4240.0 Distance: 298.9926634455816
ID: 4243.0 Distance: 299.7470967443962
ID: 19046.0 Distance: 299.92130634137646
ID: 19446.0 Distance: 300.1989610959252
ID: 13045.0 Distance: 300.316002490021
ID: 19001.0 Distance: 301.33182263517926
ID: 4011.0 Distance: 301.7585442536282
ID: 19152.0 Distance: 301.7989073453657
ID: 12901.0 Distance: 301.8264697220074
ID: 19111.0 Distance: 303.438169879777
ID: 18201.0 Distance: 305.3744282160976
ID: 5478.0 Distance: 307.7657804690391
ID: 18218.0 Distance: 307.9431067034394
ID: 13210.0 Distance: 308.9085951127816
ID: 13210.0 Distance: 309.03783427896434
ID: 19141.0 Distance: 309.3906346326463
ID: 19118.0 Distance: 309.9279674279481
ID: 13203.0 Distance: 310.3056945012951
ID: 19401.0 Distance: 311.38041676910257
ID: 19403.0 Distance: 312.1480031989996
ID: 19140.0 Distance: 312.3950052342809
ID: 19401.0 Distance: 313.1974427934661
ID: 19122.0 Distance: 313.4447070642536
ID: 19128.0 Distance: 313.8967064590427
ID: 8043.0 Distance: 314.10180019128956
ID: 8103.0 Distance: 315.7213617919968
ID: 8103.0 Distance: 315.79771279900524
ID: 19408.0 Distance: 316.54140419528574
ID: 19102.0 Distance: 317.0794880836165
ID: 19107.0 Distance: 317.43257358394493
ID: 19107.0 Distance: 317.64320238926564
ID: 18848.0 Distance: 319.00627885230324
ID: 19104.0 Distance: 319.037238945805
ID: 19104.0 Distance: 319.3245506030337
ID: 8084.0 Distance: 319.59875689181507
ID: 19096.0 Distance: 319.93126566230455
ID: 19468.0 Distance: 320.5708130638103
ID: 18603.0 Distance: 320.71949792520076
ID: 19010.0 Distance: 321.19474664285013
ID: 19464.0 Distance: 322.48230816414997
ID: 18840.0 Distance: 323.1474209612688
ID: 19026.0 Distance: 324.20762267187416
ID: 19460.0 Distance: 324.99239278094296
ID: 19023.0 Distance: 325.6813977907735
ID: 8096.0 Distance: 325.86913748119787
ID: 14850.0 Distance: 326.3416191475768
ID: 19301.0 Distance: 330.1826084004644
ID: 17901.0 Distance: 335.12085583253287
ID: 17901.0 Distance: 335.4768907867262
ID: 19063.0 Distance: 336.2252896689935
ID: 19013.0 Distance: 337.23503951809795
ID: 8401.0 Distance: 337.45651972077496
ID: 19605.0 Distance: 338.28534973396677
ID: 13021.0 Distance: 338.65664141515805
ID: 19603.0 Distance: 339.2321107146956
ID: 12953.0 Distance: 339.33969364443766
ID: 19610.0 Distance: 340.0295046493537
ID: 17815.0 Distance: 340.51623660131077
ID: 19380.0 Distance: 341.9175889258492
ID: 13601.0 Distance: 342.0780203417747
ID: 4330.0 Distance: 343.6738894359418
ID: 14902.0 Distance: 345.5841565506549
ID: 8079.0 Distance: 346.7202250510667
ID: 4938.0 Distance: 347.19408225004145
ID: 8244.0 Distance: 348.065253311037
ID: 14905.0 Distance: 348.1000893989935
ID: 13676.0 Distance: 348.4208668287492
ID: 8318.0 Distance: 349.7621222037352
ID: 19320.0 Distance: 350.5871315752029
ID: 17822.0 Distance: 354.0941168827918
ID: 13126.0 Distance: 354.5591146072076
ID: 8360.0 Distance: 356.42399986376296
ID: 19805.0 Distance: 357.33679697568584
ID: 14830.0 Distance: 359.7653240959017
ID: 17522.0 Distance: 364.505407319649
ID: 4901.0 Distance: 364.7920810568514
ID: 4856.0 Distance: 368.2367260227201
ID: 19718.0 Distance: 368.3804999123834
ID: 13662.0 Distance: 369.6555538287738
ID: 14456.0 Distance: 370.37169241383623
ID: 19390.0 Distance: 371.02525563346336
ID: 17042.0 Distance: 371.6464053760488
ID: 17801.0 Distance: 371.9999104733879
ID: 13669.0 Distance: 374.3487308492475
ID: 17837.0 Distance: 375.80245618945946
ID: 17701.0 Distance: 376.9477397543405
ID: 17543.0 Distance: 377.0232349406419
ID: 8210.0 Distance: 379.42391136458957
ID: 17604.0 Distance: 382.142326783396
ID: 17604.0 Distance: 383.6874913818482
ID: 14513.0 Distance: 384.20589311777223
ID: 14432.0 Distance: 384.2516840660235
ID: 21921.0 Distance: 384.36577554759674
ID: 14810.0 Distance: 385.97197796356835
ID: 16901.0 Distance: 389.6904015273305
ID: 14424.0 Distance: 394.372636063237
ID: 17033.0 Distance: 394.44986174320604
ID: 21078.0 Distance: 405.11878730629587
ID: 19901.0 Distance: 406.2778227369843
ID: 17105.0 Distance: 409.4851294000365
ID: 17011.0 Distance: 413.27810341497053
ID: 17403.0 Distance: 414.04340136113007
ID: 14843.0 Distance: 417.0051585955737
ID: 17745.0 Distance: 417.06129263183647
ID: 17403.0 Distance: 417.1779811967494
ID: 17402.0 Distance: 417.5123154209769
ID: 17403.0 Distance: 418.5131170665129
ID: 14437.0 Distance: 421.9388722936158
ID: 21014.0 Distance: 422.7375278380829
ID: 19958.0 Distance: 423.8412004389768
ID: 19963.0 Distance: 424.0723194168304
ID: 14620.0 Distance: 425.9755793577507
ID: 14621.0 Distance: 426.0432901507184
ID: 14642.0 Distance: 427.0215955971871
ID: 21620.0 Distance: 429.8083711790162
ID: 4401.0 Distance: 434.62567435554536
ID: 14626.0 Distance: 435.39296415748146
ID: 4401.0 Distance: 435.5476389031563
ID: 4605.0 Distance: 437.6739094546682
ID: 17015.0 Distance: 439.0661878709366
ID: 14895.0 Distance: 440.68382850568025
ID: 21237.0 Distance: 443.7902078808491
ID: 17044.0 Distance: 443.82254475542703
ID: 17331.0 Distance: 444.44281107014046
ID: 21204.0 Distance: 449.36064665771215
ID: 21239.0 Distance: 450.0336695606476
ID: 21204.0 Distance: 451.1395802329437
ID: 21224.0 Distance: 452.7828248410031
ID: 21218.0 Distance: 453.95828945478405
ID: 21287.0 Distance: 455.0311262888991
ID: 21215.0 Distance: 455.1763833798666
ID: 21215.0 Distance: 455.28057153802285
ID: 21202.0 Distance: 456.6789811988264
ID: 21201.0 Distance: 456.70571491605784
ID: 19973.0 Distance: 456.9040889933403
ID: 16803.0 Distance: 457.4625476303152
ID: 21201.0 Distance: 457.77209709545707
ID: 21223.0 Distance: 459.25261407881874
ID: 14569.0 Distance: 459.70406701188807
ID: 21225.0 Distance: 459.8803222383506
ID: 21207.0 Distance: 461.0188602505148
ID: 17325.0 Distance: 461.09161867117325
ID: 21157.0 Distance: 461.7667818003709
ID: 21229.0 Distance: 462.07997331109755
ID: 21133.0 Distance: 462.33159440154174
ID: 14020.0 Distance: 468.1104926727388
ID: 21811.0 Distance: 468.9319745186534
ID: 21601.0 Distance: 468.9724807286635
ID: 21061.0 Distance: 469.33412101763975
ID: 21401.0 Distance: 475.84341266439225
ID: 21044.0 Distance: 479.80219422679835
ID: 14760.0 Distance: 480.0992347977062
ID: 21801.0 Distance: 483.0573285709717
ID: 16652.0 Distance: 483.9544028135415
ID: 17201.0 Distance: 484.1222916752532
ID: 20707.0 Distance: 489.2541013797428
ID: 17268.0 Distance: 489.2723040910672
ID: 20832.0 Distance: 495.04680253426375
ID: 20706.0 Distance: 496.4617727288972
ID: 16830.0 Distance: 499.08165341264515
ID: 21701.0 Distance: 499.7545734970903
ID: 16701.0 Distance: 499.82068613903107
ID: 14141.0 Distance: 499.9968306093136
ID: 20785.0 Distance: 503.8153173031708
ID: 20910.0 Distance: 504.3259630908451
ID: 20912.0 Distance: 504.5136541186732
ID: 20876.0 Distance: 505.14078806416
ID: 21742.0 Distance: 505.55186917332696
ID: 20017.0 Distance: 507.1273854211619
ID: 20850.0 Distance: 508.41775279457937
ID: 20010.0 Distance: 509.6741825859196
ID: 20814.0 Distance: 510.41822861923356
ID: 20060.0 Distance: 510.95287168653266
ID: 14094.0 Distance: 511.1954371881192
ID: 16601.0 Distance: 512.8223889743227
ID: 20037.0 Distance: 514.0905699169333
ID: 20007.0 Distance: 514.7615185554666
ID: 20016.0 Distance: 514.9835411405799
ID: 20678.0 Distance: 515.0828240872999
ID: 20032.0 Distance: 515.2005896150171
ID: 20735.0 Distance: 515.6849708025161
ID: 16735.0 Distance: 515.6861949275502
ID: 14220.0 Distance: 516.227032863527
ID: 14215.0 Distance: 519.0330229022196
ID: 14210.0 Distance: 519.6520355160354
ID: 22205.0 Distance: 519.7880418305753
ID: 16673.0 Distance: 519.9031065412971
ID: 14214.0 Distance: 520.3604129508866
ID: 15801.0 Distance: 523.2725987281005
ID: 22304.0 Distance: 523.5929796055275
ID: 14217.0 Distance: 523.8031707026557
ID: 20744.0 Distance: 524.2398348509994
ID: 20176.0 Distance: 528.3196143475745
ID: 22306.0 Distance: 528.4326137320877
ID: 22042.0 Distance: 528.4986658649134
ID: 20190.0 Distance: 529.1209769305942
ID: 21817.0 Distance: 529.339712048634
ID: 16646.0 Distance: 531.9273433153792
ID: 25401.0 Distance: 535.611755159247
ID: 22033.0 Distance: 536.043564105833
ID: 15537.0 Distance: 538.0343202477375
ID: 14081.0 Distance: 538.5742322295772
ID: 20646.0 Distance: 539.3288841539613
ID: 14092.0 Distance: 539.3639345238354
ID: 14302.0 Distance: 539.5118135000253
ID: 20650.0 Distance: 539.9668405451581
ID: 16365.0 Distance: 541.6345814229069
ID: 20166.0 Distance: 542.2880724490984
ID: 15767.0 Distance: 545.7521577827249
ID: 14701.0 Distance: 546.4171812757165
ID: 22191.0 Distance: 549.3102109428228
ID: 20110.0 Distance: 551.6961865273029
ID: 23417.0 Distance: 552.7394667578515
ID: 14048.0 Distance: 555.1279299080186
ID: 20169.0 Distance: 557.5975137116435
ID: 15963.0 Distance: 558.9978483045104
ID: 15905.0 Distance: 562.7467506373983
ID: 22601.0 Distance: 568.635929405933
ID: 15701.0 Distance: 569.7904851687903
ID: 16214.0 Distance: 572.2234508121984
ID: 22554.0 Distance: 574.3475126552526
ID: 20186.0 Distance: 576.3884935296378
ID: 21502.0 Distance: 580.3863685676527
ID: 22630.0 Distance: 586.6263073902659
ID: 22401.0 Distance: 587.3079654983807
ID: 22560.0 Distance: 588.1584821114938
ID: 15501.0 Distance: 588.3631289687524
ID: 16346.0 Distance: 593.4584717634971
ID: 22408.0 Distance: 595.6198774697083
ID: 16201.0 Distance: 595.788613106459
ID: 15650.0 Distance: 599.4855562780472
ID: 22701.0 Distance: 608.7677480141563
ID: 15601.0 Distance: 613.0327254378925
ID: 23061.0 Distance: 615.662667669866
ID: 15065.0 Distance: 615.9922257579674
ID: 16544.0 Distance: 616.2429764956993
ID: 16550.0 Distance: 616.7257152061621
ID: 16509.0 Distance: 617.4570284217249
ID: 15666.0 Distance: 618.9565822327123
ID: 16001.0 Distance: 619.9657864505479
ID: 15146.0 Distance: 623.5306996708971
ID: 15146.0 Distance: 624.236552124828
ID: 16335.0 Distance: 625.6862949267298
ID: 15425.0 Distance: 627.1851074447765
ID: 16127.0 Distance: 628.85537199308
ID: 4769.0 Distance: 630.4003396359539
ID: 23188.0 Distance: 632.8686035305847
ID: 15215.0 Distance: 633.2213567350103
ID: 15132.0 Distance: 634.4761758112738
ID: 23185.0 Distance: 637.5258574159117
ID: 15224.0 Distance: 638.2286734347446
ID: 23116.0 Distance: 639.3195869117886
ID: 15237.0 Distance: 639.8420261203938
ID: 15213.0 Distance: 640.0721313673918
ID: 15213.0 Distance: 640.2532527656772
ID: 23602.0 Distance: 640.5452673514408
ID: 15219.0 Distance: 642.27354508557
ID: 15025.0 Distance: 642.4411014096199
ID: 15212.0 Distance: 642.9349275663981
ID: 21550.0 Distance: 643.1465699405975
ID: 23666.0 Distance: 643.6418480640084
ID: 15401.0 Distance: 644.4656843246087
ID: 15063.0 Distance: 646.0296779615328
ID: 23601.0 Distance: 647.0707715474324
ID: 23454.0 Distance: 647.8230374782382
ID: 16125.0 Distance: 647.8788038300897
ID: 4736.0 Distance: 648.2323629348623
ID: 23223.0 Distance: 648.2455122297243
ID: 15136.0 Distance: 649.4221076384713
ID: 23298.0 Distance: 649.4844244680882
ID: 23229.0 Distance: 649.9230084866161
ID: 23226.0 Distance: 650.1273687847546
ID: 15243.0 Distance: 650.9136969659393
ID: 16117.0 Distance: 652.0559188392378
ID: 16154.0 Distance: 653.1298038090881
ID: 15143.0 Distance: 654.066211026552
ID: 23505.0 Distance: 654.5046295987465
ID: 16105.0 Distance: 654.7081156394618
ID: 23502.0 Distance: 655.6066956847632
ID: 23235.0 Distance: 657.018114408164
ID: 23507.0 Distance: 659.0481165156203
ID: 23456.0 Distance: 659.4499281202103
ID: 4743.0 Distance: 660.1068890367437
ID: 15009.0 Distance: 660.275912333763
ID: 16146.0 Distance: 661.4241312891817
ID: 23860.0 Distance: 662.8816832711393
ID: 23707.0 Distance: 663.4491025204543
ID: 15317.0 Distance: 665.6489457534637
ID: 22801.0 Distance: 667.6974780799744
ID: 23320.0 Distance: 668.1896835320787
ID: 23114.0 Distance: 668.4062801341476
ID: 22911.0 Distance: 669.1398262563525
ID: 26505.0 Distance: 671.7552777047717
ID: 22908.0 Distance: 671.9771496777545
ID: 15301.0 Distance: 672.5507938693297
ID: 26506.0 Distance: 672.9702742377171
ID: 15301.0 Distance: 676.2050115534946
ID: 44004.0 Distance: 676.6695226274283
ID: 44501.0 Distance: 676.8319905397752
ID: 44501.0 Distance: 677.1806575744621
ID: 23805.0 Distance: 677.7113115598995
ID: 15370.0 Distance: 678.4741925387389
ID: 44512.0 Distance: 679.3951922161039
ID: 23439.0 Distance: 679.5214021331556
ID: 44512.0 Distance: 680.2569015324948
ID: 44084.0 Distance: 684.2466022582742
ID: 43920.0 Distance: 684.5307203981856
ID: 44481.0 Distance: 684.5844041955012
ID: 44482.0 Distance: 686.248326325962
ID: 26062.0 Distance: 687.255899119427
ID: 43952.0 Distance: 696.5403934505549
ID: 44460.0 Distance: 696.7173363628037
ID: 26554.0 Distance: 697.4854790685481
ID: 22939.0 Distance: 698.7896664115715
ID: 23851.0 Distance: 703.0696566000311
ID: 26241.0 Distance: 704.2793042003728
ID: 27909.0 Distance: 709.4834272586075
ID: 26330.0 Distance: 710.9750940688488
ID: 26003.0 Distance: 712.3213626597513
ID: 43935.0 Distance: 713.592142213172
ID: 44024.0 Distance: 713.6333212051967
ID: 26003.0 Distance: 715.2048524554593
ID: 44077.0 Distance: 716.3238196298555
ID: 43906.0 Distance: 717.896649054922
ID: 44601.0 Distance: 718.7654872994597
ID: 26038.0 Distance: 722.3432251640829
ID: 44266.0 Distance: 724.5557648146271
ID: 23901.0 Distance: 724.7208190770399
ID: 23847.0 Distance: 730.704888544138
ID: 44124.0 Distance: 733.8399932708562
ID: 44143.0 Distance: 737.3750540494539
ID: 44122.0 Distance: 739.7732027120352
ID: 26155.0 Distance: 741.2609322241257
ID: 44119.0 Distance: 742.0387503686795
ID: 44122.0 Distance: 743.3230540362671
ID: 27910.0 Distance: 744.828415470866
ID: 26452.0 Distance: 745.0034108299789
ID: 44708.0 Distance: 745.1138538542718
ID: 44710.0 Distance: 746.1345939008309
ID: 44223.0 Distance: 746.9153501644544
ID: 44309.0 Distance: 747.2677468051666
ID: 44310.0 Distance: 747.9316144431868
ID: 44106.0 Distance: 748.0397596018121
ID: 44125.0 Distance: 748.7862096734194
ID: 44195.0 Distance: 749.4396269250931
ID: 44307.0 Distance: 749.8908021119312
ID: 44115.0 Distance: 753.7849428682875
ID: 44646.0 Distance: 755.1524971345773
ID: 23970.0 Distance: 755.7850258781859
ID: 44109.0 Distance: 756.3258858022408
ID: 44113.0 Distance: 756.7546005132624
ID: 44622.0 Distance: 758.394094886371
ID: 44129.0 Distance: 760.4115846373068
ID: 27870.0 Distance: 761.0398067800709
ID: 24501.0 Distance: 761.9736126534674
ID: 44111.0 Distance: 766.9280255530582
ID: 44130.0 Distance: 768.8398073567408
ID: 44256.0 Distance: 773.737989348008
ID: 44145.0 Distance: 777.0460182539681
ID: 44011.0 Distance: 779.6742366715927
ID: 24457.0 Distance: 780.3183981734475
ID: 43725.0 Distance: 784.3583621828501
ID: 44691.0 Distance: 788.7018048571214
ID: 24523.0 Distance: 789.0088996802363
ID: 44035.0 Distance: 790.8900066939527
ID: 27892.0 Distance: 791.7628203329089
ID: 44654.0 Distance: 794.7064782599775
ID: 43812.0 Distance: 798.0097411785783
ID: 45750.0 Distance: 800.6975535498572
ID: 44053.0 Distance: 801.262885715465
ID: 24592.0 Distance: 803.9532656970073
ID: 27886.0 Distance: 805.0343222978049
ID: 27536.0 Distance: 808.2514251797407
ID: 48060.0 Distance: 810.8309468293744
ID: 48060.0 Distance: 810.9036699999426
ID: 27804.0 Distance: 813.7376052613209
ID: 48054.0 Distance: 813.7887826812678
ID: 26651.0 Distance: 813.8298995868024
ID: 26101.0 Distance: 815.6399232271676
ID: 44805.0 Distance: 818.7341520337467
ID: 27889.0 Distance: 819.0551769095543
ID: 27565.0 Distance: 819.3091108253325
ID: 24970.0 Distance: 821.962082718229
ID: 43701.0 Distance: 822.016551229957
ID: 24014.0 Distance: 823.9017419992507
ID: 27834.0 Distance: 828.6217088490833
ID: 24153.0 Distance: 828.9336390141929
ID: 27573.0 Distance: 833.9840829700108
ID: 44857.0 Distance: 835.1161361351361
ID: 44903.0 Distance: 839.347120046562
ID: 44870.0 Distance: 840.1289451563932
ID: 24151.0 Distance: 840.3580624943236
ID: 27893.0 Distance: 842.371918677598
ID: 43050.0 Distance: 842.6791427019689
ID: 24541.0 Distance: 844.0398335246985
ID: 44906.0 Distance: 844.2332257671463
ID: 48043.0 Distance: 847.239797999835
ID: 48236.0 Distance: 848.7110329948088
ID: 48230.0 Distance: 848.7828317481593
ID: 48038.0 Distance: 852.4590216997898
ID: 43055.0 Distance: 854.3975456447555
ID: 48093.0 Distance: 856.0323852319619
ID: 45701.0 Distance: 856.4571193755653
ID: 44811.0 Distance: 856.553981546158
ID: 24060.0 Distance: 859.5713131812452
ID: 48201.0 Distance: 860.3163899802416
ID: 48201.0 Distance: 860.5600655567665
ID: 48201.0 Distance: 860.5627127315076
ID: 27704.0 Distance: 861.0964498739937
ID: 27704.0 Distance: 861.8991858569891
ID: 24112.0 Distance: 862.1262273555269
ID: 48202.0 Distance: 862.8453182475491
ID: 48085.0 Distance: 863.268555892847
ID: 28560.0 Distance: 863.6996599557367
ID: 27609.0 Distance: 865.5521471210362
ID: 27710.0 Distance: 866.4595437636624
ID: 27710.0 Distance: 866.9986648871952
ID: 27710.0 Distance: 867.0102447589524
ID: 28501.0 Distance: 867.3703089852457
ID: 48307.0 Distance: 868.005035676399
ID: 27610.0 Distance: 868.0154885327684
ID: 48192.0 Distance: 868.4596049193103
ID: 25301.0 Distance: 869.221240235464
ID: 25301.0 Distance: 869.3719556861406
ID: 25801.0 Distance: 869.4158588320092
ID: 48413.0 Distance: 869.7023507701841
ID: 25301.0 Distance: 869.7526223200297
ID: 48235.0 Distance: 870.0684326370156
ID: 27288.0 Distance: 870.8009593497069
ID: 27607.0 Distance: 870.988304876065
ID: 48073.0 Distance: 871.3488627066423
ID: 48075.0 Distance: 872.3380527819313
ID: 48075.0 Distance: 872.5092255093565
ID: 25801.0 Distance: 872.5254828137018
ID: 24073.0 Distance: 873.1354083516036
ID: 27534.0 Distance: 873.3861252209557
ID: 48124.0 Distance: 873.6488191561498
ID: 48183.0 Distance: 874.4697914055599
ID: 25309.0 Distance: 876.3413753881143
ID: 43130.0 Distance: 876.8231538393001
ID: 43420.0 Distance: 876.9237710926081
ID: 48033.0 Distance: 877.1107196839561
ID: 48341.0 Distance: 878.2843174778859
ID: 48180.0 Distance: 878.4549508092349
ID: 25550.0 Distance: 879.1445282487443
ID: 48342.0 Distance: 879.5023187817754
ID: 27577.0 Distance: 880.3724990957146
ID: 43054.0 Distance: 880.5598899208615
ID: 48341.0 Distance: 881.0059913733813
ID: 27514.0 Distance: 881.7384021367728
ID: 48135.0 Distance: 881.7790618827454
ID: 27518.0 Distance: 882.1475674680244
ID: 48336.0 Distance: 882.335950029526
ID: 48446.0 Distance: 883.6439479769705
ID: 48184.0 Distance: 886.0989586267386
ID: 44883.0 Distance: 887.9835773404424
ID: 45631.0 Distance: 888.8544346993348
ID: 48322.0 Distance: 888.9640880106689
ID: 48154.0 Distance: 888.9663486236947
ID: 43230.0 Distance: 889.9805941954365
ID: 48162.0 Distance: 890.339729718601
ID: 24301.0 Distance: 891.3724122577715
ID: 28557.0 Distance: 891.6234286990008
ID: 43081.0 Distance: 892.3989245420619
ID: 27216.0 Distance: 893.2708030182371
ID: 43302.0 Distance: 893.3575318217427
ID: 24740.0 Distance: 894.643636695708
ID: 48382.0 Distance: 896.4956179744453
ID: 43015.0 Distance: 897.7720138837473
ID: 43215.0 Distance: 901.1057956719271
ID: 43616.0 Distance: 901.1910381039262
ID: 43616.0 Distance: 901.3485288637645
ID: 43210.0 Distance: 902.0818716881678
ID: 43214.0 Distance: 902.2093284554272
ID: 43222.0 Distance: 903.6626312344066
ID: 48198.0 Distance: 905.7629685988859
ID: 43608.0 Distance: 905.7801742502462
ID: 27401.0 Distance: 907.2683774982182
ID: 48439.0 Distance: 908.3913812556262
ID: 43113.0 Distance: 909.755736738575
ID: 48106.0 Distance: 909.9567531289719
ID: 43606.0 Distance: 910.0248323515765
ID: 43016.0 Distance: 910.4122076491935
ID: 24701.0 Distance: 910.61843263018
ID: 28540.0 Distance: 911.4476187369605
ID: 43623.0 Distance: 912.3158379297528
ID: 43699.0 Distance: 912.4628544753907
ID: 48116.0 Distance: 912.6492586426941
ID: 48503.0 Distance: 913.0992246208986
ID: 43228.0 Distance: 913.2837583520163
ID: 28334.0 Distance: 914.4818253606934
ID: 28349.0 Distance: 915.6194226822212
ID: 48109.0 Distance: 916.3611945193862
ID: 48532.0 Distance: 916.7559680200337
ID: 48764.0 Distance: 916.8658668770784
ID: 43560.0 Distance: 917.5111858072968
ID: 43537.0 Distance: 918.7011066581492
ID: 43402.0 Distance: 920.1758685709125
ID: 45601.0 Distance: 921.0140501436279
ID: 45669.0 Distance: 921.50212302107
ID: 24382.0 Distance: 922.4586041644077
ID: 43040.0 Distance: 922.8277690899668
ID: 25702.0 Distance: 922.9152649551097
ID: 24801.0 Distance: 923.0049560028514
ID: 27030.0 Distance: 925.6036133312738
ID: 45840.0 Distance: 925.6103046468565
ID: 25701.0 Distance: 926.156247302257
ID: 25601.0 Distance: 926.3047149337064
ID: 28328.0 Distance: 927.7962713653989
ID: 27330.0 Distance: 927.9420214690106
ID: 27261.0 Distance: 931.2832130511632
ID: 24333.0 Distance: 931.904642880641
ID: 48843.0 Distance: 932.6719364720743
ID: 48708.0 Distance: 932.9944843142224
ID: 49707.0 Distance: 934.6020409522184
ID: 27157.0 Distance: 936.3076438646174
ID: 48601.0 Distance: 936.7761476946264
ID: 24651.0 Distance: 937.3113392332654
ID: 48602.0 Distance: 938.1706811671679
ID: 27103.0 Distance: 938.6929691116005
ID: 41101.0 Distance: 938.788050906221
ID: 27103.0 Distance: 938.9240384694681
ID: 48118.0 Distance: 939.5596567898125
ID: 43140.0 Distance: 941.0138054538703
ID: 27204.0 Distance: 941.1734990371109
ID: 41101.0 Distance: 941.2699800487885
ID: 27360.0 Distance: 944.092133715161
ID: 49221.0 Distance: 944.8476915099268
ID: 48603.0 Distance: 946.1080692443819
ID: 43311.0 Distance: 950.4720870387457
ID: 45662.0 Distance: 950.9275918778065
ID: 45662.0 Distance: 952.4455362406005
ID: 48867.0 Distance: 953.1911382820601
ID: 28302.0 Distance: 954.9739157487834
ID: 24354.0 Distance: 956.3990667598559
ID: 25661.0 Distance: 956.9026818950784
ID: 41230.0 Distance: 957.1765889570382
ID: 28621.0 Distance: 957.7903789386801
ID: 41503.0 Distance: 958.805800191733
ID: 27293.0 Distance: 960.7215773475975
ID: 27293.0 Distance: 960.7541489308663
ID: 24641.0 Distance: 962.3564014934295
ID: 28376.0 Distance: 963.878871015756
ID: 48670.0 Distance: 964.9928237656553
ID: 28374.0 Distance: 966.0688014631636
ID: 24614.0 Distance: 967.1498161871082
ID: 45804.0 Distance: 967.7051618760561
ID: 45804.0 Distance: 968.7934919164992
ID: 45502.0 Distance: 968.94169190399
ID: 45504.0 Distance: 969.1154581128174
ID: 27028.0 Distance: 970.1798526042747
ID: 45801.0 Distance: 970.234598074249
ID: 49201.0 Distance: 970.7307453265202
ID: 48661.0 Distance: 974.1327519543553
ID: 43512.0 Distance: 977.2611705231097
ID: 48912.0 Distance: 981.2947172141197
ID: 28144.0 Distance: 982.0624584403984
ID: 48910.0 Distance: 982.9515118994746
ID: 45385.0 Distance: 986.181956775507
ID: 28659.0 Distance: 986.2484465850396
ID: 45365.0 Distance: 987.3795676024479
ID: 41501.0 Distance: 988.0312214245592
ID: 28402.0 Distance: 988.6833610637257
ID: 28402.0 Distance: 988.6863489701038
ID: 28402.0 Distance: 988.7011373198027
ID: 28402.0 Distance: 988.7041251792191
ID: 41240.0 Distance: 988.7229878591913
ID: 45177.0 Distance: 988.748515829102
ID: 28401.0 Distance: 990.1913102931873
ID: 41653.0 Distance: 990.3640671403642
ID: 43506.0 Distance: 992.1711995139646
ID: 28687.0 Distance: 992.5326677767237
ID: 28001.0 Distance: 992.8292032063024
ID: 49242.0 Distance: 993.0465661269866
ID: 24266.0 Distance: 993.8725086481248
ID: 45431.0 Distance: 994.5714511651975
ID: 24211.0 Distance: 994.5967907641616
ID: 48801.0 Distance: 994.6095492292434
ID: 28359.0 Distance: 995.8412264372329
ID: 45885.0 Distance: 995.9626107478257
ID: 28677.0 Distance: 997.1247720377269
ID: 45373.0 Distance: 997.6223991980424
ID: 48858.0 Distance: 1004.6089563198665
ID: 45409.0 Distance: 1005.4276930639509
ID: 45891.0 Distance: 1005.616035740247
ID: 45405.0 Distance: 1005.953378225918
ID: 45417.0 Distance: 1006.4566388453283
ID: 28345.0 Distance: 1006.8493141846299
ID: 45429.0 Distance: 1007.5727226698243
ID: 48811.0 Distance: 1007.6919336919588
ID: 45406.0 Distance: 1007.7596457201261
ID: 28352.0 Distance: 1007.8105948213126
ID: 48617.0 Distance: 1007.9470737536137
ID: 28472.0 Distance: 1009.3567347270997
ID: 28025.0 Distance: 1010.390510905929
ID: 45342.0 Distance: 1014.4017381008075
ID: 28607.0 Distance: 1015.3537361770823
ID: 40351.0 Distance: 1016.0346718839747
ID: 28117.0 Distance: 1016.1349269975248
ID: 49068.0 Distance: 1016.9934046845518
ID: 49738.0 Distance: 1018.9134008463262
ID: 45828.0 Distance: 1019.6799348360875
ID: 41056.0 Distance: 1021.3099170962855
ID: 28170.0 Distance: 1021.807514461898
ID: 49036.0 Distance: 1022.1937754006102
ID: 28462.0 Distance: 1023.5858776022643
ID: 45005.0 Distance: 1024.8483784856307
ID: 49735.0 Distance: 1025.9573954057319
ID: 41041.0 Distance: 1027.5857058947963
ID: 37620.0 Distance: 1028.0637171336657
ID: 45103.0 Distance: 1028.0938419857416
ID: 28602.0 Distance: 1028.2549687628823
ID: 28078.0 Distance: 1028.3179534893939
ID: 28645.0 Distance: 1029.8220927952557
ID: 28262.0 Distance: 1029.938852267157
ID: 45331.0 Distance: 1030.543922594363
ID: 28601.0 Distance: 1030.7578980699616
ID: 24273.0 Distance: 1031.5456357805729
ID: 41858.0 Distance: 1031.8554535768387
ID: 46706.0 Distance: 1033.312819822962
ID: 29536.0 Distance: 1033.3330312798814
ID: 45069.0 Distance: 1034.5940385706815
ID: 49017.0 Distance: 1034.8834017074578
ID: 45242.0 Distance: 1036.6761867558098
ID: 29520.0 Distance: 1036.7012186571262
ID: 45236.0 Distance: 1041.7463448354185
ID: 46845.0 Distance: 1041.8296363712052
ID: 46845.0 Distance: 1041.8898059410212
ID: 48838.0 Distance: 1042.264813209975
ID: 28092.0 Distance: 1042.3269571323053
ID: 28233.0 Distance: 1042.4612352664592
ID: 46825.0 Distance: 1042.7264608415173
ID: 45241.0 Distance: 1043.071802936883
ID: 24219.0 Distance: 1043.0878053008944
ID: 28106.0 Distance: 1043.800175146565
ID: 28203.0 Distance: 1044.0458310617337
ID: 49058.0 Distance: 1044.0575536480337
ID: 45255.0 Distance: 1044.1541291153392
ID: 37643.0 Distance: 1044.6217339348043
ID: 41339.0 Distance: 1044.976378160812
ID: 28112.0 Distance: 1045.1739203843013
ID: 29569.0 Distance: 1045.6809829700053
ID: 46802.0 Distance: 1047.9046646924037
ID: 37660.0 Distance: 1048.3539112232188
ID: 45014.0 Distance: 1048.4160880212073
ID: 45013.0 Distance: 1048.8784211116833
ID: 37662.0 Distance: 1050.9135680439458
ID: 41701.0 Distance: 1051.799923689404
ID: 28655.0 Distance: 1051.8090126521533
ID: 29574.0 Distance: 1053.4896151121447
ID: 46755.0 Distance: 1053.5618846255873
ID: 41075.0 Distance: 1053.887624514415
ID: 45219.0 Distance: 1054.3844688385693
ID: 49783.0 Distance: 1055.406693568589
ID: 28210.0 Distance: 1055.4395988225506
ID: 45219.0 Distance: 1055.4595872084126
ID: 45220.0 Distance: 1055.6385272643058
ID: 37604.0 Distance: 1055.759412446533
ID: 28052.0 Distance: 1056.3256599482158
ID: 37604.0 Distance: 1056.6107566682792
ID: 46804.0 Distance: 1056.9356923127136
ID: 46804.0 Distance: 1056.9473890558504
ID: 46714.0 Distance: 1057.011530288865
ID: 49770.0 Distance: 1058.1188881755443
ID: 49091.0 Distance: 1058.129250425119
ID: 47374.0 Distance: 1058.1693723811093
ID: 45056.0 Distance: 1058.879880684754
ID: 40353.0 Distance: 1060.2387725010176
ID: 45211.0 Distance: 1060.6813430132158
ID: 49307.0 Distance: 1062.7681149258772
ID: 49601.0 Distance: 1063.6286454850208
ID: 41017.0 Distance: 1064.2891862036697
ID: 49048.0 Distance: 1066.396152700708
ID: 49007.0 Distance: 1068.1439193536428
ID: 41042.0 Distance: 1069.6430088181141
ID: 41031.0 Distance: 1070.0128666685969
ID: 37650.0 Distance: 1071.057950657647
ID: 29572.0 Distance: 1071.139429013105
ID: 28086.0 Distance: 1072.0761963962116
ID: 46725.0 Distance: 1072.4210277964637
ID: 49503.0 Distance: 1073.4516135101806
ID: 49503.0 Distance: 1073.6900377983
ID: 29506.0 Distance: 1074.0396479736644
ID: 40361.0 Distance: 1075.4986006648576
ID: 49093.0 Distance: 1076.4502766549238
ID: 29526.0 Distance: 1076.6658453579985
ID: 29505.0 Distance: 1077.0476015080296
ID: 29730.0 Distance: 1077.5184309447002
ID: 29550.0 Distance: 1077.827575504663
ID: 49519.0 Distance: 1077.9399555690238
ID: 28150.0 Distance: 1078.2393054945242
ID: 46750.0 Distance: 1079.3870740209045
ID: 28752.0 Distance: 1080.8653956764927
ID: 29720.0 Distance: 1082.7102253125815
ID: 40391.0 Distance: 1084.5928848423264
ID: 47331.0 Distance: 1085.421997729861
ID: 47025.0 Distance: 1085.904987053462
ID: 40831.0 Distance: 1087.6262216899017
ID: 47303.0 Distance: 1091.1887648140741
ID: 49684.0 Distance: 1093.3566018673216
ID: 37857.0 Distance: 1093.798472501403
ID: 37745.0 Distance: 1094.0238059904666
ID: 47362.0 Distance: 1094.6659843540583
ID: 46526.0 Distance: 1096.0518581608123
ID: 40962.0 Distance: 1098.3565110021843
ID: 37743.0 Distance: 1099.460803954924
ID: 49464.0 Distance: 1099.8822770281
ID: 29576.0 Distance: 1100.3566699141763
ID: 28139.0 Distance: 1100.387780405752
ID: 46580.0 Distance: 1100.7941823566755
ID: 29340.0 Distance: 1101.5542022750658
ID: 46952.0 Distance: 1101.8902197482564
ID: 40324.0 Distance: 1102.4152230456682
ID: 40509.0 Distance: 1102.4791541743461
ID: 29560.0 Distance: 1103.6285499204032
ID: 40475.0 Distance: 1105.4989968752313
ID: 40536.0 Distance: 1105.9775161695663
ID: 40503.0 Distance: 1107.1471868219421
ID: 40504.0 Distance: 1107.2711148455041
ID: 46514.0 Distance: 1107.842510491268
ID: 29706.0 Distance: 1108.3807136059067
ID: 49423.0 Distance: 1110.2204025213182
ID: 29020.0 Distance: 1112.684693367884
ID: 46011.0 Distance: 1115.9798558652626
ID: 46016.0 Distance: 1116.0205351080613
ID: 40977.0 Distance: 1119.3007692243145
ID: 49417.0 Distance: 1119.6979262939242
ID: 49442.0 Distance: 1121.3097709380586
ID: 28801.0 Distance: 1121.6754883372007
ID: 46545.0 Distance: 1122.3555794377971
ID: 46545.0 Distance: 1122.817305281331
ID: 49090.0 Distance: 1123.5922291207517
ID: 49098.0 Distance: 1123.8458819855512
ID: 29307.0 Distance: 1126.7878317285697
ID: 40741.0 Distance: 1126.8469743858936
ID: 37814.0 Distance: 1126.8966316669607
ID: 37814.0 Distance: 1127.13505731555
ID: 29440.0 Distance: 1128.8393556098395
ID: 46601.0 Distance: 1129.1342166279449
ID: 29150.0 Distance: 1129.2822475461562
ID: 40456.0 Distance: 1129.8217857569916
ID: 29303.0 Distance: 1130.4810761729805
ID: 40601.0 Distance: 1130.7503415004444
ID: 40965.0 Distance: 1131.7656811173847
ID: 28792.0 Distance: 1131.944178295184
ID: 37879.0 Distance: 1132.1955397036922
ID: 46140.0 Distance: 1132.4783927059138
ID: 29379.0 Distance: 1132.5152132330793
ID: 49660.0 Distance: 1133.5853285789588
ID: 28791.0 Distance: 1135.95090040317
ID: 37821.0 Distance: 1135.960619925575
ID: 47250.0 Distance: 1137.7241968400326
ID: 46037.0 Distance: 1138.524663467273
ID: 40701.0 Distance: 1139.5441143048681
ID: 46563.0 Distance: 1140.9498407773965
ID: 49431.0 Distance: 1141.9284780948199
ID: 46176.0 Distance: 1141.9504174864621
ID: 46902.0 Distance: 1142.8021649934035
ID: 49085.0 Distance: 1143.4019201791223
ID: 46904.0 Distance: 1144.3177036409336
ID: 29102.0 Distance: 1144.3202896664059
ID: 46060.0 Distance: 1145.5584600300415
ID: 40422.0 Distance: 1147.1114028818397
ID: 37760.0 Distance: 1149.5140458002024
ID: 46256.0 Distance: 1151.3426858772998
ID: 46256.0 Distance: 1151.430966890493
ID: 28721.0 Distance: 1151.6884634516457
ID: 29650.0 Distance: 1153.2701456092964
ID: 40065.0 Distance: 1154.2035465230895
ID: 46947.0 Distance: 1154.5475096343196
ID: 29651.0 Distance: 1156.3184861433917
ID: 40031.0 Distance: 1156.4544370703652
ID: 29203.0 Distance: 1157.0971864468254
ID: 29204.0 Distance: 1157.2038969191997
ID: 46032.0 Distance: 1157.3793389609814
ID: 46219.0 Distance: 1157.850514727
ID: 29212.0 Distance: 1158.9071875801346
ID: 29220.0 Distance: 1158.9583538589968
ID: 46032.0 Distance: 1159.006493243998
ID: 46032.0 Distance: 1159.3126836654455
ID: 46290.0 Distance: 1159.919292467691
ID: 37762.0 Distance: 1162.0865407136705
ID: 46237.0 Distance: 1162.913545465459
ID: 47201.0 Distance: 1163.2411307049158
ID: 47201.0 Distance: 1163.277675739022
ID: 47201.0 Distance: 1163.3875314793502
ID: 29169.0 Distance: 1163.54170372704
ID: 46260.0 Distance: 1163.8573645881602
ID: 29615.0 Distance: 1164.0275834365684
ID: 46202.0 Distance: 1164.9664173462422
ID: 46534.0 Distance: 1165.628421080136
ID: 29108.0 Distance: 1166.880453930556
ID: 29108.0 Distance: 1166.8830242368717
ID: 42503.0 Distance: 1167.045343951149
ID: 46202.0 Distance: 1167.0522257318462
ID: 46227.0 Distance: 1167.5348154349904
ID: 37862.0 Distance: 1168.2137725034409
ID: 46131.0 Distance: 1168.4300545352103
ID: 46350.0 Distance: 1169.1411655484821
ID: 29681.0 Distance: 1169.732671584922
ID: 46278.0 Distance: 1169.7337608013108
ID: 29325.0 Distance: 1170.6199316035775
ID: 29601.0 Distance: 1170.8871934251224
ID: 29605.0 Distance: 1171.9682825324599
ID: 37766.0 Distance: 1172.833661134002
ID: 47274.0 Distance: 1174.2510742611205
ID: 28779.0 Distance: 1179.642780715487
ID: 46123.0 Distance: 1179.759526319554
ID: 46052.0 Distance: 1181.569031729189
ID: 46360.0 Distance: 1182.3762458073563
ID: 29641.0 Distance: 1183.0441090957015
ID: 40207.0 Distance: 1184.5967598684558
ID: 37917.0 Distance: 1186.1461818892226
ID: 29671.0 Distance: 1186.2518804047816
ID: 46158.0 Distance: 1186.7158055893522
ID: 40033.0 Distance: 1188.6498182252674
ID: 47129.0 Distance: 1189.145717280567
ID: 37916.0 Distance: 1189.2483229036566
ID: 29115.0 Distance: 1190.0143681247753
ID: 47130.0 Distance: 1191.2466235927548
ID: 37920.0 Distance: 1191.9578454727205
ID: 40202.0 Distance: 1192.4747712305204
ID: 40202.0 Distance: 1192.97123813858
ID: 40202.0 Distance: 1192.993692114741
ID: 46122.0 Distance: 1193.521286017682
ID: 40004.0 Distance: 1193.8946901983288
ID: 47150.0 Distance: 1194.8538410000676
ID: 46383.0 Distance: 1196.7908181941102
ID: 47150.0 Distance: 1197.1402805025016
ID: 29466.0 Distance: 1199.6572900313345
ID: 47905.0 Distance: 1200.1395188120234
ID: 47905.0 Distance: 1202.533059778942
ID: 37923.0 Distance: 1203.5311863871816
ID: 29406.0 Distance: 1204.435317291435
ID: 37804.0 Distance: 1204.74086714289
ID: 42718.0 Distance: 1205.6586658696906
ID: 37830.0 Distance: 1206.5454056992373
ID: 29464.0 Distance: 1208.854728629757
ID: 29646.0 Distance: 1209.304995393445
ID: 29621.0 Distance: 1211.5751182702957
ID: 46342.0 Distance: 1214.791127428598
ID: 29425.0 Distance: 1216.8956086204835
ID: 29401.0 Distance: 1217.1973648439634
ID: 47933.0 Distance: 1217.3403313878384
ID: 47403.0 Distance: 1217.7604747282392
ID: 29672.0 Distance: 1218.5097861376696
ID: 29414.0 Distance: 1219.0667528580395
ID: 46307.0 Distance: 1221.3251241382507
ID: 46402.0 Distance: 1221.4781104719411
ID: 47403.0 Distance: 1221.8079186909044
ID: 37772.0 Distance: 1222.0081704246477
ID: 46307.0 Distance: 1225.377784090155
ID: 46312.0 Distance: 1228.3869553225877
ID: 42701.0 Distance: 1229.0795424217476
ID: 42602.0 Distance: 1229.6531551781977
ID: 38556.0 Distance: 1230.8367757202163
ID: 46321.0 Distance: 1234.4641176338887
ID: 46320.0 Distance: 1234.9563126965543
ID: 46321.0 Distance: 1235.1139105467114
ID: 46311.0 Distance: 1236.8110635050518
ID: 60617.0 Distance: 1236.8750674051082
ID: 60617.0 Distance: 1237.080948153176
ID: 37748.0 Distance: 1238.0560197858208
ID: 60649.0 Distance: 1238.0822929080412
ID: 54241.0 Distance: 1238.1469984401494
ID: 29801.0 Distance: 1238.316737848649
ID: 29488.0 Distance: 1238.779759859961
ID: 60637.0 Distance: 1239.3142136274475
ID: 60611.0 Distance: 1239.4008966989152
ID: 60615.0 Distance: 1239.8698239126222
ID: 60616.0 Distance: 1239.9860035724862
ID: 60657.0 Distance: 1240.3082228508208
ID: 60640.0 Distance: 1240.913340060921
ID: 60613.0 Distance: 1241.3005441494063
ID: 60657.0 Distance: 1241.414458559705
ID: 60621.0 Distance: 1241.8342981354451
ID: 60628.0 Distance: 1242.3283820655827
ID: 53083.0 Distance: 1242.5123004150253
ID: 54221.0 Distance: 1242.5925054414033
ID: 60640.0 Distance: 1242.6407348022835
ID: 60201.0 Distance: 1242.849454907885
ID: 60202.0 Distance: 1243.1825416891108
ID: 60612.0 Distance: 1243.538342587947
ID: 60612.0 Distance: 1243.7718627511213
ID: 60612.0 Distance: 1244.038408036589
ID: 60622.0 Distance: 1244.4157198205983
ID: 60625.0 Distance: 1244.9072291293205
ID: 53081.0 Distance: 1245.4677142448174
ID: 60608.0 Distance: 1245.8050973067116
ID: 60622.0 Distance: 1245.8103589964871
ID: 60623.0 Distance: 1246.2309781267786
ID: 60426.0 Distance: 1246.2627524189506
ID: 60629.0 Distance: 1246.817537767988
ID: 60406.0 Distance: 1246.9830758253595
ID: 60805.0 Distance: 1247.4072149878552
ID: 30553.0 Distance: 1247.939949908605
ID: 30577.0 Distance: 1249.886772493011
ID: 60429.0 Distance: 1249.9577139015232
ID: 53405.0 Distance: 1250.0786182831432
ID: 53143.0 Distance: 1250.220664294526
ID: 60453.0 Distance: 1250.7152353079537
ID: 60634.0 Distance: 1250.9069329090685
ID: 37874.0 Distance: 1251.1825779776939
ID: 60644.0 Distance: 1251.4071261083761
ID: 60099.0 Distance: 1251.5130062931098
ID: 60461.0 Distance: 1251.7095883585448
ID: 60302.0 Distance: 1252.210383639517
ID: 60085.0 Distance: 1252.3804202135916
ID: 54143.0 Distance: 1252.5991971690503
ID: 53211.0 Distance: 1253.8263543390813
ID: 60402.0 Distance: 1254.1937835113501
ID: 60631.0 Distance: 1254.2876997149167
ID: 60304.0 Distance: 1254.5851944289277
ID: 60045.0 Distance: 1256.0013542462896
ID: 60068.0 Distance: 1256.5020776030362
ID: 53212.0 Distance: 1256.6769248572868
ID: 60153.0 Distance: 1257.2890840166624
ID: 60160.0 Distance: 1257.4032457103694
ID: 53097.0 Distance: 1257.7191774484957
ID: 60463.0 Distance: 1257.9753618363764
ID: 53024.0 Distance: 1258.0229660303146
ID: 60160.0 Distance: 1258.1566001014396
ID: 30635.0 Distance: 1258.379115001739
ID: 53215.0 Distance: 1258.4040880890934
ID: 53215.0 Distance: 1259.6401058091185
ID: 53142.0 Distance: 1259.670374328753
ID: 30901.0 Distance: 1259.6764220324999
ID: 30912.0 Distance: 1260.1173205694702
ID: 53132.0 Distance: 1260.1288627497354
ID: 53210.0 Distance: 1261.6792191181114
ID: 30904.0 Distance: 1262.1705663562589
ID: 38570.0 Distance: 1262.29971198107
ID: 60525.0 Distance: 1262.4262914477802
ID: 60048.0 Distance: 1263.0281520137182
ID: 30535.0 Distance: 1263.1435796360681
ID: 30909.0 Distance: 1264.7333936645316
ID: 60521.0 Distance: 1265.1418750407051
ID: 53227.0 Distance: 1265.535113751247
ID: 53226.0 Distance: 1265.5739021110394
ID: 60126.0 Distance: 1265.683053997111
ID: 29944.0 Distance: 1266.6862723851223
ID: 60970.0 Distance: 1267.5130965484097
ID: 54311.0 Distance: 1267.9738586807773
ID: 38555.0 Distance: 1268.0734152907787
ID: 60005.0 Distance: 1268.1164342429317
ID: 30512.0 Distance: 1268.1165135827807
ID: 42141.0 Distance: 1268.9264837856376
ID: 42167.0 Distance: 1269.500814049593
ID: 60007.0 Distance: 1270.6977760532159
ID: 60901.0 Distance: 1271.8407700045602
ID: 60515.0 Distance: 1272.2049704844223
ID: 37371.0 Distance: 1272.3589547819902
ID: 60901.0 Distance: 1272.6867664113458
ID: 42754.0 Distance: 1273.6195890832373
ID: 60451.0 Distance: 1273.8317271920234
ID: 54305.0 Distance: 1273.9277743747004
ID: 54301.0 Distance: 1273.9642869806705
ID: 53051.0 Distance: 1274.8277785378216
ID: 60139.0 Distance: 1275.0592074179674
ID: 49855.0 Distance: 1275.9288023601623
ID: 61832.0 Distance: 1276.1291122716377
ID: 47804.0 Distance: 1276.83993261306
ID: 54303.0 Distance: 1278.6332369192528
ID: 47802.0 Distance: 1279.1345922044873
ID: 53095.0 Distance: 1279.6510468384106
ID: 60440.0 Distance: 1280.2844080615978
ID: 60194.0 Distance: 1280.482864762047
ID: 47546.0 Distance: 1281.194754734935
ID: 60010.0 Distance: 1281.7685539431493
ID: 53188.0 Distance: 1283.3705925231811
ID: 60190.0 Distance: 1283.666371142779
ID: 60540.0 Distance: 1284.8824421310928
ID: 30824.0 Distance: 1285.2984211389276
ID: 60435.0 Distance: 1286.7099622419476
ID: 30529.0 Distance: 1287.254769705931
ID: 29902.0 Distance: 1287.4099517997263
ID: 53105.0 Distance: 1287.4592575160311
ID: 47501.0 Distance: 1287.6028386064795
ID: 38501.0 Distance: 1289.1906951974615
ID: 60050.0 Distance: 1289.4303414669207
ID: 53027.0 Distance: 1293.1143394531866
ID: 30513.0 Distance: 1293.7398144135993
ID: 60504.0 Distance: 1294.9761104656704
ID: 30830.0 Distance: 1295.5733577600795
ID: 60123.0 Distance: 1295.8610214520784
ID: 60123.0 Distance: 1295.897307938732
ID: 30533.0 Distance: 1296.531318583228
ID: 60506.0 Distance: 1298.7424982769944
ID: 60134.0 Distance: 1298.9806183828093
ID: 60098.0 Distance: 1299.7693759699232
ID: 54935.0 Distance: 1300.3560688862297
ID: 38583.0 Distance: 1301.000955424885
ID: 54911.0 Distance: 1301.4282673594032
ID: 53066.0 Distance: 1301.5612862446449
ID: 54915.0 Distance: 1301.8402396129661
ID: 49801.0 Distance: 1301.8525184314033
ID: 53066.0 Distance: 1303.0775517583397
ID: 30606.0 Distance: 1303.4574113423346
ID: 30501.0 Distance: 1303.464734082472
ID: 53121.0 Distance: 1305.0535202386784
ID: 30606.0 Distance: 1305.1001386500723
ID: 54956.0 Distance: 1305.2830695235455
ID: 29925.0 Distance: 1307.1070732963985
ID: 37311.0 Distance: 1309.358019677359
ID: 42101.0 Distance: 1310.1363664406558
ID: 42104.0 Distance: 1312.3694346781645
ID: 60450.0 Distance: 1313.1916209572846
ID: 54904.0 Distance: 1315.0893307860335
ID: 29927.0 Distance: 1315.1933560729199
ID: 54904.0 Distance: 1315.467877802662
ID: 47591.0 Distance: 1317.202153350052
ID: 42303.0 Distance: 1319.2306224819483
ID: 30680.0 Distance: 1319.449513377554
ID: 53098.0 Distance: 1320.0730093064103
ID: 61801.0 Distance: 1323.4854925583902
ID: 30434.0 Distance: 1324.237730991464
ID: 61801.0 Distance: 1324.6179120479655
ID: 37166.0 Distance: 1326.0800216754928
ID: 60115.0 Distance: 1329.28225660353
ID: 53916.0 Distance: 1330.846756172891
ID: 53538.0 Distance: 1331.116182894614
ID: 30705.0 Distance: 1331.872982442295
ID: 30705.0 Distance: 1331.8790797106162
ID: 30041.0 Distance: 1333.9144545537708
ID: 30143.0 Distance: 1333.9582328715794
ID: 37110.0 Distance: 1336.5024699201238
ID: 30655.0 Distance: 1338.9122382815256
ID: 47630.0 Distance: 1340.314711327627
ID: 30458.0 Distance: 1342.8239288196667
ID: 30045.0 Distance: 1342.9027593896963
ID: 61764.0 Distance: 1343.4896036405628
ID: 31403.0 Distance: 1343.724590087515
ID: 53546.0 Distance: 1344.3273230901796
ID: 31412.0 Distance: 1344.5748980088351
ID: 37066.0 Distance: 1344.9177654736113
ID: 47750.0 Distance: 1344.957431461438
ID: 30097.0 Distance: 1345.1055026190518
ID: 30720.0 Distance: 1345.1208142401802
ID: 61350.0 Distance: 1345.7364504597301
ID: 37404.0 Distance: 1346.4955822153506
ID: 37087.0 Distance: 1347.1061688974032
ID: 37404.0 Distance: 1347.4402608536996
ID: 53511.0 Distance: 1347.5381059101373
ID: 61938.0 Distance: 1347.593580919229
ID: 61938.0 Distance: 1347.593589112876
ID: 37403.0 Distance: 1348.126051539031
ID: 31082.0 Distance: 1348.5285180201095
ID: 53548.0 Distance: 1348.8050701906673
ID: 61108.0 Distance: 1349.6100436119602
ID: 30078.0 Distance: 1350.0045095149162
ID: 47747.0 Distance: 1350.048330755227
ID: 31419.0 Distance: 1351.315179808202
ID: 30115.0 Distance: 1351.5501171410265
ID: 37190.0 Distance: 1352.1998823115937
ID: 30742.0 Distance: 1353.3745161775767
ID: 30076.0 Distance: 1354.798156747091
ID: 42276.0 Distance: 1354.892777395186
ID: 61104.0 Distance: 1355.065204416992
ID: 42420.0 Distance: 1356.8491044663128
ID: 61103.0 Distance: 1356.8740225516376
ID: 30401.0 Distance: 1358.0068031071166
ID: 42345.0 Distance: 1358.3801123832309
ID: 62450.0 Distance: 1358.773885489656
ID: 30014.0 Distance: 1361.0491390921443
ID: 30701.0 Distance: 1361.5522120100663
ID: 37075.0 Distance: 1363.1514312655202
ID: 30012.0 Distance: 1364.4112864669462
ID: 31061.0 Distance: 1366.557340927899
ID: 30342.0 Distance: 1368.7619832380165
ID: 30342.0 Distance: 1369.0762533990937
ID: 37076.0 Distance: 1371.000057183947
ID: 61354.0 Distance: 1371.4152011872832
ID: 30058.0 Distance: 1371.8138970850227
ID: 30417.0 Distance: 1372.4375707607055
ID: 30033.0 Distance: 1373.718299171995
ID: 37355.0 Distance: 1374.3350006168694
ID: 37172.0 Distance: 1374.4555582309426
ID: 42431.0 Distance: 1374.8360684791114
ID: 61701.0 Distance: 1375.1379767173803
ID: 30120.0 Distance: 1375.8017185518095
ID: 30322.0 Distance: 1376.2294560166185
ID: 37129.0 Distance: 1376.6262647018393
ID: 61362.0 Distance: 1377.123220161882
ID: 30060.0 Distance: 1377.3204721514428
ID: 53715.0 Distance: 1377.402365620353
ID: 53715.0 Distance: 1377.4657060589195
ID: 37207.0 Distance: 1377.6089864396704
ID: 61761.0 Distance: 1377.6935809577835
ID: 30309.0 Distance: 1379.6724708527343
ID: 53792.0 Distance: 1379.8778650706397
ID: 37167.0 Distance: 1380.0447403550338
ID: 30312.0 Distance: 1381.8192163494864
ID: 49930.0 Distance: 1381.998057833255
ID: 30308.0 Distance: 1382.2365397609
ID: 62401.0 Distance: 1382.6718724201485
ID: 53901.0 Distance: 1382.7111006180035
ID: 30303.0 Distance: 1383.2853833947297
ID: 37211.0 Distance: 1385.5852686064495
ID: 37208.0 Distance: 1386.6294606743318
ID: 37203.0 Distance: 1387.0306771554465
ID: 37236.0 Distance: 1387.037044621136
ID: 37203.0 Distance: 1387.3905922833517
ID: 37232.0 Distance: 1387.5703520008062
ID: 30106.0 Distance: 1389.5478500020615
ID: 62521.0 Distance: 1390.9269315596555
ID: 37205.0 Distance: 1391.6903637392804
ID: 62526.0 Distance: 1392.2436241081896
ID: 30281.0 Distance: 1392.5733267964602
ID: 61021.0 Distance: 1392.9644450777039
ID: 37388.0 Distance: 1393.067686986931
ID: 62565.0 Distance: 1394.0770366838783
ID: 30474.0 Distance: 1394.4121393119335
ID: 37398.0 Distance: 1396.4682662283544
ID: 54481.0 Distance: 1396.796820655282
ID: 31021.0 Distance: 1397.1726328792051
ID: 37160.0 Distance: 1397.1822065796694
ID: 30165.0 Distance: 1397.2730017630267
ID: 30162.0 Distance: 1397.3951477457654
ID: 30274.0 Distance: 1397.4765646753822
ID: 30141.0 Distance: 1397.892192326985
ID: 37040.0 Distance: 1397.9114480122907
ID: 53566.0 Distance: 1398.3951653600252
ID: 54501.0 Distance: 1399.009930742141
ID: 42240.0 Distance: 1400.0478179049644
ID: 61032.0 Distance: 1401.1064235804831
ID: 54476.0 Distance: 1402.234919479118
ID: 37067.0 Distance: 1402.6196579346474
ID: 53913.0 Distance: 1403.985291966214
ID: 53578.0 Distance: 1405.7228191999402
ID: 30134.0 Distance: 1407.1474343073296
ID: 31217.0 Distance: 1409.6152611906516
ID: 54401.0 Distance: 1410.1851901081286
ID: 61081.0 Distance: 1411.422243159239
ID: 31201.0 Distance: 1411.862500202941
ID: 31210.0 Distance: 1412.149899703073
ID: 30214.0 Distance: 1415.2652232406779
ID: 54495.0 Distance: 1416.2655525840883
ID: 30223.0 Distance: 1417.0955798442037
ID: 30180.0 Distance: 1418.960955085848
ID: 61614.0 Distance: 1421.5382829713492
ID: 61637.0 Distance: 1422.390964470045
ID: 42064.0 Distance: 1422.7347812089279
ID: 61636.0 Distance: 1422.8281350458547
ID: 35968.0 Distance: 1423.84133629677
ID: 31545.0 Distance: 1424.9513266240338
ID: 35768.0 Distance: 1428.8221688712808
ID: 61554.0 Distance: 1429.084334528522
ID: 54568.0 Distance: 1429.3129431461432
ID: 31093.0 Distance: 1429.9804465287173
ID: 37055.0 Distance: 1431.8540080796297
ID: 37334.0 Distance: 1432.0687000515782
ID: 53948.0 Distance: 1432.204358050986
ID: 31513.0 Distance: 1432.8087023664798
ID: 30265.0 Distance: 1436.795088448668
ID: 35960.0 Distance: 1437.0057344923823
ID: 62946.0 Distance: 1437.8656048036414
ID: 30265.0 Distance: 1438.817758443744
ID: 38401.0 Distance: 1440.4235188858897
ID: 31023.0 Distance: 1441.0727118530572
ID: 30117.0 Distance: 1442.983372770312
ID: 31520.0 Distance: 1444.5420886077684
ID: 37061.0 Distance: 1445.0688165912702
ID: 62864.0 Distance: 1445.5772286179551
ID: 62864.0 Distance: 1446.339222097541
ID: 54449.0 Distance: 1446.4988647465084
ID: 31069.0 Distance: 1448.239841581581
ID: 31036.0 Distance: 1449.0406795126714
ID: 62769.0 Distance: 1450.3903759685602
ID: 30286.0 Distance: 1450.4051018480793
ID: 52732.0 Distance: 1451.0962848253525
ID: 62781.0 Distance: 1451.1248290815638
ID: 62801.0 Distance: 1451.3485506887662
ID: 62246.0 Distance: 1461.0476510396707
ID: 38478.0 Distance: 1462.3573929996692
ID: 35801.0 Distance: 1462.7966194494659
ID: 61520.0 Distance: 1462.845480387502
ID: 35801.0 Distance: 1464.0614581668078
ID: 35957.0 Distance: 1468.087793412975
ID: 35903.0 Distance: 1470.0971215724521
ID: 36265.0 Distance: 1472.7749101388167
ID: 35901.0 Distance: 1472.9657728615107
ID: 62959.0 Distance: 1474.713663739232
ID: 62948.0 Distance: 1474.8588798499045
ID: 61282.0 Distance: 1475.3991412576886
ID: 42071.0 Distance: 1477.1385395028708
ID: 42003.0 Distance: 1477.7360450571318
ID: 61401.0 Distance: 1479.7613880917997
ID: 42003.0 Distance: 1480.5386840873505
ID: 62230.0 Distance: 1480.6719484662083
ID: 61401.0 Distance: 1480.936537709479
ID: 52722.0 Distance: 1482.600455437227
ID: 31501.0 Distance: 1483.1497898621044
ID: 31533.0 Distance: 1484.2324635759264
ID: 52001.0 Distance: 1484.256371026
ID: 30240.0 Distance: 1484.3991086554315
ID: 52001.0 Distance: 1485.1127282304903
ID: 36201.0 Distance: 1485.6737393852252
ID: 52803.0 Distance: 1486.009642659728
ID: 35611.0 Distance: 1486.0098221887583
ID: 36207.0 Distance: 1486.5192156139865
ID: 61201.0 Distance: 1488.1398514395787
ID: 31558.0 Distance: 1488.6855734064181
ID: 31750.0 Distance: 1489.1344583968928
ID: 36278.0 Distance: 1491.1432051889894
ID: 38464.0 Distance: 1492.6167991580521
ID: 32034.0 Distance: 1493.1118765271233
ID: 62902.0 Distance: 1493.7735653079487
ID: 31015.0 Distance: 1494.180818891605
ID: 38242.0 Distance: 1494.2774479311238
ID: 42066.0 Distance: 1495.8813264260139
ID: 35601.0 Distance: 1499.9684768929706
ID: 37096.0 Distance: 1501.2596658019015
ID: 62650.0 Distance: 1502.8885961411056
ID: 38485.0 Distance: 1509.6549856947859
ID: 62062.0 Distance: 1510.9527413605822
ID: 62269.0 Distance: 1513.7833050244126
ID: 31719.0 Distance: 1514.5637872189118
ID: 35058.0 Distance: 1515.0715507695293
ID: 36251.0 Distance: 1515.5183724728554
ID: 62269.0 Distance: 1515.5918412589551
ID: 61455.0 Distance: 1517.1190035414004
ID: 38201.0 Distance: 1517.2134912574566
ID: 38344.0 Distance: 1517.6622880719196
ID: 31909.0 Distance: 1517.986147301845
ID: 38363.0 Distance: 1518.2083342968374
ID: 31995.0 Distance: 1520.9413202216988
ID: 35161.0 Distance: 1521.0066757392967
ID: 62002.0 Distance: 1522.3459875522
ID: 31793.0 Distance: 1522.3643872855941
ID: 62002.0 Distance: 1523.0997757913944
ID: 35125.0 Distance: 1523.1282582182994
ID: 36867.0 Distance: 1523.8059634497133
ID: 62226.0 Distance: 1524.1226360496362
ID: 31901.0 Distance: 1524.2967187148643
ID: 54601.0 Distance: 1525.9852714281262
ID: 54601.0 Distance: 1526.3256230957204
ID: 32250.0 Distance: 1527.6987900321676
ID: 62040.0 Distance: 1528.3860183099691
ID: 52761.0 Distance: 1528.81453856451
ID: 35650.0 Distance: 1529.9383122183247
ID: 62052.0 Distance: 1529.982284630987
ID: 62207.0 Distance: 1530.4095475177787
ID: 32224.0 Distance: 1530.7364489916363
ID: 32209.0 Distance: 1532.7500140614413
ID: 63136.0 Distance: 1533.471312218864
ID: 38237.0 Distance: 1535.6455121501215
ID: 32216.0 Distance: 1535.6961799037538
ID: 32207.0 Distance: 1535.921683719401
ID: 32204.0 Distance: 1537.9750085100502
ID: 32216.0 Distance: 1538.0844070215182
ID: 38351.0 Distance: 1538.1092005885575
ID: 36801.0 Distance: 1538.2268572227465
ID: 35631.0 Distance: 1538.2369860466438
ID: 63701.0 Distance: 1538.7110156963042
ID: 63110.0 Distance: 1539.1096070045107
ID: 63118.0 Distance: 1539.7645869327184
ID: 63110.0 Distance: 1540.6752720431743
ID: 35661.0 Distance: 1540.9186866797208
ID: 63703.0 Distance: 1541.5996548759067
ID: 54729.0 Distance: 1542.577991070273
ID: 35660.0 Distance: 1542.685666649924
ID: 63117.0 Distance: 1544.6299427182682
ID: 38261.0 Distance: 1545.0863181170596
ID: 36853.0 Distance: 1545.8722514941815
ID: 54720.0 Distance: 1548.2189070085165
ID: 35235.0 Distance: 1548.9843646622585
ID: 31703.0 Distance: 1550.0075510558465
ID: 63044.0 Distance: 1550.2952508260921
ID: 38358.0 Distance: 1550.3602867176792
ID: 52655.0 Distance: 1550.6514256284734
ID: 38372.0 Distance: 1551.301931234834
ID: 35010.0 Distance: 1552.131397319845
ID: 54701.0 Distance: 1552.5728681461628
ID: 54703.0 Distance: 1552.90651415627
ID: 35150.0 Distance: 1553.1867753765823
ID: 63301.0 Distance: 1553.3170286161587
ID: 32073.0 Distance: 1553.918020671099
ID: 63128.0 Distance: 1555.081713757951
ID: 63141.0 Distance: 1555.2800483075016
ID: 63131.0 Distance: 1555.5668812122112
ID: 63141.0 Distance: 1555.7956310032043
ID: 55987.0 Distance: 1557.0213346434746
ID: 63122.0 Distance: 1557.9693718022431
ID: 63017.0 Distance: 1559.5692959134567
ID: 35653.0 Distance: 1559.6260546912938
ID: 32063.0 Distance: 1560.5170983373014
ID: 63376.0 Distance: 1560.5889968993738
ID: 63026.0 Distance: 1562.0036053712818
ID: 63801.0 Distance: 1562.7751317934772
ID: 35205.0 Distance: 1563.8714468115436
ID: 32068.0 Distance: 1563.8853938371556
ID: 52245.0 Distance: 1564.1225297516853
ID: 32086.0 Distance: 1564.3292833417636
ID: 35243.0 Distance: 1564.4754576087664
ID: 52242.0 Distance: 1565.887852383365
ID: 35209.0 Distance: 1566.2837721165508
ID: 31602.0 Distance: 1566.2944745291709
ID: 35565.0 Distance: 1567.244739988463
ID: 63028.0 Distance: 1568.5153965224367
ID: 35211.0 Distance: 1568.717717506082
ID: 31788.0 Distance: 1568.7507574005876
ID: 31768.0 Distance: 1569.5241950108446
ID: 52403.0 Distance: 1570.1146652704108
ID: 52402.0 Distance: 1570.407061339183
ID: 35502.0 Distance: 1571.183833358358
ID: 38305.0 Distance: 1571.2678292443377
ID: 52627.0 Distance: 1572.1437190717295
ID: 38301.0 Distance: 1572.3686945689897
ID: 63368.0 Distance: 1573.2325899041266
ID: 63367.0 Distance: 1576.3313588877447
ID: 38852.0 Distance: 1576.6625191850196
ID: 52632.0 Distance: 1577.7595568068261
ID: 36078.0 Distance: 1580.0762841509172
ID: 54868.0 Distance: 1580.1570897503723
ID: 36027.0 Distance: 1584.52523950817
ID: 35007.0 Distance: 1584.5695090829424
ID: 35021.0 Distance: 1587.9678489800779
ID: 63640.0 Distance: 1589.5982664974988
ID: 62301.0 Distance: 1591.048447584457
ID: 38024.0 Distance: 1591.2611899326123
ID: 38834.0 Distance: 1594.4391814798014
ID: 32055.0 Distance: 1594.735461022474
ID: 36092.0 Distance: 1596.2452556574842
ID: 32164.0 Distance: 1596.737822064746
ID: 63841.0 Distance: 1597.4082076541213
ID: 36089.0 Distance: 1598.3812784535337
ID: 32055.0 Distance: 1598.4416296300203
ID: 35045.0 Distance: 1599.7826890955898
ID: 63401.0 Distance: 1601.2984500236917
ID: 32177.0 Distance: 1602.8673176713878
ID: 63090.0 Distance: 1604.153565985144
ID: 35570.0 Distance: 1605.4915850050045
ID: 35594.0 Distance: 1606.9298042608816
ID: 38008.0 Distance: 1607.245974931537
ID: 31792.0 Distance: 1607.3760786119158
ID: 63851.0 Distance: 1609.1047219018596
ID: 36117.0 Distance: 1609.4777669904659
ID: 38829.0 Distance: 1612.565791260583
ID: 39828.0 Distance: 1616.6950476073962
ID: 32117.0 Distance: 1616.7519028451034
ID: 36106.0 Distance: 1617.4306095280087
ID: 32114.0 Distance: 1618.8283200139201
ID: 50703.0 Distance: 1619.9587839452483
ID: 36116.0 Distance: 1620.0466933351402
ID: 36067.0 Distance: 1620.7598277972602
ID: 50702.0 Distance: 1621.1314980967297
ID: 55904.0 Distance: 1622.2766428726034
ID: 35555.0 Distance: 1622.4722806686566
ID: 55902.0 Distance: 1625.6007941970934
ID: 55805.0 Distance: 1628.80654156513
ID: 55805.0 Distance: 1629.1420656898015
ID: 55805.0 Distance: 1629.3844304700833
ID: 50613.0 Distance: 1629.5697805455925
ID: 35042.0 Distance: 1630.203149078607
ID: 32170.0 Distance: 1631.382458290049
ID: 63857.0 Distance: 1632.8435797269635
ID: 39819.0 Distance: 1633.435851607133
ID: 32610.0 Distance: 1633.5668070787071
ID: 55066.0 Distance: 1634.6752661199612
ID: 32605.0 Distance: 1634.858456220727
ID: 63901.0 Distance: 1636.2250896722096
ID: 63901.0 Distance: 1637.3584419281
ID: 35401.0 Distance: 1637.7164702509453
ID: 72315.0 Distance: 1639.1576544672062
ID: 39845.0 Distance: 1639.6807538733672
ID: 38019.0 Distance: 1643.3917963775998
ID: 36081.0 Distance: 1643.564393064706
ID: 32720.0 Distance: 1645.6619675277739
ID: 52501.0 Distance: 1646.4131239301742
ID: 36360.0 Distance: 1650.7644337670763
ID: 38801.0 Distance: 1650.861841180482
ID: 38821.0 Distance: 1651.078643190631
ID: 32348.0 Distance: 1651.1840402687421
ID: 32308.0 Distance: 1653.4153908775384
ID: 65265.0 Distance: 1653.9463711502663
ID: 36301.0 Distance: 1654.1872844467716
ID: 32308.0 Distance: 1656.8326323617462
ID: 32763.0 Distance: 1657.2279207742693
ID: 55082.0 Distance: 1657.3651611226953
ID: 38652.0 Distance: 1657.4209021759118
ID: 36305.0 Distance: 1658.0785014142698
ID: 55033.0 Distance: 1659.5084647829376
ID: 50112.0 Distance: 1662.0513361027176
ID: 36701.0 Distance: 1663.796252936823
ID: 32796.0 Distance: 1666.789811245394
ID: 32771.0 Distance: 1667.1583393264175
ID: 38635.0 Distance: 1668.3307501303157
ID: 55125.0 Distance: 1668.8297012263167
ID: 34478.0 Distance: 1669.012648597596
ID: 34474.0 Distance: 1669.1531995686098
ID: 36049.0 Distance: 1670.518760048857
ID: 50158.0 Distance: 1671.8029689685288
ID: 38133.0 Distance: 1672.1135504580095
ID: 35447.0 Distance: 1672.1777525149541
ID: 55109.0 Distance: 1674.1861473764302
ID: 63935.0 Distance: 1675.0541595170503
ID: 36330.0 Distance: 1675.7683640727691
ID: 55101.0 Distance: 1678.4205214601002
ID: 39701.0 Distance: 1678.5875181697647
ID: 72450.0 Distance: 1678.6705702045185
ID: 55102.0 Distance: 1678.7358959929384
ID: 55102.0 Distance: 1679.3069541521538
ID: 36744.0 Distance: 1679.6292093483157
ID: 32765.0 Distance: 1680.5395253897523
ID: 55792.0 Distance: 1680.956677679768
ID: 38120.0 Distance: 1681.4036787546888
ID: 63501.0 Distance: 1682.4404595021733
ID: 32159.0 Distance: 1683.0373771079362
ID: 55057.0 Distance: 1683.3082341962063
ID: 38119.0 Distance: 1683.5214655191892
ID: 32446.0 Distance: 1684.0151437457632
ID: 36037.0 Distance: 1684.094649924004
ID: 32778.0 Distance: 1684.7444045442464
ID: 32932.0 Distance: 1686.4211484210955
ID: 50401.0 Distance: 1686.5948288745285
ID: 55060.0 Distance: 1687.2471676575692
ID: 55021.0 Distance: 1687.9733815008447
ID: 38654.0 Distance: 1688.5473790626181
ID: 50208.0 Distance: 1688.6868353132154
ID: 39773.0 Distance: 1689.0518407932461
ID: 55454.0 Distance: 1689.6356363090547
ID: 65270.0 Distance: 1689.949440723714
ID: 55337.0 Distance: 1691.0234627960058
ID: 55407.0 Distance: 1691.4819284487814
ID: 55415.0 Distance: 1691.6362534623547
ID: 65401.0 Distance: 1691.7656707439162
ID: 55432.0 Distance: 1692.28853348007
ID: 32955.0 Distance: 1692.8164860415577
ID: 34748.0 Distance: 1693.0889742788263
ID: 38104.0 Distance: 1693.1481438740286
ID: 38103.0 Distance: 1693.7214452257858
ID: 55008.0 Distance: 1694.767611110887
ID: 32803.0 Distance: 1694.998119496687
ID: 55435.0 Distance: 1696.1327732711886
ID: 55422.0 Distance: 1696.7383280541544
ID: 56007.0 Distance: 1697.2120058506748
ID: 65201.0 Distance: 1697.5310444175846
ID: 65212.0 Distance: 1698.8798342560226
ID: 55426.0 Distance: 1699.192661468942
ID: 72401.0 Distance: 1699.5349332473859
ID: 32806.0 Distance: 1700.024037225389
ID: 65102.0 Distance: 1700.2382834988957
ID: 36340.0 Distance: 1700.7823218063904
ID: 38671.0 Distance: 1701.360039027111
ID: 55433.0 Distance: 1701.6930358841453
ID: 36467.0 Distance: 1702.9738302306464
ID: 65109.0 Distance: 1703.6831314042558
ID: 38655.0 Distance: 1703.8437814953904
ID: 32940.0 Distance: 1703.9946941519847
ID: 34761.0 Distance: 1704.0043387550763
ID: 72455.0 Distance: 1705.5476939404393
ID: 55746.0 Distance: 1705.6166806092854
ID: 36033.0 Distance: 1705.9559124160216
ID: 72401.0 Distance: 1706.3587322903927
ID: 55379.0 Distance: 1709.285027652392
ID: 55369.0 Distance: 1710.0204996148211
ID: 36732.0 Distance: 1711.3363498411
ID: 34452.0 Distance: 1711.6477004788098
ID: 39759.0 Distance: 1711.8902382861977
ID: 34711.0 Distance: 1712.0655812502246
ID: 39759.0 Distance: 1712.2783293307657
ID: 34428.0 Distance: 1713.582073997558
ID: 39759.0 Distance: 1713.7164025167313
ID: 36726.0 Distance: 1713.8403413828626
ID: 32935.0 Distance: 1714.0315520574688
ID: 32901.0 Distance: 1715.7623203457729
ID: 36420.0 Distance: 1717.8383578812854
ID: 38668.0 Distance: 1719.3533956425067
ID: 55371.0 Distance: 1722.5011492079395
ID: 32907.0 Distance: 1723.0325490146583
ID: 34741.0 Distance: 1724.1519714330561
ID: 34769.0 Distance: 1725.420450600264
ID: 38965.0 Distance: 1726.9590330081887
ID: 50010.0 Distance: 1729.8147673428384
ID: 55387.0 Distance: 1732.4932765775475
ID: 65233.0 Distance: 1732.6751046562815
ID: 65483.0 Distance: 1733.3218664096228
ID: 32978.0 Distance: 1734.28486123167
ID: 36401.0 Distance: 1735.4203438491838
ID: 50316.0 Distance: 1736.2642428813779
ID: 38606.0 Distance: 1736.439077908979
ID: 50314.0 Distance: 1737.399330119174
ID: 50309.0 Distance: 1738.459038617357
ID: 50314.0 Distance: 1738.682627101442
ID: 39744.0 Distance: 1738.9123991112444
ID: 55313.0 Distance: 1741.0112458118942
ID: 34758.0 Distance: 1742.5534295463283
ID: 36925.0 Distance: 1744.0106451586435
ID: 34601.0 Distance: 1745.5503640727932
ID: 56001.0 Distance: 1745.6630542308562
ID: 33837.0 Distance: 1745.746862671446
ID: 55744.0 Distance: 1747.3607129660295
ID: 32435.0 Distance: 1747.6635494165178
ID: 32960.0 Distance: 1749.8690468542236
ID: 34613.0 Distance: 1749.9554821002348
ID: 39339.0 Distance: 1750.7900023165432
ID: 65775.0 Distance: 1753.2353984057409
ID: 33525.0 Distance: 1753.3877229881207
ID: 36460.0 Distance: 1754.8064086071847
ID: 72335.0 Distance: 1758.2224805175622
ID: 65065.0 Distance: 1758.2964688911084
ID: 33541.0 Distance: 1761.3505586999268
ID: 32405.0 Distance: 1761.5776583790855
ID: 32401.0 Distance: 1762.966193761842
ID: 38901.0 Distance: 1764.1655359619535
ID: 33881.0 Distance: 1764.6925310626948
ID: 65340.0 Distance: 1766.549849740471
ID: 56303.0 Distance: 1767.5618179133046
ID: 36426.0 Distance: 1768.8090162646463
ID: 32539.0 Distance: 1768.8933290209052
ID: 36451.0 Distance: 1769.4703296887271
ID: 33805.0 Distance: 1771.200168951973
ID: 33853.0 Distance: 1771.204044297715
ID: 34950.0 Distance: 1771.5790489565386
ID: 50501.0 Distance: 1771.6103474180993
ID: 65536.0 Distance: 1772.1971177214718
ID: 34667.0 Distance: 1774.2200084203632
ID: 33544.0 Distance: 1775.2472319819383
ID: 32456.0 Distance: 1775.8028798607018
ID: 39301.0 Distance: 1776.778138511768
ID: 72342.0 Distance: 1777.5133371146367
ID: 55350.0 Distance: 1778.3763334526936
ID: 56401.0 Distance: 1780.2055052889716
ID: 33831.0 Distance: 1780.6577311920191
ID: 65302.0 Distance: 1780.7427447762866
ID: 39301.0 Distance: 1781.0545358776285
ID: 39301.0 Distance: 1781.0810873931523
ID: 39350.0 Distance: 1781.7829103197967
ID: 32578.0 Distance: 1781.8226492892463
ID: 56031.0 Distance: 1783.427443967473
ID: 32550.0 Distance: 1783.4595486018618
ID: 72503.0 Distance: 1783.5002407427558
ID: 33563.0 Distance: 1783.7156634322005
ID: 34952.0 Distance: 1784.5729576883145
ID: 34652.0 Distance: 1785.9626658565114
ID: 32565.0 Distance: 1788.2703446777614
ID: 34655.0 Distance: 1788.3609588194736
ID: 36545.0 Distance: 1790.2716723638907
ID: 33613.0 Distance: 1790.6503260800391
ID: 38614.0 Distance: 1791.2437203751167
ID: 34995.0 Distance: 1792.0373848733313
ID: 32547.0 Distance: 1797.0609799770689
ID: 33511.0 Distance: 1798.429001602745
ID: 34689.0 Distance: 1799.885107350451
ID: 33614.0 Distance: 1800.065450895188
ID: 33677.0 Distance: 1802.566420468036
ID: 36502.0 Distance: 1803.8681605644006
ID: 33615.0 Distance: 1804.3455723090283
ID: 33871.0 Distance: 1805.0403242494222
ID: 33606.0 Distance: 1805.5521110505551
ID: 34695.0 Distance: 1806.8565203581882
ID: 33609.0 Distance: 1806.8813164117846
ID: 34972.0 Distance: 1807.0287092079095
ID: 38930.0 Distance: 1808.9261539034696
ID: 32570.0 Distance: 1809.0856635214222
ID: 33870.0 Distance: 1809.446156160851
ID: 34698.0 Distance: 1812.691830181055
ID: 72653.0 Distance: 1814.2727165791143
ID: 33458.0 Distance: 1815.7855853919632
ID: 72143.0 Distance: 1816.4811655616486
ID: 33756.0 Distance: 1819.5449389776813
ID: 64093.0 Distance: 1819.6221074008445
ID: 33770.0 Distance: 1823.3942393004045
ID: 33573.0 Distance: 1823.6434702202964
ID: 33410.0 Distance: 1825.1856329345644
ID: 33709.0 Distance: 1827.5911620097745
ID: 32514.0 Distance: 1828.618462233882
ID: 39367.0 Distance: 1829.2684406773278
ID: 64429.0 Distance: 1829.5982385923787
ID: 33705.0 Distance: 1829.8742116762116
ID: 33710.0 Distance: 1830.6357244871947
ID: 33701.0 Distance: 1830.98286107355
ID: 32504.0 Distance: 1831.5402956668838
ID: 38732.0 Distance: 1831.6588550029446
ID: 33407.0 Distance: 1832.0622500935467
ID: 51401.0 Distance: 1832.1978705227905
ID: 56201.0 Distance: 1832.4876599901631
ID: 36507.0 Distance: 1833.1319488551792
ID: 33401.0 Distance: 1834.949120704963
ID: 33707.0 Distance: 1836.4573987792467
ID: 32501.0 Distance: 1836.5875296515899
ID: 64735.0 Distance: 1836.9872376872308
ID: 32561.0 Distance: 1837.6377764927686
ID: 65613.0 Distance: 1838.579848674521
ID: 51360.0 Distance: 1839.2936105794745
ID: 51301.0 Distance: 1842.6214823681642
ID: 65804.0 Distance: 1845.9524713405754
ID: 33470.0 Distance: 1846.0492927082025
ID: 38751.0 Distance: 1846.3253162379924
ID: 33414.0 Distance: 1847.7684283648407
ID: 65807.0 Distance: 1847.9914140665946
ID: 72160.0 Distance: 1848.5681708729344
ID: 33462.0 Distance: 1849.4930082039664
ID: 34265.0 Distance: 1850.6020423099983
ID: 56601.0 Distance: 1852.7031847637113
ID: 34208.0 Distance: 1853.8392810125188
ID: 64014.0 Distance: 1855.3203801624104
ID: 33430.0 Distance: 1856.5752278856212
ID: 34209.0 Distance: 1857.997557370847
ID: 33435.0 Distance: 1858.599476238094
ID: 34202.0 Distance: 1858.8977253421247
ID: 64069.0 Distance: 1860.4880235153541
ID: 64057.0 Distance: 1861.5650951728353
ID: 39440.0 Distance: 1863.2833539832338
ID: 56308.0 Distance: 1863.7927463817068
ID: 39046.0 Distance: 1864.5240212775793
ID: 64063.0 Distance: 1865.1604323654715
ID: 36535.0 Distance: 1865.7150340228006
ID: 65615.0 Distance: 1865.889511477729
ID: 33484.0 Distance: 1867.6161102796234
ID: 64468.0 Distance: 1867.7048564688373
ID: 64139.0 Distance: 1867.7804919738664
ID: 64086.0 Distance: 1867.924140119175
ID: 34233.0 Distance: 1868.5522048090156
ID: 36652.0 Distance: 1869.2355954269856
ID: 36617.0 Distance: 1869.5675032713395
ID: 34239.0 Distance: 1870.3009682965878
ID: 36532.0 Distance: 1871.2853483559375
ID: 72076.0 Distance: 1871.721034836156
ID: 36608.0 Distance: 1873.5260638853433
ID: 64506.0 Distance: 1874.0108986856585
ID: 33486.0 Distance: 1874.9834020561068
ID: 64116.0 Distance: 1874.9905609000546
ID: 56187.0 Distance: 1876.3373391402122
ID: 72601.0 Distance: 1876.855996777791
ID: 38704.0 Distance: 1878.211874069719
ID: 36608.0 Distance: 1878.4377218551901
ID: 33428.0 Distance: 1878.5405150174734
ID: 33428.0 Distance: 1878.6132116783635
ID: 64108.0 Distance: 1879.071122287025
ID: 64154.0 Distance: 1879.7848818532648
ID: 64132.0 Distance: 1880.1668390931775
ID: 64111.0 Distance: 1881.5808717741988
ID: 72120.0 Distance: 1881.7646475986985
ID: 39042.0 Distance: 1882.03646433176
ID: 64012.0 Distance: 1882.148189690694
ID: 66160.0 Distance: 1882.8023172401488
ID: 33064.0 Distance: 1884.186019904711
ID: 39232.0 Distance: 1884.305292468643
ID: 72032.0 Distance: 1884.4098530559093
ID: 72117.0 Distance: 1884.5642710408238
ID: 33952.0 Distance: 1884.778130363871
ID: 33952.0 Distance: 1884.9236040964522
ID: 39452.0 Distance: 1885.159165522832
ID: 72034.0 Distance: 1885.7718303707957
ID: 64114.0 Distance: 1886.4055030896052
ID: 33950.0 Distance: 1887.3609285024083
ID: 39193.0 Distance: 1887.837010218761
ID: 39216.0 Distance: 1888.1158347540782
ID: 66211.0 Distance: 1888.691922054765
ID: 39216.0 Distance: 1888.8991298546746
ID: 34285.0 Distance: 1889.3329115280105
ID: 64730.0 Distance: 1889.4464522964943
ID: 33065.0 Distance: 1889.5220766629113
ID: 66211.0 Distance: 1889.9599304942408
ID: 39202.0 Distance: 1890.3924306883164
ID: 39111.0 Distance: 1890.531365391845
ID: 66209.0 Distance: 1891.1639167589494
ID: 33308.0 Distance: 1891.1922623358312
ID: 66204.0 Distance: 1891.6496939892656
ID: 66213.0 Distance: 1892.9185516522305
ID: 66213.0 Distance: 1893.1050905016211
ID: 72118.0 Distance: 1893.4168105214528
ID: 33308.0 Distance: 1893.5897440357205
ID: 72205.0 Distance: 1894.2938581010208
ID: 66112.0 Distance: 1895.1359792872295
ID: 33321.0 Distance: 1895.4253869175602
ID: 72205.0 Distance: 1895.6204598735847
ID: 66215.0 Distance: 1896.3500547538747
ID: 39204.0 Distance: 1897.755345774214
ID: 34223.0 Distance: 1898.3731167938688
ID: 33063.0 Distance: 1899.1236400554035
ID: 72205.0 Distance: 1899.1606782613017
ID: 66048.0 Distance: 1899.957717363972
ID: 66048.0 Distance: 1900.2086652384544
ID: 66219.0 Distance: 1900.3866166589908
ID: 72211.0 Distance: 1900.4349931370107
ID: 39159.0 Distance: 1900.7798806238113
ID: 33317.0 Distance: 1902.7440199148484
ID: 33316.0 Distance: 1903.1793518056045
ID: 71603.0 Distance: 1903.8529063265482
ID: 39404.0 Distance: 1904.2145168969175
ID: 33324.0 Distance: 1904.8621341799383
ID: 33936.0 Distance: 1904.9926679506107
ID: 39402.0 Distance: 1906.2723854107255
ID: 64772.0 Distance: 1907.1435671798213
ID: 66061.0 Distance: 1907.2663412453003
ID: 56501.0 Distance: 1910.9193266662294
ID: 33901.0 Distance: 1912.2552470582061
ID: 33331.0 Distance: 1912.7919642647894
ID: 33021.0 Distance: 1913.1152509182784
ID: 33990.0 Distance: 1913.9223698261762
ID: 33024.0 Distance: 1914.2295253143382
ID: 33180.0 Distance: 1917.1887546377968
ID: 33028.0 Distance: 1918.1613516035209
ID: 66071.0 Distance: 1919.3084981831776
ID: 33912.0 Distance: 1919.8430280688044
ID: 56537.0 Distance: 1921.5143836068291
ID: 33029.0 Distance: 1922.5795938193748
ID: 71655.0 Distance: 1924.3709082475425
ID: 39581.0 Distance: 1924.7539622394704
ID: 72015.0 Distance: 1925.015940057085
ID: 51503.0 Distance: 1925.3202648316305
ID: 51503.0 Distance: 1925.6961575130263
ID: 71254.0 Distance: 1928.4820590220418
ID: 72801.0 Distance: 1929.5599793736712
ID: 33150.0 Distance: 1930.987754355228
ID: 33016.0 Distance: 1932.189190409265
ID: 39183.0 Distance: 1932.9702503943986
ID: 33012.0 Distance: 1933.3170836908785
ID: 33140.0 Distance: 1933.535443092465
ID: 33013.0 Distance: 1934.290894616357
ID: 66701.0 Distance: 1936.771728932865
ID: 68123.0 Distance: 1937.3128821067733
ID: 66044.0 Distance: 1938.0962655737756
ID: 33136.0 Distance: 1938.1204315891123
ID: 33136.0 Distance: 1938.2146538338252
ID: 33136.0 Distance: 1938.3671626779785
ID: 68122.0 Distance: 1939.4791498471109
ID: 68122.0 Distance: 1939.5040988155088
ID: 68198.0 Distance: 1939.5339647745534
ID: 71263.0 Distance: 1940.1517583037253
ID: 39429.0 Distance: 1941.9389362322418
ID: 68124.0 Distance: 1942.0298038272344
ID: 68114.0 Distance: 1942.1920192552764
ID: 68114.0 Distance: 1942.57392727016
ID: 72830.0 Distance: 1943.3814263140507
ID: 33134.0 Distance: 1944.5724670903305
ID: 68046.0 Distance: 1944.9192502876251
ID: 33155.0 Distance: 1946.2428142449082
ID: 39530.0 Distance: 1946.8455466080984
ID: 33146.0 Distance: 1947.2249903518102
ID: 34119.0 Distance: 1948.9190273184086
ID: 33143.0 Distance: 1949.8160091769068
ID: 33175.0 Distance: 1950.1223614562514
ID: 33143.0 Distance: 1950.2016684277764
ID: 68144.0 Distance: 1950.7775528337474
ID: 51101.0 Distance: 1951.4976946181912
ID: 51104.0 Distance: 1951.6037758941347
ID: 66762.0 Distance: 1952.1986128528179
ID: 64804.0 Distance: 1952.7877535213402
ID: 66067.0 Distance: 1952.824464906806
ID: 33176.0 Distance: 1953.184528310942
ID: 72104.0 Distance: 1953.1968253499851
ID: 64804.0 Distance: 1953.4748858898145
ID: 68130.0 Distance: 1954.3805862829586
ID: 39503.0 Distance: 1956.537266986586
ID: 34102.0 Distance: 1957.9861205284565
ID: 33196.0 Distance: 1958.0669793203156
ID: 57049.0 Distance: 1959.133453907166
ID: 72758.0 Distance: 1959.8868960601976
ID: 72833.0 Distance: 1960.9086222579388
ID: 72764.0 Distance: 1962.367988630143
ID: 39601.0 Distance: 1962.9271803617542
ID: 66739.0 Distance: 1963.1586990990852
ID: 39502.0 Distance: 1964.1402442676042
ID: 72703.0 Distance: 1965.023667126108
ID: 71901.0 Distance: 1965.3366956306734
ID: 57105.0 Distance: 1966.5748651526828
ID: 57117.0 Distance: 1966.6210558936289
ID: 57006.0 Distance: 1967.3556758474263
ID: 72703.0 Distance: 1967.6716649767486
ID: 71903.0 Distance: 1968.7121067595303
ID: 57117.0 Distance: 1968.848741647988
ID: 57108.0 Distance: 1972.2683473133861
ID: 66606.0 Distance: 1972.4297788147592
ID: 66604.0 Distance: 1972.6059184684689
ID: 68025.0 Distance: 1975.6573182061327
ID: 33033.0 Distance: 1978.1158851787836
ID: 70427.0 Distance: 1982.9007730103133
ID: 58122.0 Distance: 1982.9986938841284
ID: 39521.0 Distance: 1984.144310033032
ID: 58104.0 Distance: 1985.4571057555065
ID: 71220.0 Distance: 1986.3390242314074
ID: 39466.0 Distance: 1986.5032631298648
ID: 39649.0 Distance: 1989.1585166067957
ID: 74355.0 Distance: 1990.2523104758243
ID: 72761.0 Distance: 1991.81981147308
ID: 57201.0 Distance: 1992.6949582881055
ID: 74344.0 Distance: 1993.6238567312178
ID: 71269.0 Distance: 1994.8339441403855
ID: 39652.0 Distance: 1995.953326278851
ID: 39069.0 Distance: 1998.2146836719012
ID: 68526.0 Distance: 1999.2929257306503
ID: 68510.0 Distance: 2000.4074045521452
ID: 68506.0 Distance: 2000.4520474390708
ID: 67357.0 Distance: 2002.1613209670693
ID: 68506.0 Distance: 2002.6514666419914
ID: 71701.0 Distance: 2004.477738429197
ID: 66839.0 Distance: 2005.8922138256416
ID: 71295.0 Distance: 2012.6439509129077
ID: 70461.0 Distance: 2012.7488801650818
ID: 70458.0 Distance: 2014.1825434166685
ID: 71730.0 Distance: 2014.2976483332864
ID: 70458.0 Distance: 2014.6117103806055
ID: 70458.0 Distance: 2014.7705223801024
ID: 71201.0 Distance: 2016.1788438252313
ID: 72956.0 Distance: 2016.7443641707714
ID: 70445.0 Distance: 2018.9843651799658
ID: 71201.0 Distance: 2019.4298761130422
ID: 71201.0 Distance: 2019.5325791671955
ID: 58201.0 Distance: 2020.443143350107
ID: 72917.0 Distance: 2021.4733294810624
ID: 74960.0 Distance: 2021.4950099364946
ID: 71291.0 Distance: 2021.7469546087273
ID: 71202.0 Distance: 2022.1530767625484
ID: 74301.0 Distance: 2022.6025520760782
ID: 70433.0 Distance: 2023.6101716652583
ID: 72902.0 Distance: 2025.8754327599977
ID: 70433.0 Distance: 2025.8925790094972
ID: 70433.0 Distance: 2026.2605732357022
ID: 57078.0 Distance: 2027.806134497952
ID: 57078.0 Distance: 2028.697068268823
ID: 39120.0 Distance: 2034.0311540195598
ID: 74464.0 Distance: 2041.043789706299
ID: 74465.0 Distance: 2041.0592981901864
ID: 66502.0 Distance: 2042.2421607052365
ID: 66502.0 Distance: 2042.307615708956
ID: 70403.0 Distance: 2043.5967224633011
ID: 71418.0 Distance: 2043.8371259695273
ID: 68701.0 Distance: 2044.0697523972901
ID: 67337.0 Distance: 2044.765189921745
ID: 71418.0 Distance: 2046.8525235023255
ID: 70403.0 Distance: 2047.5232602793874
ID: 70127.0 Distance: 2048.801668063651
ID: 68601.0 Distance: 2048.872688693446
ID: 74361.0 Distance: 2050.671120091647
ID: 74955.0 Distance: 2050.695233994198
ID: 71953.0 Distance: 2052.6763558638495
ID: 71754.0 Distance: 2054.250349283799
ID: 70043.0 Distance: 2055.3202647772264
ID: 71270.0 Distance: 2057.181531252156
ID: 71801.0 Distance: 2057.9118441205737
ID: 70112.0 Distance: 2061.3735313660673
ID: 70112.0 Distance: 2061.403342827294
ID: 70006.0 Distance: 2064.00909280197
ID: 70115.0 Distance: 2064.8687927784545
ID: 70121.0 Distance: 2065.6733032424027
ID: 70072.0 Distance: 2067.6838942638865
ID: 70065.0 Distance: 2069.1368353229027
ID: 66441.0 Distance: 2069.1524163510785
ID: 57301.0 Distance: 2069.2366855550376
ID: 71040.0 Distance: 2071.3334891940362
ID: 74017.0 Distance: 2074.3889978005673
ID: 74467.0 Distance: 2074.4863772511694
ID: 74017.0 Distance: 2076.6992309518478
ID: 71342.0 Distance: 2078.2002816544436
ID: 71342.0 Distance: 2078.9471348248508
ID: 70791.0 Distance: 2080.965908183171
ID: 74006.0 Distance: 2081.9382099113554
ID: 70070.0 Distance: 2083.8349076604673
ID: 74401.0 Distance: 2085.806728678751
ID: 71075.0 Distance: 2086.60553117423
ID: 70816.0 Distance: 2086.9412075897058
ID: 74055.0 Distance: 2094.2015668706804
ID: 74055.0 Distance: 2095.385539120058
ID: 70806.0 Distance: 2097.181875752655
ID: 70808.0 Distance: 2097.5569942054917
ID: 71483.0 Distance: 2098.11995377364
ID: 70810.0 Distance: 2098.3110022764135
ID: 70810.0 Distance: 2099.058585466358
ID: 57402.0 Distance: 2099.5797195564037
ID: 71055.0 Distance: 2099.901158681296
ID: 70737.0 Distance: 2100.0765193990965
ID: 74012.0 Distance: 2101.8890947835857
ID: 57401.0 Distance: 2102.0697513699142
ID: 57401.0 Distance: 2102.0702492853793
ID: 57401.0 Distance: 2102.0877794664925
ID: 57401.0 Distance: 2102.088277304299
ID: 75504.0 Distance: 2107.0745536424593
ID: 75501.0 Distance: 2107.0885092675476
ID: 74133.0 Distance: 2108.6162534632713
ID: 74133.0 Distance: 2108.685559458505
ID: 74133.0 Distance: 2109.041788139844
ID: 71351.0 Distance: 2110.3529116191535
ID: 74136.0 Distance: 2111.6563415655037
ID: 74571.0 Distance: 2111.910046001286
ID: 74104.0 Distance: 2112.182863936117
ID: 74104.0 Distance: 2112.6173031920057
ID: 67042.0 Distance: 2112.7559575195564
ID: 74127.0 Distance: 2114.763164274399
ID: 74137.0 Distance: 2115.960187349071
ID: 33040.0 Distance: 2117.6024759171196
ID: 74132.0 Distance: 2119.0193096228577
ID: 70301.0 Distance: 2124.740301348661
ID: 71301.0 Distance: 2126.3654751287927
ID: 71301.0 Distance: 2127.755981743508
ID: 71301.0 Distance: 2129.4994143994736
ID: 70360.0 Distance: 2133.009618251454
ID: 70363.0 Distance: 2133.4108151346345
ID: 70360.0 Distance: 2135.1350398801874
ID: 71111.0 Distance: 2136.5616121850294
ID: 74447.0 Distance: 2136.985266311072
ID: 67401.0 Distance: 2137.6685980745915
ID: 67401.0 Distance: 2137.8218459714894
ID: 74745.0 Distance: 2139.5693911176236
ID: 67002.0 Distance: 2140.256288249723
ID: 68803.0 Distance: 2141.252081925112
ID: 71457.0 Distance: 2142.1856004834976
ID: 71101.0 Distance: 2142.685836197584
ID: 67114.0 Distance: 2143.920703509893
ID: 71103.0 Distance: 2144.817061622474
ID: 71105.0 Distance: 2145.0553003905056
ID: 67226.0 Distance: 2145.804491502757
ID: 71103.0 Distance: 2145.9612138086145
ID: 67226.0 Distance: 2145.998619722258
ID: 67226.0 Distance: 2146.2539444715594
ID: 68901.0 Distance: 2150.5089826608278
ID: 74437.0 Distance: 2150.78669447221
ID: 67107.0 Distance: 2152.2998298388484
ID: 67214.0 Distance: 2153.723050781761
ID: 70570.0 Distance: 2155.220150256083
ID: 67005.0 Distance: 2155.3688575825136
ID: 74501.0 Distance: 2155.4525974650523
ID: 67214.0 Distance: 2156.326531026048
ID: 70380.0 Distance: 2157.5303414308323
ID: 67460.0 Distance: 2158.693060823955
ID: 70586.0 Distance: 2158.753049747149
ID: 74010.0 Distance: 2162.388575598812
ID: 71052.0 Distance: 2170.200072069743
ID: 67235.0 Distance: 2170.257933526146
ID: 70554.0 Distance: 2172.5605408012775
ID: 74601.0 Distance: 2175.4596069788167
ID: 71463.0 Distance: 2176.2487532864184
ID: 70503.0 Distance: 2176.3578346277595
ID: 70562.0 Distance: 2176.5117902074326
ID: 70503.0 Distance: 2176.7982174264816
ID: 70506.0 Distance: 2177.619821029633
ID: 67152.0 Distance: 2178.3742658969322
ID: 70508.0 Distance: 2179.3616660650714
ID: 70508.0 Distance: 2179.4606445556315
ID: 70508.0 Distance: 2181.9643752146285
ID: 70508.0 Distance: 2182.018033375968
ID: 74523.0 Distance: 2183.114626845768
ID: 74023.0 Distance: 2184.303737631121
ID: 71449.0 Distance: 2184.5993758715726
ID: 74743.0 Distance: 2186.129643225711
ID: 67502.0 Distance: 2187.6235026675804
ID: 75670.0 Distance: 2187.6510212988
ID: 67502.0 Distance: 2187.981576338983
ID: 74631.0 Distance: 2191.1918965041264
ID: 75455.0 Distance: 2194.2854209052734
ID: 71446.0 Distance: 2198.9362441589656
ID: 71446.0 Distance: 2199.1441303237557
ID: 70526.0 Distance: 2199.4815738691264
ID: 70510.0 Distance: 2200.3204917251896
ID: 74076.0 Distance: 2203.7206279521574
ID: 68848.0 Distance: 2204.980257870006
ID: 68845.0 Distance: 2207.9559025959893
ID: 75633.0 Distance: 2209.8746004090026
ID: 75460.0 Distance: 2210.4852882940527
ID: 73077.0 Distance: 2214.0011269391193
ID: 75605.0 Distance: 2215.61968155868
ID: 74868.0 Distance: 2215.651644259786
ID: 75601.0 Distance: 2217.6923913237397
ID: 70546.0 Distance: 2219.884089811253
ID: 70634.0 Distance: 2221.406896747778
ID: 74804.0 Distance: 2229.071312346698
ID: 58316.0 Distance: 2232.9309454290997
ID: 74820.0 Distance: 2234.7023427956133
ID: 74820.0 Distance: 2238.1637202857305
ID: 75482.0 Distance: 2244.383888369154
ID: 75652.0 Distance: 2244.515766748042
ID: 57501.0 Distance: 2251.1499164369757
ID: 67530.0 Distance: 2251.8853836944654
ID: 73034.0 Distance: 2254.1405158254374
ID: 73701.0 Distance: 2255.8905229744373
ID: 73701.0 Distance: 2257.3897483829114
ID: 74702.0 Distance: 2257.630421193474
ID: 75708.0 Distance: 2259.6793186991467
ID: 73110.0 Distance: 2260.8423930468557
ID: 70601.0 Distance: 2260.8821723382343
ID: 70601.0 Distance: 2262.2278831840536
ID: 73114.0 Distance: 2265.4091626600084
ID: 70605.0 Distance: 2266.4345291266254
ID: 75961.0 Distance: 2267.305199553543
ID: 73135.0 Distance: 2267.3091372254416
ID: 73104.0 Distance: 2268.866329250129
ID: 73134.0 Distance: 2269.048374597343
ID: 75961.0 Distance: 2269.417668828986
ID: 75951.0 Distance: 2269.8457089048898
ID: 73120.0 Distance: 2270.443200237705
ID: 73120.0 Distance: 2270.6892437335814
ID: 75701.0 Distance: 2270.8713093802135
ID: 73101.0 Distance: 2270.9582805081013
ID: 75701.0 Distance: 2271.166699761957
ID: 70663.0 Distance: 2271.350602684858
ID: 75701.0 Distance: 2272.3270031635484
ID: 73112.0 Distance: 2272.5472557563453
ID: 73129.0 Distance: 2273.2674714773725
ID: 73112.0 Distance: 2273.380634174521
ID: 67124.0 Distance: 2273.5545309743297
ID: 73109.0 Distance: 2274.188335599664
ID: 73109.0 Distance: 2274.537270834505
ID: 73139.0 Distance: 2275.1148768634507
ID: 67601.0 Distance: 2275.737811119787
ID: 73070.0 Distance: 2276.34537920587
ID: 73159.0 Distance: 2279.6642511977234
ID: 73080.0 Distance: 2280.553942142417
ID: 73075.0 Distance: 2284.5315015489327
ID: 58501.0 Distance: 2284.6740310323394
ID: 58506.0 Distance: 2285.0412397372743
ID: 75401.0 Distance: 2287.673130164381
ID: 75020.0 Distance: 2289.6598022080643
ID: 73099.0 Distance: 2289.9642027271775
ID: 75090.0 Distance: 2292.8601116968707
ID: 75766.0 Distance: 2293.904810214781
ID: 75901.0 Distance: 2295.1156576262206
ID: 75904.0 Distance: 2296.5336656819304
ID: 75091.0 Distance: 2296.8813594606177
ID: 73717.0 Distance: 2304.071415363359
ID: 73036.0 Distance: 2305.4129430344024
ID: 73401.0 Distance: 2307.1180809008
ID: 75979.0 Distance: 2310.1070883858774
ID: 75751.0 Distance: 2324.6097957352986
ID: 75071.0 Distance: 2325.7041756739964
ID: 75069.0 Distance: 2325.758188358644
ID: 73018.0 Distance: 2327.7823499628166
ID: 75032.0 Distance: 2328.759303852732
ID: 75088.0 Distance: 2330.065210826433
ID: 75013.0 Distance: 2331.183039592272
ID: 75070.0 Distance: 2331.486722500134
ID: 69101.0 Distance: 2333.6390678541256
ID: 75142.0 Distance: 2334.9893835513653
ID: 58701.0 Distance: 2335.874841736199
ID: 75801.0 Distance: 2336.0879184674677
ID: 77702.0 Distance: 2337.3428117569624
ID: 77701.0 Distance: 2337.6134704369138
ID: 75082.0 Distance: 2337.7780233616545
ID: 77640.0 Distance: 2337.907871972484
ID: 75035.0 Distance: 2339.0011073366068
ID: 76240.0 Distance: 2339.1717392799465
ID: 75042.0 Distance: 2342.003645182099
ID: 75182.0 Distance: 2343.210626694616
ID: 76227.0 Distance: 2343.980518540592
ID: 75075.0 Distance: 2344.133071488668
ID: 75034.0 Distance: 2344.781334154009
ID: 75149.0 Distance: 2345.691904766075
ID: 75093.0 Distance: 2346.3777498985714
ID: 75093.0 Distance: 2346.543746638956
ID: 75093.0 Distance: 2347.9655444435894
ID: 75093.0 Distance: 2348.435853501411
ID: 75835.0 Distance: 2348.6469568095345
ID: 75218.0 Distance: 2350.5287556439166
ID: 75230.0 Distance: 2351.270182066106
ID: 75001.0 Distance: 2351.290413808155
ID: 77351.0 Distance: 2351.348544799842
ID: 75231.0 Distance: 2351.6860167332447
ID: 75231.0 Distance: 2352.380553239246
ID: 75231.0 Distance: 2352.441010001223
ID: 75010.0 Distance: 2353.1862713581536
ID: 75231.0 Distance: 2353.268233548072
ID: 73533.0 Distance: 2356.378424969565
ID: 75006.0 Distance: 2356.68381453163
ID: 75234.0 Distance: 2358.622107402863
ID: 75246.0 Distance: 2359.132933068041
ID: 75226.0 Distance: 2359.2684259892826
ID: 75204.0 Distance: 2359.382557838175
ID: 76208.0 Distance: 2360.2906624821067
ID: 76210.0 Distance: 2360.535846306693
ID: 75057.0 Distance: 2361.5119663043556
ID: 75235.0 Distance: 2362.0810533365534
ID: 75390.0 Distance: 2362.304634269412
ID: 75390.0 Distance: 2362.721469608393
ID: 75235.0 Distance: 2362.946353896695
ID: 75203.0 Distance: 2364.3782624679093
ID: 76201.0 Distance: 2364.40411983538
ID: 75063.0 Distance: 2365.239096525823
ID: 75039.0 Distance: 2366.3624284117013
ID: 75028.0 Distance: 2366.4490844250804
ID: 75061.0 Distance: 2370.5653124303317
ID: 75146.0 Distance: 2372.9687609118655
ID: 67801.0 Distance: 2374.102002200193
ID: 76051.0 Distance: 2375.16577871681
ID: 75237.0 Distance: 2375.408355657973
ID: 76255.0 Distance: 2377.193473313468
ID: 76092.0 Distance: 2377.518751405901
ID: 75119.0 Distance: 2377.8237932834095
ID: 75840.0 Distance: 2378.2289362693573
ID: 76262.0 Distance: 2378.305414767706
ID: 73801.0 Distance: 2379.224994409452
ID: 75110.0 Distance: 2381.0783181539678
ID: 76022.0 Distance: 2383.3581642647127
ID: 75165.0 Distance: 2387.277305723969
ID: 76012.0 Distance: 2387.9477898319988
ID: 76012.0 Distance: 2388.1199668898826
ID: 73601.0 Distance: 2388.89290470081
ID: 73505.0 Distance: 2388.8990214895703
ID: 76180.0 Distance: 2390.8290496349314
ID: 76015.0 Distance: 2391.094884319288
ID: 73505.0 Distance: 2391.642128483073
ID: 76015.0 Distance: 2392.0056948822144
ID: 76017.0 Distance: 2392.226437033933
ID: 76244.0 Distance: 2392.4453095122008
ID: 76177.0 Distance: 2394.5633338397897
ID: 76177.0 Distance: 2394.6381923185486
ID: 76063.0 Distance: 2397.20921186457
ID: 76234.0 Distance: 2398.1075661943005
ID: 77340.0 Distance: 2400.0868547864793
ID: 76667.0 Distance: 2405.375679652441
ID: 76104.0 Distance: 2405.9492622854673
ID: 76104.0 Distance: 2406.2286706459927
ID: 76104.0 Distance: 2406.8098725783266
ID: 76104.0 Distance: 2407.158965267455
ID: 76110.0 Distance: 2407.4482694230373
ID: 76020.0 Distance: 2412.9656794561815
ID: 76028.0 Distance: 2413.545318502723
ID: 76132.0 Distance: 2417.435850384921
ID: 76132.0 Distance: 2417.9333086832034
ID: 73651.0 Distance: 2420.648013670662
ID: 77304.0 Distance: 2421.8975905744783
ID: 77521.0 Distance: 2422.392998935938
ID: 77325.0 Distance: 2422.649389139987
ID: 77339.0 Distance: 2423.0623887561046
ID: 77385.0 Distance: 2426.4329289080856
ID: 77384.0 Distance: 2426.771708030917
ID: 77384.0 Distance: 2426.834207202343
ID: 77338.0 Distance: 2428.0574249632787
ID: 73644.0 Distance: 2428.7023530458796
ID: 76645.0 Distance: 2431.8504234901907
ID: 76301.0 Distance: 2431.8960243677566
ID: 67846.0 Distance: 2437.5225002107372
ID: 76033.0 Distance: 2438.6000271004154
ID: 77090.0 Distance: 2438.646197604698
ID: 77090.0 Distance: 2438.8346016560113
ID: 77090.0 Distance: 2438.9629052619935
ID: 76310.0 Distance: 2439.750812477134
ID: 76086.0 Distance: 2440.8065503384937
ID: 77555.0 Distance: 2440.9086264556167
ID: 57770.0 Distance: 2442.8094006591496
ID: 77505.0 Distance: 2445.0544915267633
ID: 77504.0 Distance: 2445.184924139626
ID: 77058.0 Distance: 2446.1499859519745
ID: 77375.0 Distance: 2447.3925417727214
ID: 77091.0 Distance: 2448.372865144405
ID: 77598.0 Distance: 2449.3263508767614
ID: 77598.0 Distance: 2449.7436150898834
ID: 77070.0 Distance: 2450.127695175177
ID: 77598.0 Distance: 2450.1448691516257
ID: 77070.0 Distance: 2450.4743343845507
ID: 77002.0 Distance: 2452.359295396803
ID: 77008.0 Distance: 2452.5948022944967
ID: 77004.0 Distance: 2455.411349496145
ID: 77004.0 Distance: 2455.7786699152657
ID: 77065.0 Distance: 2456.1522768121827
ID: 77030.0 Distance: 2457.0699094014853
ID: 77030.0 Distance: 2457.596126578021
ID: 77030.0 Distance: 2457.8202993770706
ID: 77054.0 Distance: 2458.3781169308572
ID: 73523.0 Distance: 2458.7383030552014
ID: 77054.0 Distance: 2458.982507334704
ID: 77802.0 Distance: 2459.1427040832223
ID: 77429.0 Distance: 2459.385448644618
ID: 77030.0 Distance: 2460.271323011928
ID: 76661.0 Distance: 2461.0797761357035
ID: 76048.0 Distance: 2461.146425909471
ID: 77845.0 Distance: 2462.413938232924
ID: 77802.0 Distance: 2462.499796701643
ID: 77842.0 Distance: 2463.2511413179072
ID: 77024.0 Distance: 2463.3109623772452
ID: 76067.0 Distance: 2466.1956664796594
ID: 77584.0 Distance: 2466.408825485103
ID: 76043.0 Distance: 2468.3019859222077
ID: 76712.0 Distance: 2469.624839291381
ID: 77082.0 Distance: 2470.6133637214502
ID: 76712.0 Distance: 2471.2175755087633
ID: 77094.0 Distance: 2474.1320152512135
ID: 67901.0 Distance: 2478.308929929014
ID: 77494.0 Distance: 2480.6951879978324
ID: 77478.0 Distance: 2481.4256326193454
ID: 57703.0 Distance: 2482.835567434766
ID: 57701.0 Distance: 2482.842860999133
ID: 57701.0 Distance: 2482.8466623335826
ID: 57701.0 Distance: 2482.86138283629
ID: 57701.0 Distance: 2482.8651842533136
ID: 77479.0 Distance: 2483.3513011319637
ID: 76384.0 Distance: 2483.646461740474
ID: 77479.0 Distance: 2483.6810487271246
ID: 76450.0 Distance: 2484.2000838283984
ID: 77479.0 Distance: 2489.4763729231277
ID: 77469.0 Distance: 2494.5609259826333
ID: 77833.0 Distance: 2501.408869767685
ID: 76401.0 Distance: 2505.441224598336
ID: 76380.0 Distance: 2508.909600210966
ID: 77566.0 Distance: 2510.874217908694
ID: 76508.0 Distance: 2512.2207115942497
ID: 76424.0 Distance: 2527.797766583157
ID: 57783.0 Distance: 2528.741221544075
ID: 76531.0 Distance: 2530.392053737332
ID: 76548.0 Distance: 2537.1584918118274
ID: 73942.0 Distance: 2538.843107486839
ID: 79201.0 Distance: 2542.7595805086344
ID: 76448.0 Distance: 2543.4645210139033
ID: 76542.0 Distance: 2543.663300500929
ID: 78934.0 Distance: 2543.70674604228
ID: 79065.0 Distance: 2547.0373460818787
ID: 80751.0 Distance: 2547.141133087843
ID: 78945.0 Distance: 2551.9126113800635
ID: 69361.0 Distance: 2553.013542341855
ID: 77414.0 Distance: 2553.947853045693
ID: 77437.0 Distance: 2558.7454708062273
ID: 67950.0 Distance: 2561.212257617321
ID: 78664.0 Distance: 2567.976625113451
ID: 78664.0 Distance: 2571.0033171970913
ID: 78681.0 Distance: 2576.540269170271
ID: 78758.0 Distance: 2582.581027661265
ID: 78613.0 Distance: 2582.617470245452
ID: 78759.0 Distance: 2585.8605060883283
ID: 78731.0 Distance: 2590.147797238582
ID: 78705.0 Distance: 2592.2500318732596
ID: 78705.0 Distance: 2592.669630371413
ID: 78701.0 Distance: 2593.8600418847373
ID: 78746.0 Distance: 2598.8666942383916
ID: 78746.0 Distance: 2599.444505134703
ID: 78704.0 Distance: 2600.2522506570185
ID: 76801.0 Distance: 2601.014697319031
ID: 80701.0 Distance: 2603.8914754213483
ID: 79501.0 Distance: 2607.3704446267593
ID: 79601.0 Distance: 2611.628322655677
ID: 79606.0 Distance: 2618.1556820975593
ID: 78640.0 Distance: 2620.960837536712
ID: 78654.0 Distance: 2621.7953027591448
ID: 78629.0 Distance: 2622.8381450913175
ID: 78643.0 Distance: 2635.5971828931224
ID: 78666.0 Distance: 2638.8198725419734
ID: 77901.0 Distance: 2638.886499386776
ID: 77954.0 Distance: 2640.1796743495092
ID: 77902.0 Distance: 2640.747778428159
ID: 79124.0 Distance: 2641.929991094487
ID: 79106.0 Distance: 2643.0573113594787
ID: 79106.0 Distance: 2643.297927113504
ID: 78130.0 Distance: 2657.091229339228
ID: 78155.0 Distance: 2658.232248169449
ID: 82716.0 Distance: 2662.051505594683
ID: 82001.0 Distance: 2664.07645348821
ID: 79556.0 Distance: 2665.8074053429755
ID: 80631.0 Distance: 2674.5763948819044
ID: 79072.0 Distance: 2677.2517561261616
ID: 78624.0 Distance: 2682.774750766589
ID: 80601.0 Distance: 2692.343725716055
ID: 78258.0 Distance: 2695.0673860525876
ID: 78258.0 Distance: 2695.48647921287
ID: 80528.0 Distance: 2696.055367591693
ID: 78232.0 Distance: 2696.939491777617
ID: 80538.0 Distance: 2698.0630469648763
ID: 80524.0 Distance: 2698.612333641351
ID: 80538.0 Distance: 2702.5702028998307
ID: 78114.0 Distance: 2703.791758587489
ID: 80045.0 Distance: 2705.0835959978326
ID: 80138.0 Distance: 2705.2677587040434
ID: 78249.0 Distance: 2705.650675419833
ID: 80012.0 Distance: 2705.870576998613
ID: 78205.0 Distance: 2708.9771381912883
ID: 78205.0 Distance: 2709.29387576773
ID: 78240.0 Distance: 2709.755905027227
ID: 78229.0 Distance: 2709.931266754399
ID: 78229.0 Distance: 2710.340688942807
ID: 78240.0 Distance: 2710.3684681411437
ID: 80023.0 Distance: 2710.9012873862007
ID: 78229.0 Distance: 2710.939529524974
ID: 80220.0 Distance: 2712.9667490888583
ID: 80229.0 Distance: 2713.2071381498504
ID: 80124.0 Distance: 2714.1207378806876
ID: 80218.0 Distance: 2715.206727696407
ID: 80501.0 Distance: 2715.2894412754717
ID: 80218.0 Distance: 2715.633122325056
ID: 80204.0 Distance: 2717.7750520205595
ID: 78336.0 Distance: 2718.1509809540908
ID: 80210.0 Distance: 2718.235547724684
ID: 80026.0 Distance: 2718.2553939416857
ID: 78028.0 Distance: 2718.2626491292804
ID: 78224.0 Distance: 2718.522032841112
ID: 80109.0 Distance: 2719.2025720205343
ID: 80113.0 Distance: 2719.245765710434
ID: 82072.0 Distance: 2720.1230981816475
ID: 80122.0 Distance: 2722.062836942002
ID: 79415.0 Distance: 2722.692425555121
ID: 79412.0 Distance: 2722.9766210381226
ID: 79410.0 Distance: 2723.3871862074793
ID: 78102.0 Distance: 2724.0880187956554
ID: 80027.0 Distance: 2724.1830744194644
ID: 80033.0 Distance: 2724.670984127309
ID: 79416.0 Distance: 2724.849588930779
ID: 76903.0 Distance: 2727.756274617759
ID: 80303.0 Distance: 2729.2086050651255
ID: 80228.0 Distance: 2729.4700731913076
ID: 80228.0 Distance: 2729.5063443747413
ID: 80909.0 Distance: 2730.851898874745
ID: 80907.0 Distance: 2731.8128778485907
ID: 76904.0 Distance: 2733.4372052424337
ID: 81003.0 Distance: 2735.110436803354
ID: 81004.0 Distance: 2737.784300909745
ID: 82605.0 Distance: 2741.076801676955
ID: 78404.0 Distance: 2745.300196600245
ID: 78026.0 Distance: 2746.2563480250305
ID: 82601.0 Distance: 2747.5125991198256
ID: 78414.0 Distance: 2750.067774882545
ID: 78414.0 Distance: 2750.6956582442635
ID: 79336.0 Distance: 2762.2988799760014
ID: 79720.0 Distance: 2765.5357694385957
ID: 82801.0 Distance: 2770.810241646217
ID: 79316.0 Distance: 2774.8481627435526
ID: 81212.0 Distance: 2779.8705957627108
ID: 88101.0 Distance: 2788.837796078164
ID: 78332.0 Distance: 2793.910244610695
ID: 78363.0 Distance: 2800.104946808948
ID: 80443.0 Distance: 2812.0035407473924
ID: 88130.0 Distance: 2812.137896197577
ID: 79701.0 Distance: 2828.7203889712623
ID: 81657.0 Distance: 2834.6749817881696
ID: 79714.0 Distance: 2845.006546999576
ID: 80487.0 Distance: 2845.4490320696336
ID: 79761.0 Distance: 2858.600085072286
ID: 79761.0 Distance: 2859.578164755903
ID: 81101.0 Distance: 2870.5533626079723
ID: 88240.0 Distance: 2872.657128965804
ID: 78834.0 Distance: 2876.6090445548302
ID: 59101.0 Distance: 2880.4363771957624
ID: 59101.0 Distance: 2880.841800517786
ID: 88435.0 Distance: 2883.6263406563203
ID: 78550.0 Distance: 2886.8285595278708
ID: 78550.0 Distance: 2888.511245433265
ID: 87571.0 Distance: 2890.762957564293
ID: 78526.0 Distance: 2890.9511654716002
ID: 87701.0 Distance: 2893.7148686163305
ID: 78520.0 Distance: 2895.35766858979
ID: 78840.0 Distance: 2897.4313445695325
ID: 78852.0 Distance: 2908.468137119368
ID: 78596.0 Distance: 2910.5139087897173
ID: 78041.0 Distance: 2912.3167921121617
ID: 82501.0 Distance: 2913.0671332489
ID: 81601.0 Distance: 2915.3341195543785
ID: 78539.0 Distance: 2916.962899422699
ID: 78044.0 Distance: 2917.646083363833
ID: 78539.0 Distance: 2918.0546301782856
ID: 78539.0 Distance: 2919.3312559818287
ID: 78503.0 Distance: 2925.516971915827
ID: 78572.0 Distance: 2931.5188190808976
ID: 88201.0 Distance: 2945.914244102224
ID: 88201.0 Distance: 2946.151417541853
ID: 87532.0 Distance: 2949.264915185614
ID: 87505.0 Distance: 2952.6650190902183
ID: 59501.0 Distance: 2956.611484712523
ID: 78582.0 Distance: 2957.3652232196214
ID: 88210.0 Distance: 2967.4686322605735
ID: 87544.0 Distance: 2973.39703017398
ID: 88220.0 Distance: 2977.5222497900654
ID: 81401.0 Distance: 2996.3474850991274
ID: 81416.0 Distance: 3001.5477330261497
ID: 82901.0 Distance: 3011.9453127737943
ID: 87144.0 Distance: 3029.298787485215
ID: 87109.0 Distance: 3030.2208963201265
ID: 81502.0 Distance: 3031.927982659081
ID: 87114.0 Distance: 3033.8080215958994
ID: 87106.0 Distance: 3034.4791443787817
ID: 81505.0 Distance: 3035.740318001534
ID: 87106.0 Distance: 3036.274661551827
ID: 87102.0 Distance: 3036.4353671196636
ID: 81301.0 Distance: 3040.296408856695
ID: 81301.0 Distance: 3043.554504973649
ID: 84078.0 Distance: 3067.3755128725484
ID: 59715.0 Distance: 3075.3861402394114
ID: 59405.0 Distance: 3076.578600775933
ID: 59405.0 Distance: 3076.7833857955475
ID: 88310.0 Distance: 3087.5276843500333
ID: 83001.0 Distance: 3089.953170155542
ID: 87401.0 Distance: 3093.646773018752
ID: 84066.0 Distance: 3109.9020989497253
ID: 87420.0 Distance: 3129.412674683787
ID: 87313.0 Distance: 3131.8932472887573
ID: 59601.0 Distance: 3139.906469452434
ID: 82930.0 Distance: 3163.125279419102
ID: 83440.0 Distance: 3163.8268778560528
ID: 79938.0 Distance: 3177.1875045086335
ID: 79936.0 Distance: 3183.2215353544816
ID: 88011.0 Distance: 3185.180943708776
ID: 88011.0 Distance: 3187.6381530653694
ID: 83404.0 Distance: 3188.150161745373
ID: 59701.0 Distance: 3188.5081279689634
ID: 83404.0 Distance: 3188.5457038628597
ID: 87301.0 Distance: 3189.066568131471
ID: 87301.0 Distance: 3189.29398433104
ID: 79905.0 Distance: 3192.0484206230017
ID: 79902.0 Distance: 3195.037835989702
ID: 79911.0 Distance: 3195.1618963442966
ID: 79902.0 Distance: 3195.4728504829272
ID: 79902.0 Distance: 3197.3828845692587
ID: 79902.0 Distance: 3197.525185879997
ID: 84501.0 Distance: 3200.562646203977
ID: 59417.0 Distance: 3201.902363768068
ID: 86504.0 Distance: 3204.1832515055953
ID: 84341.0 Distance: 3215.581484234973
ID: 84341.0 Distance: 3216.1844496016242
ID: 84060.0 Distance: 3218.0764725498134
ID: 86503.0 Distance: 3232.71351046978
ID: 83201.0 Distance: 3236.013025661039
ID: 84302.0 Distance: 3239.6769712239643
ID: 84403.0 Distance: 3242.7956842549006
ID: 84405.0 Distance: 3244.492257099725
ID: 84010.0 Distance: 3244.551746091126
ID: 84132.0 Distance: 3245.3529740481354
ID: 84337.0 Distance: 3246.1258840237083
ID: 84102.0 Distance: 3247.456905310649
ID: 84604.0 Distance: 3247.6115146764914
ID: 84143.0 Distance: 3248.69478699297
ID: 84041.0 Distance: 3248.726172813578
ID: 84057.0 Distance: 3249.3949856318523
ID: 84124.0 Distance: 3249.564773862772
ID: 84003.0 Distance: 3251.693650959588
ID: 84094.0 Distance: 3252.687671819137
ID: 84107.0 Distance: 3252.9962932399226
ID: 84107.0 Distance: 3253.21816990791
ID: 84020.0 Distance: 3256.7416413619962
ID: 84651.0 Distance: 3258.0764166689255
ID: 84088.0 Distance: 3262.172495092209
ID: 84065.0 Distance: 3264.660820988889
ID: 88061.0 Distance: 3285.1529376217427
ID: 59806.0 Distance: 3288.6722927096334
ID: 84074.0 Distance: 3289.01051082025
ID: 59804.0 Distance: 3292.5821570710427
ID: 59901.0 Distance: 3300.0969022661448
ID: 59901.0 Distance: 3300.140181470608
ID: 84701.0 Distance: 3331.5636155599786
ID: 85901.0 Distance: 3357.486194205453
ID: 86045.0 Distance: 3367.4541004569055
ID: 85941.0 Distance: 3368.7486215273225
ID: 85546.0 Distance: 3404.6053098017283
ID: 83301.0 Distance: 3408.243646616041
ID: 85542.0 Distance: 3436.134671665978
ID: 86001.0 Distance: 3443.613018447364
ID: 84721.0 Distance: 3453.4611016540644
ID: 85541.0 Distance: 3463.61402621951
ID: 83814.0 Distance: 3488.419262189944
ID: 86326.0 Distance: 3497.6632608617315
ID: 83854.0 Distance: 3497.921250743406
ID: 85635.0 Distance: 3514.2989083639145
ID: 83712.0 Distance: 3516.792740926566
ID: 84790.0 Distance: 3518.06578525047
ID: 99216.0 Distance: 3521.589525955828
ID: 83706.0 Distance: 3521.7668955540685
ID: 83501.0 Distance: 3524.1160183083784
ID: 83704.0 Distance: 3524.5527617850234
ID: 85755.0 Distance: 3525.3502718299746
ID: 85120.0 Distance: 3525.7776308150555
ID: 85711.0 Distance: 3528.598247058584
ID: 85712.0 Distance: 3529.076723594628
ID: 85209.0 Distance: 3529.643280794986
ID: 99208.0 Distance: 3533.8849969865028
ID: 85206.0 Distance: 3534.8484750831262
ID: 85140.0 Distance: 3534.8963162418054
ID: 85206.0 Distance: 3534.972861677946
ID: 99204.0 Distance: 3535.1521640753813
ID: 85724.0 Distance: 3535.2843551687492
ID: 85132.0 Distance: 3535.6187057781763
ID: 99210.0 Distance: 3535.8345801573373
ID: 85741.0 Distance: 3536.2873399872788
ID: 85713.0 Distance: 3537.4998807034235
ID: 85234.0 Distance: 3539.1317614010795
ID: 85206.0 Distance: 3540.322321540176
ID: 85745.0 Distance: 3540.4326145237765
ID: 85255.0 Distance: 3541.045785035107
ID: 85260.0 Distance: 3542.5325836839957
ID: 83687.0 Distance: 3542.7002529060037
ID: 86301.0 Distance: 3543.4175247815097
ID: 85054.0 Distance: 3544.4646394359843
ID: 85296.0 Distance: 3546.5414692714044
ID: 85032.0 Distance: 3548.849408072001
ID: 85251.0 Distance: 3550.3276800338535
ID: 85202.0 Distance: 3551.5945555731014
ID: 83605.0 Distance: 3555.178622471938
ID: 85224.0 Distance: 3555.613468228224
ID: 85224.0 Distance: 3556.12017453734
ID: 85614.0 Distance: 3557.077130188656
ID: 85027.0 Distance: 3557.2783374382484
ID: 85008.0 Distance: 3558.0200139308245
ID: 85020.0 Distance: 3558.4688364327453
ID: 89801.0 Distance: 3558.5499397370177
ID: 85016.0 Distance: 3560.336268660094
ID: 85008.0 Distance: 3560.4297040414554
ID: 85006.0 Distance: 3561.912503167389
ID: 85006.0 Distance: 3562.6426941288273
ID: 85015.0 Distance: 3562.650022403335
ID: 85015.0 Distance: 3563.2246919785484
ID: 85013.0 Distance: 3563.6158065708323
ID: 85308.0 Distance: 3564.8656574856527
ID: 85306.0 Distance: 3565.395804236795
ID: 97914.0 Distance: 3568.3998875630023
ID: 85031.0 Distance: 3570.051000880672
ID: 85351.0 Distance: 3574.300589147411
ID: 85037.0 Distance: 3578.446507539004
ID: 85375.0 Distance: 3578.7791883972727
ID: 85395.0 Distance: 3587.056507338695
ID: 99362.0 Distance: 3629.627544686111
ID: 99362.0 Distance: 3630.5193913345915
ID: 86409.0 Distance: 3640.5954142222913
ID: 98837.0 Distance: 3681.0750799646917
ID: 89015.0 Distance: 3681.428288866126
ID: 89011.0 Distance: 3683.694954283972
ID: 89030.0 Distance: 3685.8735054570043
ID: 99336.0 Distance: 3686.8215457315246
ID: 86442.0 Distance: 3688.433660656702
ID: 89119.0 Distance: 3689.6924373846246
ID: 89109.0 Distance: 3689.7105509564776
ID: 89106.0 Distance: 3690.8837837450487
ID: 89102.0 Distance: 3690.9734864747643
ID: 89052.0 Distance: 3693.708340842305
ID: 89149.0 Distance: 3695.267326765776
ID: 89128.0 Distance: 3695.3436978787636
ID: 86426.0 Distance: 3696.8592084526517
ID: 99352.0 Distance: 3697.57527438685
ID: 89118.0 Distance: 3700.2052735872508
ID: 86403.0 Distance: 3700.5892147117006
ID: 89144.0 Distance: 3702.5187220239486
ID: 89113.0 Distance: 3704.272492688445
ID: 89148.0 Distance: 3705.4973204487555
ID: 98801.0 Distance: 3754.737004800972
ID: 98807.0 Distance: 3755.1079395304564
ID: 92225.0 Distance: 3764.5603791094704
ID: 98948.0 Distance: 3774.026259912127
ID: 98902.0 Distance: 3784.9351397073924
ID: 98902.0 Distance: 3787.003908850927
ID: 85364.0 Distance: 3815.7705910316863
ID: 97058.0 Distance: 3855.1456239419535
ID: 98272.0 Distance: 3870.556428934297
ID: 98223.0 Distance: 3874.4030885773414
ID: 92227.0 Distance: 3877.192555411659
ID: 92252.0 Distance: 3877.4534095124363
ID: 98029.0 Distance: 3878.948791681564
ID: 98201.0 Distance: 3884.21741963685
ID: 98274.0 Distance: 3885.604261337991
ID: 98034.0 Distance: 3887.1959224135585
ID: 92243.0 Distance: 3887.632563713672
ID: 97756.0 Distance: 3887.717274124377
ID: 98004.0 Distance: 3889.560735947003
ID: 98225.0 Distance: 3890.667429266524
ID: 98055.0 Distance: 3894.946808873165
ID: 92201.0 Distance: 3895.2881974948677
ID: 98026.0 Distance: 3897.0847401030533
ID: 98195.0 Distance: 3897.996470182078
ID: 98001.0 Distance: 3898.6414409609706
ID: 98133.0 Distance: 3898.9102631809205
ID: 98122.0 Distance: 3898.933688100543
ID: 98122.0 Distance: 3899.7389969558544
ID: 98104.0 Distance: 3900.0183148235183
ID: 98101.0 Distance: 3900.1644881049046
ID: 97701.0 Distance: 3901.3340361663218
ID: 92311.0 Distance: 3901.761800950048
ID: 98166.0 Distance: 3904.2176206549875
ID: 98221.0 Distance: 3905.413233504755
ID: 98372.0 Distance: 3905.725372020722
ID: 92270.0 Distance: 3906.084454847221
ID: 98003.0 Distance: 3906.232520052315
ID: 92262.0 Distance: 3914.0832035820085
ID: 98405.0 Distance: 3916.123643277893
ID: 98405.0 Distance: 3916.2248205127594
ID: 98499.0 Distance: 3921.966353734975
ID: 98310.0 Distance: 3922.660154489244
ID: 98332.0 Distance: 3926.0504237827963
ID: 89434.0 Distance: 3929.5940695414697
ID: 89502.0 Distance: 3931.615942287168
ID: 89521.0 Distance: 3932.154499420733
ID: 89503.0 Distance: 3933.360198325362
ID: 92307.0 Distance: 3939.0964532949297
ID: 92392.0 Distance: 3942.0922316848737
ID: 92220.0 Distance: 3942.6860239849448
ID: 89703.0 Distance: 3943.0551499925473
ID: 92395.0 Distance: 3945.1451118224786
ID: 98506.0 Distance: 3949.787815258981
ID: 97030.0 Distance: 3951.3607086234642
ID: 92543.0 Distance: 3952.891524189675
ID: 98502.0 Distance: 3957.726771386468
ID: 92373.0 Distance: 3958.856921453162
ID: 92404.0 Distance: 3959.9247813414995
ID: 98668.0 Distance: 3962.0098916143147
ID: 97216.0 Distance: 3963.0140049460288
ID: 92354.0 Distance: 3963.0859040134496
ID: 92411.0 Distance: 3963.705721543605
ID: 92555.0 Distance: 3964.187086770099
ID: 92555.0 Distance: 3964.2537542355544
ID: 98686.0 Distance: 3964.692180195214
ID: 97015.0 Distance: 3965.095642380212
ID: 97213.0 Distance: 3966.8182115347995
ID: 98531.0 Distance: 3967.319315269059
ID: 97045.0 Distance: 3969.014147239516
ID: 92324.0 Distance: 3969.03682688557
ID: 97222.0 Distance: 3969.767401234422
ID: 98362.0 Distance: 3970.6263468924863
ID: 97227.0 Distance: 3970.635948112842
ID: 96150.0 Distance: 3971.4285930679516
ID: 92585.0 Distance: 3971.633937658398
ID: 97239.0 Distance: 3973.0363997122
ID: 97210.0 Distance: 3973.037376279647
ID: 92335.0 Distance: 3976.0748784809116
ID: 92501.0 Distance: 3976.3518117168537
ID: 92563.0 Distance: 3976.967962576601
ID: 98632.0 Distance: 3977.177025448952
ID: 92592.0 Distance: 3978.5113762452384
ID: 97225.0 Distance: 3979.2095734965637
ID: 97062.0 Distance: 3980.141583428047
ID: 92562.0 Distance: 3980.9918960999344
ID: 92503.0 Distance: 3983.655539380051
ID: 97124.0 Distance: 3986.384474848332
ID: 92505.0 Distance: 3987.1272389509954
ID: 91786.0 Distance: 3991.283943653818
ID: 97381.0 Distance: 3993.4607040642745
ID: 92025.0 Distance: 3994.2110893616596
ID: 97123.0 Distance: 3994.673041560152
ID: 97601.0 Distance: 3995.448589439042
ID: 97132.0 Distance: 3996.781079311242
ID: 92882.0 Distance: 3996.9577280633666
ID: 91763.0 Distance: 3997.260362591714
ID: 97383.0 Distance: 3998.331538282926
ID: 91710.0 Distance: 3999.0772966163804
ID: 92064.0 Distance: 3999.2278562624465
ID: 91767.0 Distance: 4000.5286582365375
ID: 91767.0 Distance: 4001.847118699663
ID: 93534.0 Distance: 4005.617515658647
ID: 91942.0 Distance: 4006.317807261448
ID: 91942.0 Distance: 4006.338677672139
ID: 91942.0 Distance: 4006.3783125170617
ID: 91942.0 Distance: 4006.399182927271
ID: 91773.0 Distance: 4007.7569405851277
ID: 91740.0 Distance: 4008.795914527724
ID: 92056.0 Distance: 4008.803274998058
ID: 91740.0 Distance: 4009.0522188614063
ID: 93552.0 Distance: 4009.553058183564
ID: 93257.0 Distance: 4009.797655533505
ID: 92120.0 Distance: 4010.728812060526
ID: 93257.0 Distance: 4012.5095053508153
ID: 92120.0 Distance: 4013.0920729103245
ID: 91723.0 Distance: 4013.0982514914317
ID: 97301.0 Distance: 4014.0204127240277
ID: 92024.0 Distance: 4015.93583821706
ID: 91911.0 Distance: 4016.0915303409765
ID: 97128.0 Distance: 4017.018681837342
ID: 92123.0 Distance: 4017.5581740910707
ID: 91950.0 Distance: 4017.6246335382057
ID: 91790.0 Distance: 4018.142998498409
ID: 92870.0 Distance: 4018.933162356475
ID: 92037.0 Distance: 4018.9659205769417
ID: 92037.0 Distance: 4019.771112170227
ID: 92103.0 Distance: 4020.546880562603
ID: 92691.0 Distance: 4020.627664102595
ID: 92806.0 Distance: 4020.747208912773
ID: 92103.0 Distance: 4020.88013275719
ID: 92653.0 Distance: 4021.780172423523
ID: 91706.0 Distance: 4021.8304213046817
ID: 92869.0 Distance: 4022.4501779681964
ID: 93291.0 Distance: 4022.761864849986
ID: 91006.0 Distance: 4023.015472209232
ID: 93654.0 Distance: 4023.1404913432584
ID: 92118.0 Distance: 4024.2181205022102
ID: 92618.0 Distance: 4024.4304543954713
ID: 92705.0 Distance: 4024.708355075785
ID: 92835.0 Distance: 4025.49162630344
ID: 92780.0 Distance: 4025.531992809352
ID: 98520.0 Distance: 4025.67211472094
ID: 92868.0 Distance: 4026.0082218388316
ID: 91733.0 Distance: 4027.432926492267
ID: 92868.0 Distance: 4027.6316731107945
ID: 92805.0 Distance: 4027.7843127550855
ID: 92801.0 Distance: 4028.3994187710728
ID: 97321.0 Distance: 4028.4019120791813
ID: 90605.0 Distance: 4029.0062977544144
ID: 91776.0 Distance: 4029.871065445323
ID: 93611.0 Distance: 4030.0663303865736
ID: 92843.0 Distance: 4030.2781202942715
ID: 93274.0 Distance: 4031.160952450292
ID: 92704.0 Distance: 4031.201123305231
ID: 90602.0 Distance: 4031.8236414410717
ID: 91109.0 Distance: 4032.0371918617448
ID: 91754.0 Distance: 4033.0810842727547
ID: 91801.0 Distance: 4033.641145416066
ID: 90640.0 Distance: 4033.7917076973986
ID: 91209.0 Distance: 4033.9389890149964
ID: 92804.0 Distance: 4034.536590652448
ID: 91754.0 Distance: 4035.1873996293834
ID: 92708.0 Distance: 4035.1913296548105
ID: 97477.0 Distance: 4035.888888235346
ID: 92627.0 Distance: 4036.392224045037
ID: 97477.0 Distance: 4036.923229065252
ID: 90623.0 Distance: 4037.002123123719
ID: 92708.0 Distance: 4037.5488138478213
ID: 91206.0 Distance: 4037.8058878982597
ID: 90650.0 Distance: 4038.7287653721583
ID: 93710.0 Distance: 4038.8372406372278
ID: 92663.0 Distance: 4039.2319625152636
ID: 93306.0 Distance: 4039.4633389581672
ID: 95370.0 Distance: 4039.5317640184458
ID: 97330.0 Distance: 4039.5950269538453
ID: 93720.0 Distance: 4039.7422191624196
ID: 90033.0 Distance: 4039.761058923661
ID: 92647.0 Distance: 4039.945863297818
ID: 90023.0 Distance: 4040.2451134932576
ID: 90241.0 Distance: 4040.3528177621665
ID: 90033.0 Distance: 4040.486049906447
ID: 90033.0 Distance: 4040.4931008375506
ID: 93710.0 Distance: 4040.631325396645
ID: 90023.0 Distance: 4040.6621749659594
ID: 90242.0 Distance: 4040.884610166492
ID: 91204.0 Distance: 4041.0832468440417
ID: 90716.0 Distance: 4041.144689917156
ID: 90720.0 Distance: 4041.511602988003
ID: 90033.0 Distance: 4041.7014285388987
ID: 93301.0 Distance: 4042.0095330876243
ID: 97401.0 Distance: 4042.0657123506176
ID: 90012.0 Distance: 4042.71187307022
ID: 90242.0 Distance: 4042.832901208089
ID: 95667.0 Distance: 4043.2243268058337
ID: 93301.0 Distance: 4043.563861435024
ID: 93308.0 Distance: 4043.804234760913
ID: 93215.0 Distance: 4043.9259765926013
ID: 95945.0 Distance: 4044.011112391712
ID: 93721.0 Distance: 4044.4763673381467
ID: 90026.0 Distance: 4044.5191781864123
ID: 93301.0 Distance: 4044.6346085061928
ID: 93308.0 Distance: 4045.084893709859
ID: 90255.0 Distance: 4045.247146846364
ID: 90017.0 Distance: 4045.381229780758
ID: 90027.0 Distance: 4045.404153866243
ID: 90712.0 Distance: 4045.458275949977
ID: 91505.0 Distance: 4045.589857172166
ID: 90057.0 Distance: 4045.6593917977734
ID: 90027.0 Distance: 4045.6744444660085
ID: 90015.0 Distance: 4046.3264794410165
ID: 90262.0 Distance: 4046.4400637365775
ID: 91342.0 Distance: 4046.9166495053805
ID: 91352.0 Distance: 4047.011266432527
ID: 90028.0 Distance: 4048.2790955463424
ID: 90804.0 Distance: 4048.774952326238
ID: 90059.0 Distance: 4050.1676114540674
ID: 91346.0 Distance: 4050.3487740107967
ID: 91402.0 Distance: 4050.881264553674
ID: 90806.0 Distance: 4051.24578187892
ID: 90806.0 Distance: 4051.77254045766
ID: 91355.0 Distance: 4052.3075976219707
ID: 90813.0 Distance: 4052.59188690032
ID: 91402.0 Distance: 4053.0005227129845
ID: 90036.0 Distance: 4053.1265868101623
ID: 93230.0 Distance: 4053.441594038901
ID: 90048.0 Distance: 4053.8589186745858
ID: 91406.0 Distance: 4054.7868899552113
ID: 90034.0 Distance: 4055.2596832754098
ID: 91403.0 Distance: 4055.3700941791126
ID: 90247.0 Distance: 4055.8968023657594
ID: 95642.0 Distance: 4056.123845918823
ID: 93637.0 Distance: 4056.9035925136786
ID: 90301.0 Distance: 4057.4259141701677
ID: 91436.0 Distance: 4058.601526453828
ID: 90502.0 Distance: 4058.7888224789604
ID: 91325.0 Distance: 4059.3527700819127
ID: 95603.0 Distance: 4059.4509212934863
ID: 90095.0 Distance: 4059.7674889416558
ID: 90710.0 Distance: 4061.181368066345
ID: 91356.0 Distance: 4061.644848187906
ID: 90291.0 Distance: 4063.4496789288637
ID: 90503.0 Distance: 4063.754781499367
ID: 90509.0 Distance: 4063.955572355423
ID: 90404.0 Distance: 4064.2657046622176
ID: 90732.0 Distance: 4064.477327532833
ID: 90404.0 Distance: 4064.9972344947223
ID: 95969.0 Distance: 4065.8833324527004
ID: 91367.0 Distance: 4066.3931907768333
ID: 91307.0 Distance: 4068.0446244890995
ID: 97520.0 Distance: 4070.9883212712007
ID: 95966.0 Distance: 4073.075392848578
ID: 93065.0 Distance: 4073.389221765767
ID: 95630.0 Distance: 4074.074206790014
ID: 95340.0 Distance: 4074.2373895530905
ID: 97504.0 Distance: 4075.6787091196406
ID: 97504.0 Distance: 4077.4291545771116
ID: 95661.0 Distance: 4078.3778534718936
ID: 95661.0 Distance: 4079.381952208572
ID: 95608.0 Distance: 4087.721989967157
ID: 97471.0 Distance: 4088.1930771869615
ID: 95361.0 Distance: 4088.5555083956087
ID: 91360.0 Distance: 4088.816569903337
ID: 95926.0 Distance: 4088.8378813038594
ID: 95901.0 Distance: 4091.6876440946603
ID: 95991.0 Distance: 4093.4868037384613
ID: 95825.0 Distance: 4096.864251975872
ID: 95382.0 Distance: 4097.187252494637
ID: 93010.0 Distance: 4098.297371758005
ID: 95355.0 Distance: 4100.394435224242
ID: 96001.0 Distance: 4100.471656183051
ID: 95355.0 Distance: 4101.558714969348
ID: 96001.0 Distance: 4101.564311350782
ID: 96001.0 Distance: 4102.780149514164
ID: 95819.0 Distance: 4102.961622150121
ID: 96080.0 Distance: 4103.125373691354
ID: 95350.0 Distance: 4103.526685601995
ID: 95817.0 Distance: 4103.731787827027
ID: 95816.0 Distance: 4104.283444082739
ID: 95823.0 Distance: 4104.405753811895
ID: 95823.0 Distance: 4104.5218903537225
ID: 95240.0 Distance: 4107.938125128919
ID: 93030.0 Distance: 4110.807105492008
ID: 97527.0 Distance: 4112.437640904486
ID: 95336.0 Distance: 4114.058677810263
ID: 95204.0 Distance: 4114.399118038613
ID: 95203.0 Distance: 4115.745910427756
ID: 93003.0 Distance: 4115.823209291342
ID: 93003.0 Distance: 4116.351980583816
ID: 95231.0 Distance: 4117.396942802992
ID: 93635.0 Distance: 4118.165405091229
ID: 95337.0 Distance: 4118.16768493485
ID: 95695.0 Distance: 4126.604406815399
ID: 95616.0 Distance: 4129.03347448466
ID: 95376.0 Distance: 4135.747272008121
ID: 93102.0 Distance: 4147.153981623448
ID: 95688.0 Distance: 4149.7433704458135
ID: 97420.0 Distance: 4151.075791361292
ID: 93111.0 Distance: 4154.069149106407
ID: 94531.0 Distance: 4154.675980249523
ID: 94509.0 Distance: 4155.6137443931875
ID: 94533.0 Distance: 4163.755018688133
ID: 95023.0 Distance: 4171.300619891974
ID: 94588.0 Distance: 4174.1479756375065
ID: 94520.0 Distance: 4174.29575097929
ID: 93465.0 Distance: 4175.050289776377
ID: 94583.0 Distance: 4176.9567635490685
ID: 95020.0 Distance: 4177.438493640534
ID: 94598.0 Distance: 4177.864520363844
ID: 93454.0 Distance: 4178.559856964719
ID: 93930.0 Distance: 4178.827777730154
ID: 94596.0 Distance: 4180.190384034017
ID: 94553.0 Distance: 4181.353400930683
ID: 94558.0 Distance: 4181.3841564643135
ID: 93401.0 Distance: 4182.481552534062
ID: 93405.0 Distance: 4183.034732168809
ID: 94589.0 Distance: 4184.597511592
ID: 94589.0 Distance: 4185.6489940245165
ID: 95116.0 Distance: 4185.848754747491
ID: 94574.0 Distance: 4186.751906915205
ID: 95119.0 Distance: 4187.208586647264
ID: 94538.0 Distance: 4187.873312493141
ID: 94538.0 Distance: 4188.060538942014
ID: 94546.0 Distance: 4190.996014869275
ID: 94545.0 Distance: 4193.5772086249945
ID: 95128.0 Distance: 4194.621142733392
ID: 94578.0 Distance: 4194.706213077825
ID: 95128.0 Distance: 4194.853349759924
ID: 93436.0 Distance: 4195.701766469655
ID: 95476.0 Distance: 4196.53725248809
ID: 94577.0 Distance: 4196.686030575803
ID: 93906.0 Distance: 4197.571026683834
ID: 94705.0 Distance: 4197.861066994216
ID: 95431.0 Distance: 4198.031324554638
ID: 94602.0 Distance: 4198.190110046833
ID: 95431.0 Distance: 4198.391112995661
ID: 95124.0 Distance: 4198.6092936660225
ID: 95051.0 Distance: 4199.147604362729
ID: 94611.0 Distance: 4199.312933628106
ID: 94609.0 Distance: 4199.757722015273
ID: 95076.0 Distance: 4200.369275033192
ID: 93901.0 Distance: 4200.373886052793
ID: 95531.0 Distance: 4201.288631478599
ID: 94501.0 Distance: 4201.46624618827
ID: 94040.0 Distance: 4204.305909449871
ID: 94025.0 Distance: 4206.765219537118
ID: 95405.0 Distance: 4209.115088411996
ID: 94305.0 Distance: 4209.300001453709
ID: 95403.0 Distance: 4210.035877455368
ID: 94063.0 Distance: 4210.841392281123
ID: 95403.0 Distance: 4211.104850862946
ID: 94954.0 Distance: 4211.367468213077
ID: 94945.0 Distance: 4212.103967564947
ID: 95065.0 Distance: 4212.718062349599
ID: 94133.0 Distance: 4212.7222276603925
ID: 95065.0 Distance: 4213.205402361702
ID: 94109.0 Distance: 4213.601764186339
ID: 94062.0 Distance: 4213.746473130088
ID: 94110.0 Distance: 4214.066343026201
ID: 94115.0 Distance: 4214.721755978247
ID: 94403.0 Distance: 4215.139111072052
ID: 94903.0 Distance: 4215.65204137603
ID: 94110.0 Distance: 4215.775704162627
ID: 94117.0 Distance: 4215.950505156246
ID: 94115.0 Distance: 4216.036685244081
ID: 94904.0 Distance: 4216.569766551868
ID: 94117.0 Distance: 4217.270878573715
ID: 94143.0 Distance: 4218.060069712733
ID: 94010.0 Distance: 4219.272088688048
ID: 95472.0 Distance: 4220.583701328208
ID: 95482.0 Distance: 4220.659401836278
ID: 94080.0 Distance: 4221.009720140032
ID: 94015.0 Distance: 4222.932081237551
ID: 95521.0 Distance: 4224.630510453028
ID: 93940.0 Distance: 4225.721959901447
ID: 95501.0 Distance: 4232.782814363249
ID: 99801.0 Distance: 4565.67565351915
ID: 99701.0 Distance: 5179.495884733805
ID: 99645.0 Distance: 5323.66464255557
ID: 99508.0 Distance: 5361.619730826814
ID: 99508.0 Distance: 5362.365118493236
ID: 99508.0 Distance: 5362.369809325851
ID: 99669.0 Distance: 5448.026273829313
ID: 99559.0 Distance: 5986.006780829159
ID: 96720.0 Distance: 7951.028957205451
ID: 96743.0 Distance: 7974.50102175882
ID: 96793.0 Distance: 7980.8410526970065
ID: 96750.0 Distance: 8030.292150053352
ID: 96734.0 Distance: 8048.280320190449
ID: 96817.0 Distance: 8060.350072076127
ID: 96819.0 Distance: 8060.944074754117
ID: 96813.0 Distance: 8061.078345690011
ID: 96813.0 Distance: 8061.19213746572
ID: 96786.0 Distance: 8061.555802478944
ID: 96701.0 Distance: 8062.59217323333
ID: 96766.0 Distance: 8134.552523875766
ID: 24014.0 Distance: 17206.269494594017
Provider ID: 10001
setUpConnection
]]></system-out>
  <system-err><![CDATA[]]></system-err>
</testsuite>
